#
# There is insufficient memory for the Java Runtime Environment to continue.
# Native memory allocation (malloc) failed to allocate 645536 bytes for Chunk::new
# Possible reasons:
#   The system is out of physical RAM or swap space
#   In 32 bit mode, the process size limit was hit
# Possible solutions:
#   Reduce memory load on the system
#   Increase physical memory or swap space
#   Check if swap backing store is full
#   Use 64 bit Java on a 64 bit OS
#   Decrease Java heap size (-Xmx/-Xms)
#   Decrease number of Java threads
#   Decrease Java thread stack sizes (-Xss)
#   Set larger code cache with -XX:ReservedCodeCacheSize=
# This output file may be truncated or incomplete.
#
#  Out of Memory Error (allocation.cpp:390), pid=10524, tid=0x0000000000001178
#
# JRE version: Java(TM) SE Runtime Environment (8.0_92-b14) (build 1.8.0_92-b14)
# Java VM: Java HotSpot(TM) 64-Bit Server VM (25.92-b14 mixed mode windows-amd64 compressed oops)
# Failed to write core dump. Minidumps are not enabled by default on client versions of Windows
#

---------------  T H R E A D  ---------------

Current thread (0x000000001716d000):  JavaThread "C2 CompilerThread1" daemon [_thread_in_native, id=4472, stack(0x0000000018540000,0x0000000018640000)]

Stack: [0x0000000018540000,0x0000000018640000]
[error occurred during error reporting (printing stack bounds), id 0xc0000005]

Native frames: (J=compiled Java code, j=interpreted, Vv=VM code, C=native code)


Current CompileTask:
C2:   2666 1293       4       com.android.dx.ssa.SCCP::simulateBranch (666 bytes)


---------------  P R O C E S S  ---------------

Java Threads: ( => current thread )
  0x0000000018c5a000 JavaThread "pool-2-thread-4" [_thread_blocked, id=12364, stack(0x0000000019940000,0x0000000019a40000)]
  0x0000000018c58000 JavaThread "pool-2-thread-3" [_thread_blocked, id=5524, stack(0x0000000019840000,0x0000000019940000)]
  0x0000000018c4d800 JavaThread "pool-2-thread-2" [_thread_in_Java, id=10164, stack(0x0000000019740000,0x0000000019840000)]
  0x0000000018c3e000 JavaThread "pool-3-thread-1" [_thread_blocked, id=11256, stack(0x0000000019640000,0x0000000019740000)]
  0x0000000018c3c800 JavaThread "pool-2-thread-1" [_thread_blocked, id=11740, stack(0x0000000019540000,0x0000000019640000)]
  0x00000000171fb800 JavaThread "Service Thread" daemon [_thread_blocked, id=5508, stack(0x0000000018840000,0x0000000018940000)]
  0x0000000017176000 JavaThread "C1 CompilerThread3" daemon [_thread_in_vm, id=7940, stack(0x0000000018740000,0x0000000018840000)]
  0x0000000017172000 JavaThread "C2 CompilerThread2" daemon [_thread_in_native, id=5100, stack(0x0000000018640000,0x0000000018740000)]
=>0x000000001716d000 JavaThread "C2 CompilerThread1" daemon [_thread_in_native, id=4472, stack(0x0000000018540000,0x0000000018640000)]
  0x0000000017167000 JavaThread "C2 CompilerThread0" daemon [_thread_in_native, id=3944, stack(0x0000000018440000,0x0000000018540000)]
  0x0000000017156000 JavaThread "Attach Listener" daemon [_thread_blocked, id=4200, stack(0x0000000018340000,0x0000000018440000)]
  0x0000000017162800 JavaThread "Signal Dispatcher" daemon [_thread_blocked, id=7636, stack(0x0000000018240000,0x0000000018340000)]
  0x0000000017111800 JavaThread "Finalizer" daemon [_thread_blocked, id=12992, stack(0x0000000018050000,0x0000000018150000)]
  0x00000000170e6000 JavaThread "Reference Handler" daemon [_thread_blocked, id=14148, stack(0x0000000017f50000,0x0000000018050000)]
  0x0000000003167800 JavaThread "main" [_thread_in_vm, id=9260, stack(0x0000000002fc0000,0x00000000030c0000)]

Other Threads:
  0x0000000015d82800 VMThread [stack: 0x0000000017e50000,0x0000000017f50000] [id=10108]
  0x0000000017223800 WatcherThread [stack: 0x0000000018940000,0x0000000018a40000] [id=11596]

VM state:not at safepoint (normal execution)

VM Mutex/Monitor currently owned by a thread: None

Heap:
 PSYoungGen      total 38400K, used 15204K [0x00000000eab00000, 0x00000000ef600000, 0x0000000100000000)
  eden space 33280K, 30% used [0x00000000eab00000,0x00000000eb4df360,0x00000000ecb80000)
  from space 5120K, 99% used [0x00000000ecb80000,0x00000000ed079fb0,0x00000000ed080000)
  to   space 5120K, 0% used [0x00000000ef100000,0x00000000ef100000,0x00000000ef600000)
 ParOldGen       total 87552K, used 1544K [0x00000000c0000000, 0x00000000c5580000, 0x00000000eab00000)
  object space 87552K, 1% used [0x00000000c0000000,0x00000000c0182108,0x00000000c5580000)
 Metaspace       used 6070K, capacity 6962K, committed 7040K, reserved 1056768K
  class space    used 597K, capacity 618K, committed 640K, reserved 1048576K

Card table byte_map: [0x0000000012620000,0x0000000012830000] byte_map_base: 0x0000000012020000

Marking Bits: (ParMarkBitMap*) 0x000000005eea64f0
 Begin Bits: [0x0000000013190000, 0x0000000014190000)
 End Bits:   [0x0000000014190000, 0x0000000015190000)

Polling page: 0x0000000001520000

CodeCache: size=245760Kb used=5520Kb max_used=5520Kb free=240239Kb
 bounds [0x0000000003260000, 0x00000000037d0000, 0x0000000012260000]
 total_blobs=1643 nmethods=1375 adapters=181
 compilation: enabled

Compilation events (10 events):
Event: 2.642 Thread 0x0000000017176000 1375       3       com.android.dx.rop.type.StdTypeList::equalContents (56 bytes)
Event: 2.642 Thread 0x0000000017176000 nmethod 1375 0x00000000037bbc50 code [0x00000000037bbe20, 0x00000000037bc6e8]
Event: 2.647 Thread 0x0000000017176000 1378       3       java.util.HashMap$EntryIterator::next (5 bytes)
Event: 2.647 Thread 0x0000000017176000 nmethod 1378 0x00000000037b79d0 code [0x00000000037b7b40, 0x00000000037b7e28]
Event: 2.647 Thread 0x0000000017176000 1379       3       java.util.HashMap$EntryIterator::next (5 bytes)
Event: 2.647 Thread 0x0000000017176000 nmethod 1379 0x00000000037ab5d0 code [0x00000000037ab740, 0x00000000037ab948]
Event: 2.654 Thread 0x0000000017176000 1381       3       com.android.dx.rop.code.BasicBlockList$RegCountVisitor::visitThrowingInsn (6 bytes)
Event: 2.654 Thread 0x0000000017176000 nmethod 1381 0x00000000037bb8d0 code [0x00000000037bba40, 0x00000000037bbbc8]
Event: 2.661 Thread 0x0000000017176000 1382       3       com.android.dx.util.ByteArray::getByte0 (12 bytes)
Event: 2.662 Thread 0x0000000017176000 nmethod 1382 0x00000000037bb510 code [0x00000000037bb660, 0x00000000037bb7d0]

GC Heap History (2 events):
Event: 2.277 GC heap before
{Heap before GC invocations=1 (full 0):
 PSYoungGen      total 38400K, used 33280K [0x00000000eab00000, 0x00000000ed580000, 0x0000000100000000)
  eden space 33280K, 100% used [0x00000000eab00000,0x00000000ecb80000,0x00000000ecb80000)
  from space 5120K, 0% used [0x00000000ed080000,0x00000000ed080000,0x00000000ed580000)
  to   space 5120K, 0% used [0x00000000ecb80000,0x00000000ecb80000,0x00000000ed080000)
 ParOldGen       total 87552K, used 0K [0x00000000c0000000, 0x00000000c5580000, 0x00000000eab00000)
  object space 87552K, 0% used [0x00000000c0000000,0x00000000c0000000,0x00000000c5580000)
 Metaspace       used 5990K, capacity 6898K, committed 7040K, reserved 1056768K
  class space    used 596K, capacity 618K, committed 640K, reserved 1048576K
Event: 2.317 GC heap after
Heap after GC invocations=1 (full 0):
 PSYoungGen      total 38400K, used 5095K [0x00000000eab00000, 0x00000000ef600000, 0x0000000100000000)
  eden space 33280K, 0% used [0x00000000eab00000,0x00000000eab00000,0x00000000ecb80000)
  from space 5120K, 99% used [0x00000000ecb80000,0x00000000ed079fb0,0x00000000ed080000)
  to   space 5120K, 0% used [0x00000000ef100000,0x00000000ef100000,0x00000000ef600000)
 ParOldGen       total 87552K, used 1544K [0x00000000c0000000, 0x00000000c5580000, 0x00000000eab00000)
  object space 87552K, 1% used [0x00000000c0000000,0x00000000c0182108,0x00000000c5580000)
 Metaspace       used 5990K, capacity 6898K, committed 7040K, reserved 1056768K
  class space    used 596K, capacity 618K, committed 640K, reserved 1048576K
}

Deoptimization events (10 events):
Event: 1.438 Thread 0x0000000018c58000 Uncommon trap: reason=class_check action=maybe_recompile pc=0x00000000034c2130 method=com.android.dx.ssa.NormalSsaInsn.accept(Lcom/android/dx/ssa/SsaInsn$Visitor;)V @ 9
Event: 1.438 Thread 0x0000000018c58000 Uncommon trap: reason=class_check action=maybe_recompile pc=0x00000000034c2130 method=com.android.dx.ssa.NormalSsaInsn.accept(Lcom/android/dx/ssa/SsaInsn$Visitor;)V @ 9
Event: 1.542 Thread 0x0000000018c58000 Uncommon trap: reason=class_check action=maybe_recompile pc=0x00000000034fda30 method=com.android.dx.ssa.NormalSsaInsn.accept(Lcom/android/dx/ssa/SsaInsn$Visitor;)V @ 9
Event: 1.543 Thread 0x0000000018c58000 Uncommon trap: reason=class_check action=maybe_recompile pc=0x00000000034c2130 method=com.android.dx.ssa.NormalSsaInsn.accept(Lcom/android/dx/ssa/SsaInsn$Visitor;)V @ 9
Event: 1.644 Thread 0x0000000018c3c800 Uncommon trap: reason=unstable_if action=reinterpret pc=0x0000000003534dc4 method=java.util.HashMap.getNode(ILjava/lang/Object;)Ljava/util/HashMap$Node; @ 129
Event: 2.370 Thread 0x0000000018c4d800 Uncommon trap: reason=class_check action=maybe_recompile pc=0x00000000037578c8 method=com.android.dx.cf.code.BytecodeArray.parseInstruction(ILcom/android/dx/cf/code/BytecodeArray$Visitor;)I @ 1627
Event: 2.659 Thread 0x0000000018c4d800 Uncommon trap: reason=bimorphic action=maybe_recompile pc=0x0000000003758cf4 method=com.android.dx.cf.code.BytecodeArray.parseInstruction(ILcom/android/dx/cf/code/BytecodeArray$Visitor;)I @ 2135
Event: 2.659 Thread 0x0000000018c4d800 Uncommon trap: reason=bimorphic action=maybe_recompile pc=0x0000000003758cf4 method=com.android.dx.cf.code.BytecodeArray.parseInstruction(ILcom/android/dx/cf/code/BytecodeArray$Visitor;)I @ 2135
Event: 2.661 Thread 0x0000000018c4d800 Uncommon trap: reason=bimorphic action=maybe_recompile pc=0x0000000003758cf4 method=com.android.dx.cf.code.BytecodeArray.parseInstruction(ILcom/android/dx/cf/code/BytecodeArray$Visitor;)I @ 2135
Event: 2.661 Thread 0x0000000018c4d800 Uncommon trap: reason=bimorphic action=maybe_recompile pc=0x0000000003758cf4 method=com.android.dx.cf.code.BytecodeArray.parseInstruction(ILcom/android/dx/cf/code/BytecodeArray$Visitor;)I @ 2135

Internal exceptions (2 events):
Event: 0.110 Thread 0x0000000003167800 Exception <a 'java/lang/NoSuchMethodError': Method sun.misc.Unsafe.defineClass(Ljava/lang/String;[BII)Ljava/lang/Class; name or signature does not match> (0x00000000eab07cc0) thrown at [D:\re\workspace\8-2-build-windows-amd64-cygwin\jdk8u92\6642\hotspot\sraÚ-¢è=¼?
Event: 0.110 Thread 0x0000000003167800 Exception <a 'java/lang/NoSuchMethodError': Method sun.misc.Unsafe.prefetchRead(Ljava/lang/Object;J)V name or signature does not match> (0x00000000eab07fa8) thrown at [D:\re\workspace\8-2-build-windows-amd64-cygwin\jdk8u92\6642\hotspot\src\share\vm\prims\j

Events (10 events):
Event: 2.659 Thread 0x0000000018c4d800 DEOPT UNPACKING pc=0x00000000032a582a sp=0x000000001983e630 mode 2
Event: 2.659 Thread 0x0000000018c4d800 Uncommon trap: trap_request=0xffffffc6 fr.pc=0x0000000003758cf4
Event: 2.659 Thread 0x0000000018c4d800 DEOPT PACKING pc=0x0000000003758cf4 sp=0x000000001983e6a0
Event: 2.659 Thread 0x0000000018c4d800 DEOPT UNPACKING pc=0x00000000032a582a sp=0x000000001983e630 mode 2
Event: 2.661 Thread 0x0000000018c4d800 Uncommon trap: trap_request=0xffffffc6 fr.pc=0x0000000003758cf4
Event: 2.661 Thread 0x0000000018c4d800 DEOPT PACKING pc=0x0000000003758cf4 sp=0x000000001983e6a0
Event: 2.661 Thread 0x0000000018c4d800 DEOPT UNPACKING pc=0x00000000032a582a sp=0x000000001983e630 mode 2
Event: 2.661 Thread 0x0000000018c4d800 Uncommon trap: trap_request=0xffffffc6 fr.pc=0x0000000003758cf4
Event: 2.661 Thread 0x0000000018c4d800 DEOPT PACKING pc=0x0000000003758cf4 sp=0x000000001983e6a0
Event: 2.662 Thread 0x0000000018c4d800 DEOPT UNPACKING pc=0x00000000032a582a sp=0x000000001983e630 mode 2


Dynamic libraries:
0x00007ff63def0000 - 0x00007ff63df27000 	C:\Program Files\Java\jdk1.8.0_92\bin\java.exe
0x00007ffc9c5e0000 - 0x00007ffc9c7b1000 	C:\WINDOWS\SYSTEM32\ntdll.dll
0x00007ffc9c530000 - 0x00007ffc9c5db000 	C:\WINDOWS\System32\KERNEL32.DLL
0x00007ffc98ab0000 - 0x00007ffc98ccd000 	C:\WINDOWS\System32\KERNELBASE.dll
0x00000000608f0000 - 0x000000006099e000 	C:\Program Files\Bitdefender\Bitdefender 2016\Active Virus Control\Avc3_00379_052\avcuf64.dll
0x00007ffc96f70000 - 0x00007ffc96fea000 	C:\WINDOWS\system32\apphelp.dll
0x00007ffc6a750000 - 0x00007ffc6abd2000 	C:\WINDOWS\AppPatch\AppPatch64\AcLayers.DLL
0x00007ffc99c90000 - 0x00007ffc99d2e000 	C:\WINDOWS\System32\msvcrt.dll
0x00007ffc9aca0000 - 0x00007ffc9ae05000 	C:\WINDOWS\System32\USER32.dll
0x00007ffc98eb0000 - 0x00007ffc98ece000 	C:\WINDOWS\System32\win32u.dll
0x00007ffc9c3e0000 - 0x00007ffc9c414000 	C:\WINDOWS\System32\GDI32.dll
0x00007ffc98d20000 - 0x00007ffc98ea2000 	C:\WINDOWS\System32\gdi32full.dll
0x00007ffc99d30000 - 0x00007ffc99d82000 	C:\WINDOWS\System32\SHLWAPI.dll
0x00007ffc9a580000 - 0x00007ffc9a848000 	C:\WINDOWS\System32\combase.dll
0x00007ffc99980000 - 0x00007ffc99a75000 	C:\WINDOWS\System32\ucrtbase.dll
0x00007ffc9a450000 - 0x00007ffc9a571000 	C:\WINDOWS\System32\RPCRT4.dll
0x00007ffc99ae0000 - 0x00007ffc99b4a000 	C:\WINDOWS\System32\bcryptPrimitives.dll
0x0000000000ff0000 - 0x0000000000ff3000 	C:\WINDOWS\SYSTEM32\sfc.dll
0x00007ffc8e480000 - 0x00007ffc8e505000 	C:\WINDOWS\SYSTEM32\WINSPOOL.DRV
0x00007ffc98600000 - 0x00007ffc9862b000 	C:\WINDOWS\SYSTEM32\bcrypt.dll
0x00007ffc7d290000 - 0x00007ffc7d2a1000 	C:\WINDOWS\SYSTEM32\sfc_os.DLL
0x00007ffc94450000 - 0x00007ffc94461000 	C:\WINDOWS\SYSTEM32\SortWindows61.dll
0x00007ffc9ae10000 - 0x00007ffc9ae3e000 	C:\WINDOWS\System32\IMM32.DLL
0x00007ffc97bc0000 - 0x00007ffc97bf0000 	C:\WINDOWS\system32\DriverStore\FileRepository\nvlti.inf_amd64_03205ffa8fdea79d\nvinitx.dll
0x00007ffc9abf0000 - 0x00007ffc9ac92000 	C:\WINDOWS\System32\ADVAPI32.dll
0x00007ffc9a8b0000 - 0x00007ffc9a909000 	C:\WINDOWS\System32\sechost.dll
0x00007ffc97bb0000 - 0x00007ffc97bba000 	C:\WINDOWS\SYSTEM32\VERSION.dll
0x00007ffc9aed0000 - 0x00007ffc9c3d9000 	C:\WINDOWS\System32\Shell32.dll
0x00007ffc98cd0000 - 0x00007ffc98d12000 	C:\WINDOWS\System32\cfgmgr32.dll
0x00007ffc990a0000 - 0x00007ffc9977a000 	C:\WINDOWS\System32\windows.storage.dll
0x00007ffc98a40000 - 0x00007ffc98a8c000 	C:\WINDOWS\System32\powrprof.dll
0x00007ffc98a90000 - 0x00007ffc98a9f000 	C:\WINDOWS\System32\kernel.appcore.dll
0x00007ffc998d0000 - 0x00007ffc99979000 	C:\WINDOWS\System32\shcore.dll
0x00007ffc98a20000 - 0x00007ffc98a34000 	C:\WINDOWS\System32\profapi.dll
0x0000000061bd0000 - 0x0000000061bd6000 	C:\Program Files\NVIDIA Corporation\CoProcManager\_etoured.dll
0x00007ffc94870000 - 0x00007ffc948ab000 	C:\Program Files\NVIDIA Corporation\CoProcManager\nvd3d9wrapx.dll
0x00007ffc99d90000 - 0x00007ffc9a1b9000 	C:\WINDOWS\System32\SETUPAPI.dll
0x00007ffc94840000 - 0x00007ffc94864000 	C:\Program Files\NVIDIA Corporation\CoProcManager\nvdxgiwrapx.dll
0x00007ffc8ee70000 - 0x00007ffc8f0e9000 	C:\WINDOWS\WinSxS\amd64_microsoft.windows.common-controls_6595b64144ccf1df_6.0.14393.447_none_42191651c6827bb3\COMCTL32.dll
0x0000000060390000 - 0x0000000060462000 	C:\Program Files\Java\jdk1.8.0_92\jre\bin\msvcr100.dll
0x000000005e690000 - 0x000000005ef26000 	C:\Program Files\Java\jdk1.8.0_92\jre\bin\server\jvm.dll
0x00007ffc9a280000 - 0x00007ffc9a288000 	C:\WINDOWS\System32\PSAPI.DLL
0x00007ffc8c600000 - 0x00007ffc8c609000 	C:\WINDOWS\SYSTEM32\WSOCK32.dll
0x00007ffc9a910000 - 0x00007ffc9a97a000 	C:\WINDOWS\System32\WS2_32.dll
0x00007ffc96990000 - 0x00007ffc969b3000 	C:\WINDOWS\SYSTEM32\WINMM.dll
0x00007ffc96810000 - 0x00007ffc9683b000 	C:\WINDOWS\SYSTEM32\WINMMBASE.dll
0x0000000060380000 - 0x000000006038f000 	C:\Program Files\Java\jdk1.8.0_92\jre\bin\verify.dll
0x000000005e660000 - 0x000000005e689000 	C:\Program Files\Java\jdk1.8.0_92\jre\bin\java.dll
0x0000000060360000 - 0x0000000060376000 	C:\Program Files\Java\jdk1.8.0_92\jre\bin\zip.dll

VM Arguments:
jvm_args: -Djava.awt.headless=true -Xmx1024M -Dfile.encoding=windows-1252 -Duser.country=US -Duser.language=en -Duser.variant 
java_command: com.android.dx.command.Main --dex --force-jumbo --num-threads=4 --multi-dex --output C:\Users\kikkos\AndroidStudioProjects\Udacity\SunshineWear\wear\build\intermediates\transforms\dex\debug\folders\1000\10\com.google.android.gms-play-services-wearable-10.0.1_03a3091083ba2723d3a8b962562f8f58cd551238 C:\Users\kikkos\AndroidStudioProjects\Udacity\SunshineWear\wear\build\intermediates\exploded-aar\com.google.android.gms\play-services-wearable\10.0.1\jars\classes.jar
java_class_path (initial): C:\Users\kikkos\AppData\Local\Android\sdk\build-tools\23.0.3\lib\dx.jar
Launcher Type: SUN_STANDARD

Environment Variables:
JAVA_HOME=C:\Program Files\Java\jdk1.8.0_92
PATH=C:\Program Files (x86)\Intel\iCLS Client\;C:\Program Files\Intel\iCLS Client\;C:\ProgramData\Oracle\Java\javapath;C:\Program Files\ImageMagick-6.8.9-Q16;C:\WINDOWS\system32;C:\WINDOWS;C:\WINDOWS\System32\Wbem;C:\Program Files\Lenovo\Bluetooth Software\;C:\Program Files\Lenovo\Bluetooth Software\syswow64;C:\Program Files\Intel\WiFi\bin\;C:\Program Files\Common Files\Intel\WirelessCommon\;C:\Program Files\Microsoft\Web Platform Installer\;C:\WINDOWS\System32\WindowsPowerShell\v1.0\;C:\Program Files\Microsoft SQL Server\110\Tools\Binn\;C:\Program Files\Sublime Text 2;C:\Program Files (x86)\Heroku\bin;C:\Program Files\Intel\Intel(R) Management Engine Components\DAL;C:\Program Files\Intel\Intel(R) Management Engine Components\IPT;C:\Program Files (x86)\Intel\Intel(R) Management Engine Components\DAL;C:\Program Files (x86)\Intel\Intel(R) Management Engine Components\IPT;C:\Program Files (x86)\NVIDIA Corporation\PhysX\Common;C:\WINDOWS\system32;C:\WINDOWS;C:\WINDOWS\System32\Wbem;C:\WINDOWS\System32\WindowsPowerShell\v1.0\;C:\Program Files (x86)\Skype\Phone\;C:\Ruby23-x64\bin;C:\Program Files (x86)\MySQL\MySQL Fabric 1.5 & MySQL Utilities 1.5\;C:\Program Files (x86)\MySQL\MySQL Fabric 1.5 & MySQL Utilities 1.5\Doctrine extensions for PHP\;C:\Program Files\MySQL\MySQL Server 5.7\bin;C:\RailsInstaller\Ruby2.2.0\bin;C:\Users\kikkos\AppData\Local\GitHub\PortableGit_d76a6a98c9315931ec4927243517bc09e9b731a0\cmd;C:\Users\kikkos\AppData\Local\Android\sdk\platform-tools;C:\cURL\bin;C:\Program Files\Intel\WiFi\bin\;C:\Program Files\Common Files\Intel\WirelessCommon\;C:\sqlite;C:\Users\kikkos\AppData\Local\Microsoft\WindowsApps;C:\Program Files\Java\jdk1.8.0_92\bin;C:\gradle-3.2.1\bin\
USERNAME=kikkos



---------------  S Y S T E M  ---------------

OS: Windows 10.0 , 64 bit Build 14393 (10.0.14393.0)

CPU:total 8 (4 cores per cpu, 2 threads per core) family 6 model 42 stepping 7, cmov, cx8, fxsr, mmx, sse, sse2, sse3, ssse3, sse4.1, sse4.2, popcnt, avx, aes, clmul, ht, tsc, tscinvbit

Memory: 4k page, physical 8300684k(1491264k free), swap 8505484k(5120k free)

vm_info: Java HotSpot(TM) 64-Bit Server VM (25.92-b14) for windows-amd64 JRE (1.8.0_92-b14), built on Mar 31 2016 21:03:04 by "java_re" with MS VC++ 10.0 (VS2010)

time: Thu Dec 29 15:05:54 2016
elapsed time: 2 seconds (0d 0h 0m 2s)

