#
# There is insufficient memory for the Java Runtime Environment to continue.
# Native memory allocation (malloc) failed to allocate 32784 bytes for Chunk::new
# Possible reasons:
#   The system is out of physical RAM or swap space
#   In 32 bit mode, the process size limit was hit
# Possible solutions:
#   Reduce memory load on the system
#   Increase physical memory or swap space
#   Check if swap backing store is full
#   Use 64 bit Java on a 64 bit OS
#   Decrease Java heap size (-Xmx/-Xms)
#   Decrease number of Java threads
#   Decrease Java thread stack sizes (-Xss)
#   Set larger code cache with -XX:ReservedCodeCacheSize=
# This output file may be truncated or incomplete.
#
#  Out of Memory Error (allocation.cpp:390), pid=9584, tid=0x0000000000003ac0
#
# JRE version: Java(TM) SE Runtime Environment (8.0_92-b14) (build 1.8.0_92-b14)
# Java VM: Java HotSpot(TM) 64-Bit Server VM (25.92-b14 mixed mode windows-amd64 compressed oops)
# Failed to write core dump. Minidumps are not enabled by default on client versions of Windows
#

---------------  T H R E A D  ---------------

Current thread (0x0000000016e86000):  JavaThread "C2 CompilerThread0" daemon [_thread_in_native, id=15040, stack(0x0000000018160000,0x0000000018260000)]

Stack: [0x0000000018160000,0x0000000018260000]
[error occurred during error reporting (printing stack bounds), id 0xc0000005]

Native frames: (J=compiled Java code, j=interpreted, Vv=VM code, C=native code)


Current CompileTask:
C2:   3467 1750       4       com.android.dx.cf.code.RopperMachine::jopToRopOpcode (1103 bytes)


---------------  P R O C E S S  ---------------

Java Threads: ( => current thread )
  0x00000000189e3800 JavaThread "pool-2-thread-4" [_thread_in_vm, id=12928, stack(0x0000000019460000,0x0000000019560000)]
  0x00000000189d6800 JavaThread "pool-2-thread-3" [_thread_blocked, id=8216, stack(0x0000000019360000,0x0000000019460000)]
  0x00000000189c3800 JavaThread "pool-2-thread-2" [_thread_blocked, id=7564, stack(0x0000000019260000,0x0000000019360000)]
  0x000000001896d800 JavaThread "pool-3-thread-1" [_thread_blocked, id=11300, stack(0x0000000019160000,0x0000000019260000)]
  0x000000001896a000 JavaThread "pool-2-thread-1" [_thread_blocked, id=12892, stack(0x0000000019060000,0x0000000019160000)]
  0x0000000016e9b000 JavaThread "Service Thread" daemon [_thread_blocked, id=1044, stack(0x0000000018560000,0x0000000018660000)]
  0x0000000016e95000 JavaThread "C1 CompilerThread3" daemon [_thread_blocked, id=13276, stack(0x0000000018460000,0x0000000018560000)]
  0x0000000016e8d000 JavaThread "C2 CompilerThread2" daemon [_thread_in_native, id=6372, stack(0x0000000018360000,0x0000000018460000)]
  0x0000000016e88000 JavaThread "C2 CompilerThread1" daemon [_thread_in_native, id=11232, stack(0x0000000018260000,0x0000000018360000)]
=>0x0000000016e86000 JavaThread "C2 CompilerThread0" daemon [_thread_in_native, id=15040, stack(0x0000000018160000,0x0000000018260000)]
  0x0000000016e80800 JavaThread "Attach Listener" daemon [_thread_blocked, id=7988, stack(0x0000000018060000,0x0000000018160000)]
  0x0000000016e7f800 JavaThread "Signal Dispatcher" daemon [_thread_blocked, id=14268, stack(0x0000000017f60000,0x0000000018060000)]
  0x0000000016e2f800 JavaThread "Finalizer" daemon [_thread_blocked, id=14032, stack(0x0000000017d70000,0x0000000017e70000)]
  0x0000000016e04000 JavaThread "Reference Handler" daemon [_thread_blocked, id=2780, stack(0x0000000017c70000,0x0000000017d70000)]
  0x0000000002e97800 JavaThread "main" [_thread_in_Java, id=8532, stack(0x0000000002d00000,0x0000000002e00000)]

Other Threads:
  0x0000000015aaf800 VMThread [stack: 0x0000000017b70000,0x0000000017c70000] [id=9968]
  0x0000000016f09800 WatcherThread [stack: 0x0000000018660000,0x0000000018760000] [id=12880]

VM state:not at safepoint (normal execution)

VM Mutex/Monitor currently owned by a thread: None

Heap:
 PSYoungGen      total 71680K, used 8253K [0x00000000eab00000, 0x00000000ef600000, 0x0000000100000000)
  eden space 66560K, 4% used [0x00000000eab00000,0x00000000eae106f8,0x00000000eec00000)
  from space 5120K, 99% used [0x00000000ef100000,0x00000000ef5ff0c8,0x00000000ef600000)
  to   space 5120K, 0% used [0x00000000eec00000,0x00000000eec00000,0x00000000ef100000)
 ParOldGen       total 87552K, used 15475K [0x00000000c0000000, 0x00000000c5580000, 0x00000000eab00000)
  object space 87552K, 17% used [0x00000000c0000000,0x00000000c0f1cf00,0x00000000c5580000)
 Metaspace       used 6347K, capacity 7128K, committed 7424K, reserved 1056768K
  class space    used 624K, capacity 656K, committed 768K, reserved 1048576K

Card table byte_map: [0x0000000012350000,0x0000000012560000] byte_map_base: 0x0000000011d50000

Marking Bits: (ParMarkBitMap*) 0x0000000071e364f0
 Begin Bits: [0x0000000012ec0000, 0x0000000013ec0000)
 End Bits:   [0x0000000013ec0000, 0x0000000014ec0000)

Polling page: 0x00000000012b0000

CodeCache: size=245760Kb used=6739Kb max_used=6747Kb free=239020Kb
 bounds [0x0000000002f90000, 0x0000000003630000, 0x0000000011f90000]
 total_blobs=1965 nmethods=1696 adapters=182
 compilation: enabled

Compilation events (10 events):
Event: 3.218 Thread 0x0000000016e95000 1777       2       com.android.dx.dex.file.EncodedField::<init> (25 bytes)
Event: 3.218 Thread 0x0000000016e95000 nmethod 1777 0x0000000003621350 code [0x00000000036214c0, 0x00000000036216e8]
Event: 3.220 Thread 0x0000000016e95000 1780       2       com.android.dx.util.Hex::u2 (44 bytes)
Event: 3.221 Thread 0x0000000016e95000 nmethod 1780 0x0000000003620b90 code [0x0000000003620d20, 0x0000000003621178]
Event: 3.224 Thread 0x0000000016e86000 nmethod 1734 0x000000000362c790 code [0x000000000362c920, 0x000000000362d0a8]
Event: 3.225 Thread 0x0000000016e86000 1738       4       com.android.dx.rop.cst.Constant::compareTo (33 bytes)
Event: 3.226 Thread 0x0000000016e86000 nmethod 1738 0x00000000036294d0 code [0x0000000003629620, 0x00000000036297f8]
Event: 3.226 Thread 0x0000000016e86000 1750       4       com.android.dx.cf.code.RopperMachine::jopToRopOpcode (1103 bytes)
Event: 3.462 Thread 0x0000000016e95000 1781       2       com.android.dx.command.dexer.Main::access$1400 (4 bytes)
Event: 3.462 Thread 0x0000000016e95000 nmethod 1781 0x00000000035f9190 code [0x00000000035f92e0, 0x00000000035f9410]

GC Heap History (8 events):
Event: 1.745 GC heap before
{Heap before GC invocations=1 (full 0):
 PSYoungGen      total 38400K, used 33280K [0x00000000eab00000, 0x00000000ed580000, 0x0000000100000000)
  eden space 33280K, 100% used [0x00000000eab00000,0x00000000ecb80000,0x00000000ecb80000)
  from space 5120K, 0% used [0x00000000ed080000,0x00000000ed080000,0x00000000ed580000)
  to   space 5120K, 0% used [0x00000000ecb80000,0x00000000ecb80000,0x00000000ed080000)
 ParOldGen       total 87552K, used 0K [0x00000000c0000000, 0x00000000c5580000, 0x00000000eab00000)
  object space 87552K, 0% used [0x00000000c0000000,0x00000000c0000000,0x00000000c5580000)
 Metaspace       used 5920K, capacity 6834K, committed 7040K, reserved 1056768K
  class space    used 599K, capacity 618K, committed 640K, reserved 1048576K
Event: 1.758 GC heap after
Heap after GC invocations=1 (full 0):
 PSYoungGen      total 38400K, used 5098K [0x00000000eab00000, 0x00000000ed580000, 0x0000000100000000)
  eden space 33280K, 0% used [0x00000000eab00000,0x00000000eab00000,0x00000000ecb80000)
  from space 5120K, 99% used [0x00000000ecb80000,0x00000000ed07abc0,0x00000000ed080000)
  to   space 5120K, 0% used [0x00000000ed080000,0x00000000ed080000,0x00000000ed580000)
 ParOldGen       total 87552K, used 1469K [0x00000000c0000000, 0x00000000c5580000, 0x00000000eab00000)
  object space 87552K, 1% used [0x00000000c0000000,0x00000000c016f568,0x00000000c5580000)
 Metaspace       used 5920K, capacity 6834K, committed 7040K, reserved 1056768K
  class space    used 599K, capacity 618K, committed 640K, reserved 1048576K
}
Event: 2.099 GC heap before
{Heap before GC invocations=2 (full 0):
 PSYoungGen      total 38400K, used 38378K [0x00000000eab00000, 0x00000000ed580000, 0x0000000100000000)
  eden space 33280K, 100% used [0x00000000eab00000,0x00000000ecb80000,0x00000000ecb80000)
  from space 5120K, 99% used [0x00000000ecb80000,0x00000000ed07abc0,0x00000000ed080000)
  to   space 5120K, 0% used [0x00000000ed080000,0x00000000ed080000,0x00000000ed580000)
 ParOldGen       total 87552K, used 1469K [0x00000000c0000000, 0x00000000c5580000, 0x00000000eab00000)
  object space 87552K, 1% used [0x00000000c0000000,0x00000000c016f568,0x00000000c5580000)
 Metaspace       used 6198K, capacity 7064K, committed 7424K, reserved 1056768K
  class space    used 620K, capacity 656K, committed 768K, reserved 1048576K
Event: 2.181 GC heap after
Heap after GC invocations=2 (full 0):
 PSYoungGen      total 38400K, used 5117K [0x00000000eab00000, 0x00000000ef600000, 0x0000000100000000)
  eden space 33280K, 0% used [0x00000000eab00000,0x00000000eab00000,0x00000000ecb80000)
  from space 5120K, 99% used [0x00000000ed080000,0x00000000ed57f6d0,0x00000000ed580000)
  to   space 5120K, 0% used [0x00000000ecb80000,0x00000000ecb80000,0x00000000ed080000)
 ParOldGen       total 87552K, used 5686K [0x00000000c0000000, 0x00000000c5580000, 0x00000000eab00000)
  object space 87552K, 6% used [0x00000000c0000000,0x00000000c058d8c0,0x00000000c5580000)
 Metaspace       used 6198K, capacity 7064K, committed 7424K, reserved 1056768K
  class space    used 620K, capacity 656K, committed 768K, reserved 1048576K
}
Event: 2.734 GC heap before
{Heap before GC invocations=3 (full 0):
 PSYoungGen      total 38400K, used 38397K [0x00000000eab00000, 0x00000000ef600000, 0x0000000100000000)
  eden space 33280K, 100% used [0x00000000eab00000,0x00000000ecb80000,0x00000000ecb80000)
  from space 5120K, 99% used [0x00000000ed080000,0x00000000ed57f6d0,0x00000000ed580000)
  to   space 5120K, 0% used [0x00000000ecb80000,0x00000000ecb80000,0x00000000ed080000)
 ParOldGen       total 87552K, used 5686K [0x00000000c0000000, 0x00000000c5580000, 0x00000000eab00000)
  object space 87552K, 6% used [0x00000000c0000000,0x00000000c058d8c0,0x00000000c5580000)
 Metaspace       used 6290K, capacity 7128K, committed 7424K, reserved 1056768K
  class space    used 624K, capacity 656K, committed 768K, reserved 1048576K
Event: 2.904 GC heap after
Heap after GC invocations=3 (full 0):
 PSYoungGen      total 38400K, used 5088K [0x00000000eab00000, 0x00000000ef600000, 0x0000000100000000)
  eden space 33280K, 0% used [0x00000000eab00000,0x00000000eab00000,0x00000000ecb80000)
  from space 5120K, 99% used [0x00000000ecb80000,0x00000000ed0781d0,0x00000000ed080000)
  to   space 5120K, 0% used [0x00000000ef100000,0x00000000ef100000,0x00000000ef600000)
 ParOldGen       total 87552K, used 10718K [0x00000000c0000000, 0x00000000c5580000, 0x00000000eab00000)
  object space 87552K, 12% used [0x00000000c0000000,0x00000000c0a77a50,0x00000000c5580000)
 Metaspace       used 6290K, capacity 7128K, committed 7424K, reserved 1056768K
  class space    used 624K, capacity 656K, committed 768K, reserved 1048576K
}
Event: 3.234 GC heap before
{Heap before GC invocations=4 (full 0):
 PSYoungGen      total 38400K, used 38368K [0x00000000eab00000, 0x00000000ef600000, 0x0000000100000000)
  eden space 33280K, 100% used [0x00000000eab00000,0x00000000ecb80000,0x00000000ecb80000)
  from space 5120K, 99% used [0x00000000ecb80000,0x00000000ed0781d0,0x00000000ed080000)
  to   space 5120K, 0% used [0x00000000ef100000,0x00000000ef100000,0x00000000ef600000)
 ParOldGen       total 87552K, used 10718K [0x00000000c0000000, 0x00000000c5580000, 0x00000000eab00000)
  object space 87552K, 12% used [0x00000000c0000000,0x00000000c0a77a50,0x00000000c5580000)
 Metaspace       used 6346K, capacity 7128K, committed 7424K, reserved 1056768K
  class space    used 624K, capacity 656K, committed 768K, reserved 1048576K
Event: 3.462 GC heap after
Heap after GC invocations=4 (full 0):
 PSYoungGen      total 71680K, used 5116K [0x00000000eab00000, 0x00000000ef600000, 0x0000000100000000)
  eden space 66560K, 0% used [0x00000000eab00000,0x00000000eab00000,0x00000000eec00000)
  from space 5120K, 99% used [0x00000000ef100000,0x00000000ef5ff0c8,0x00000000ef600000)
  to   space 5120K, 0% used [0x00000000eec00000,0x00000000eec00000,0x00000000ef100000)
 ParOldGen       total 87552K, used 15475K [0x00000000c0000000, 0x00000000c5580000, 0x00000000eab00000)
  object space 87552K, 17% used [0x00000000c0000000,0x00000000c0f1cf00,0x00000000c5580000)
 Metaspace       used 6346K, capacity 7128K, committed 7424K, reserved 1056768K
  class space    used 624K, capacity 656K, committed 768K, reserved 1048576K
}

Deoptimization events (10 events):
Event: 1.996 Thread 0x00000000189c3800 Uncommon trap: reason=unstable_if action=reinterpret pc=0x0000000003347084 method=java.util.HashMap.getNode(ILjava/lang/Object;)Ljava/util/HashMap$Node; @ 84
Event: 2.001 Thread 0x00000000189c3800 Uncommon trap: reason=unstable_if action=reinterpret pc=0x00000000033a39d8 method=java.util.HashMap.getNode(ILjava/lang/Object;)Ljava/util/HashMap$Node; @ 84
Event: 2.005 Thread 0x00000000189c3800 Uncommon trap: reason=unstable_if action=reinterpret pc=0x0000000003495200 method=java.util.HashMap.getNode(ILjava/lang/Object;)Ljava/util/HashMap$Node; @ 84
Event: 2.007 Thread 0x000000001896a000 Uncommon trap: reason=unstable_if action=reinterpret pc=0x00000000033f4098 method=com.android.dx.ssa.SCCP.simulateStmt(Lcom/android/dx/ssa/SsaInsn;)V @ 53
Event: 2.289 Thread 0x00000000189d6800 Uncommon trap: reason=null_check action=make_not_entrant pc=0x000000000326da6c method=com.android.dx.ssa.SsaRenamer.getLocalForNewReg(I)Lcom/android/dx/rop/code/LocalItem; @ 19
Event: 2.324 Thread 0x000000001896a000 Uncommon trap: reason=unstable_if action=reinterpret pc=0x000000000334455c method=java.util.HashMap.putVal(ILjava/lang/Object;Ljava/lang/Object;ZZ)Ljava/lang/Object; @ 162
Event: 2.354 Thread 0x00000000189c3800 Uncommon trap: reason=class_check action=maybe_recompile pc=0x00000000032fb1dc method=java.util.HashMap.putVal(ILjava/lang/Object;Ljava/lang/Object;ZZ)Ljava/lang/Object; @ 203
Event: 2.354 Thread 0x00000000189c3800 Uncommon trap: reason=class_check action=maybe_recompile pc=0x00000000032fb1dc method=java.util.HashMap.putVal(ILjava/lang/Object;Ljava/lang/Object;ZZ)Ljava/lang/Object; @ 203
Event: 2.524 Thread 0x00000000189d6800 Uncommon trap: reason=unstable_if action=reinterpret pc=0x000000000332cabc method=com.android.dx.util.IntList.binarysearch(I)I @ 105
Event: 3.016 Thread 0x000000001896a000 Uncommon trap: reason=bimorphic action=maybe_recompile pc=0x0000000003598848 method=com.android.dx.rop.code.Rops.opMoveResultPseudo(Lcom/android/dx/rop/type/TypeBearer;)Lcom/android/dx/rop/code/Rop; @ 7

Internal exceptions (8 events):
Event: 0.482 Thread 0x0000000002e97800 Exception <a 'java/lang/NoSuchMethodError': Method sun.misc.Unsafe.defineClass(Ljava/lang/String;[BII)Ljava/lang/Class; name or signature does not match> (0x00000000eab07cc0) thrown at [D:\re\workspace\8-2-build-windows-amd64-cygwin\jdk8u92\6642\hotspot\srÔ›ªºÙÞ?
Event: 0.482 Thread 0x0000000002e97800 Exception <a 'java/lang/NoSuchMethodError': Method sun.misc.Unsafe.prefetchRead(Ljava/lang/Object;J)V name or signature does not match> (0x00000000eab07fa8) thrown at [D:\re\workspace\8-2-build-windows-amd64-cygwin\jdk8u92\6642\hotspot\src\share\vm\prims\j}­Lsú?
Event: 1.653 Thread 0x000000001896a000 Implicit null exception at 0x0000000003274d62 to 0x0000000003274e52
Event: 1.902 Thread 0x00000000189e3800 Implicit null exception at 0x0000000003257114 to 0x00000000032586ed
Event: 1.991 Thread 0x00000000189c3800 Exception <a 'java/lang/ArrayIndexOutOfBoundsException': 18> (0x00000000ebf94ff8) thrown at [D:\re\workspace\8-2-build-windows-amd64-cygwin\jdk8u92\6642\hotspot\src\share\vm\interpreter\interpreterRuntime.cpp, line 366]
Event: 1.992 Thread 0x00000000189c3800 Exception <a 'java/lang/ArrayIndexOutOfBoundsException': 145> (0x00000000ebf96b78) thrown at [D:\re\workspace\8-2-build-windows-amd64-cygwin\jdk8u92\6642\hotspot\src\share\vm\interpreter\interpreterRuntime.cpp, line 366]
Event: 1.994 Thread 0x00000000189c3800 Exception <a 'java/lang/ArrayIndexOutOfBoundsException'> (0x00000000ebf97e60) thrown at [D:\re\workspace\8-2-build-windows-amd64-cygwin\jdk8u92\6642\hotspot\src\share\vm\runtime\sharedRuntime.cpp, line 605]
Event: 2.289 Thread 0x00000000189d6800 Implicit null exception at 0x000000000326bd8a to 0x000000000326da4d

Events (10 events):
Event: 2.980 Thread 0x00000000189c3800 DEOPT UNPACKING pc=0x0000000002fd787f sp=0x000000001935e820 mode 0
Event: 3.011 Thread 0x00000000189d6800 DEOPT PACKING pc=0x00000000034d8768 sp=0x000000001945ecc0
Event: 3.011 Thread 0x00000000189d6800 DEOPT UNPACKING pc=0x0000000002fd787f sp=0x000000001945eaa0 mode 0
Event: 3.016 Thread 0x000000001896a000 Uncommon trap: trap_request=0xffffffc6 fr.pc=0x0000000003598848
Event: 3.016 Thread 0x000000001896a000 DEOPT PACKING pc=0x0000000003598848 sp=0x000000001915e680
Event: 3.016 Thread 0x000000001896a000 DEOPT UNPACKING pc=0x0000000002fd582a sp=0x000000001915e5a8 mode 2
Event: 3.182 Thread 0x00000000189c3800 DEOPT PACKING pc=0x00000000034fed07 sp=0x000000001935e830
Event: 3.182 Thread 0x00000000189c3800 DEOPT UNPACKING pc=0x0000000002fd787f sp=0x000000001935e5d0 mode 0
Event: 3.229 Executing VM operation: ParallelGCFailedAllocation
Event: 3.462 Executing VM operation: ParallelGCFailedAllocation done


Dynamic libraries:
0x00007ff6cdf20000 - 0x00007ff6cdf57000 	C:\Program Files\Java\jdk1.8.0_92\bin\java.exe
0x00007ffe5d390000 - 0x00007ffe5d561000 	C:\WINDOWS\SYSTEM32\ntdll.dll
0x00007ffe5ac20000 - 0x00007ffe5accb000 	C:\WINDOWS\System32\KERNEL32.DLL
0x00007ffe59a10000 - 0x00007ffe59c2d000 	C:\WINDOWS\System32\KERNELBASE.dll
0x0000000073880000 - 0x000000007392e000 	C:\Program Files\Bitdefender\Bitdefender 2016\Active Virus Control\Avc3_00379_052\avcuf64.dll
0x00007ffe57ce0000 - 0x00007ffe57d5a000 	C:\WINDOWS\system32\apphelp.dll
0x00007ffe3e440000 - 0x00007ffe3e8c2000 	C:\WINDOWS\AppPatch\AppPatch64\AcLayers.DLL
0x00007ffe5aaa0000 - 0x00007ffe5ab3e000 	C:\WINDOWS\System32\msvcrt.dll
0x00007ffe5c490000 - 0x00007ffe5c5f5000 	C:\WINDOWS\System32\USER32.dll
0x00007ffe5a7e0000 - 0x00007ffe5a7fe000 	C:\WINDOWS\System32\win32u.dll
0x00007ffe5c3d0000 - 0x00007ffe5c404000 	C:\WINDOWS\System32\GDI32.dll
0x00007ffe5a650000 - 0x00007ffe5a7d2000 	C:\WINDOWS\System32\gdi32full.dll
0x00007ffe5c310000 - 0x00007ffe5c362000 	C:\WINDOWS\System32\SHLWAPI.dll
0x00007ffe5d060000 - 0x00007ffe5d328000 	C:\WINDOWS\System32\combase.dll
0x00007ffe5a800000 - 0x00007ffe5a8f5000 	C:\WINDOWS\System32\ucrtbase.dll
0x00007ffe5cd30000 - 0x00007ffe5ce51000 	C:\WINDOWS\System32\RPCRT4.dll
0x00007ffe5a3c0000 - 0x00007ffe5a42a000 	C:\WINDOWS\System32\bcryptPrimitives.dll
0x0000000001080000 - 0x0000000001083000 	C:\WINDOWS\SYSTEM32\sfc.dll
0x00007ffe4e440000 - 0x00007ffe4e4c5000 	C:\WINDOWS\SYSTEM32\WINSPOOL.DRV
0x00007ffe593b0000 - 0x00007ffe593db000 	C:\WINDOWS\SYSTEM32\bcrypt.dll
0x00007ffe3d290000 - 0x00007ffe3d2a1000 	C:\WINDOWS\SYSTEM32\sfc_os.DLL
0x00007ffe50970000 - 0x00007ffe50981000 	C:\WINDOWS\SYSTEM32\SortWindows61.dll
0x00007ffe5cd00000 - 0x00007ffe5cd2e000 	C:\WINDOWS\System32\IMM32.DLL
0x00007ffe58970000 - 0x00007ffe589a0000 	C:\WINDOWS\system32\DriverStore\FileRepository\nvlti.inf_amd64_03205ffa8fdea79d\nvinitx.dll
0x00007ffe5ad50000 - 0x00007ffe5adf2000 	C:\WINDOWS\System32\ADVAPI32.dll
0x00007ffe5a900000 - 0x00007ffe5a959000 	C:\WINDOWS\System32\sechost.dll
0x00007ffe58900000 - 0x00007ffe5890a000 	C:\WINDOWS\SYSTEM32\VERSION.dll
0x00007ffe5ae00000 - 0x00007ffe5c309000 	C:\WINDOWS\System32\Shell32.dll
0x00007ffe5a430000 - 0x00007ffe5a472000 	C:\WINDOWS\System32\cfgmgr32.dll
0x00007ffe59c30000 - 0x00007ffe5a30a000 	C:\WINDOWS\System32\windows.storage.dll
0x00007ffe59810000 - 0x00007ffe5985c000 	C:\WINDOWS\System32\powrprof.dll
0x00007ffe597d0000 - 0x00007ffe597df000 	C:\WINDOWS\System32\kernel.appcore.dll
0x00007ffe5a310000 - 0x00007ffe5a3b9000 	C:\WINDOWS\System32\shcore.dll
0x00007ffe597e0000 - 0x00007ffe597f4000 	C:\WINDOWS\System32\profapi.dll
0x0000000074b60000 - 0x0000000074b66000 	C:\Program Files\NVIDIA Corporation\CoProcManager\_etoured.dll
0x00007ffe54ba0000 - 0x00007ffe54bdb000 	C:\Program Files\NVIDIA Corporation\CoProcManager\nvd3d9wrapx.dll
0x00007ffe5c610000 - 0x00007ffe5ca39000 	C:\WINDOWS\System32\SETUPAPI.dll
0x00007ffe54ad0000 - 0x00007ffe54af4000 	C:\Program Files\NVIDIA Corporation\CoProcManager\nvdxgiwrapx.dll
0x00007ffe4e5d0000 - 0x00007ffe4e849000 	C:\WINDOWS\WinSxS\amd64_microsoft.windows.common-controls_6595b64144ccf1df_6.0.14393.447_none_42191651c6827bb3\COMCTL32.dll
0x0000000073320000 - 0x00000000733f2000 	C:\Program Files\Java\jdk1.8.0_92\jre\bin\msvcr100.dll
0x0000000071620000 - 0x0000000071eb6000 	C:\Program Files\Java\jdk1.8.0_92\jre\bin\server\jvm.dll
0x00007ffe5acd0000 - 0x00007ffe5acd8000 	C:\WINDOWS\System32\PSAPI.DLL
0x00007ffe4dec0000 - 0x00007ffe4dec9000 	C:\WINDOWS\SYSTEM32\WSOCK32.dll
0x00007ffe5ace0000 - 0x00007ffe5ad4a000 	C:\WINDOWS\System32\WS2_32.dll
0x00007ffe57bf0000 - 0x00007ffe57c13000 	C:\WINDOWS\SYSTEM32\WINMM.dll
0x00007ffe57b90000 - 0x00007ffe57bbb000 	C:\WINDOWS\SYSTEM32\WINMMBASE.dll
0x0000000073310000 - 0x000000007331f000 	C:\Program Files\Java\jdk1.8.0_92\jre\bin\verify.dll
0x00000000715f0000 - 0x0000000071619000 	C:\Program Files\Java\jdk1.8.0_92\jre\bin\java.dll
0x00000000732f0000 - 0x0000000073306000 	C:\Program Files\Java\jdk1.8.0_92\jre\bin\zip.dll

VM Arguments:
jvm_args: -Djava.awt.headless=true -Xmx1024M -Dfile.encoding=windows-1252 -Duser.country=US -Duser.language=en -Duser.variant 
java_command: com.android.dx.command.Main --dex --force-jumbo --num-threads=4 --multi-dex --output C:\Users\kikkos\AndroidStudioProjects\Udacity\SunshineWear\wear\build\intermediates\transforms\dex\debug\folders\1000\10\com.android.support-recyclerview-v7-23.0.1_80954e873ebbec26390f0e3fe9ce1ecf3e8843fe C:\Users\kikkos\AndroidStudioProjects\Udacity\SunshineWear\wear\build\intermediates\exploded-aar\com.android.support\recyclerview-v7\23.0.1\jars\classes.jar
java_class_path (initial): C:\Users\kikkos\AppData\Local\Android\sdk\build-tools\23.0.3\lib\dx.jar
Launcher Type: SUN_STANDARD

Environment Variables:
JAVA_HOME=C:\Program Files\Java\jdk1.8.0_92



---------------  S Y S T E M  ---------------

OS: Windows 10.0 , 64 bit Build 14393 (10.0.14393.0)

CPU:total 8 (4 cores per cpu, 2 threads per core) family 6 model 42 stepping 7, cmov, cx8, fxsr, mmx, sse, sse2, sse3, ssse3, sse4.1, sse4.2, popcnt, avx, aes, clmul, ht, tsc, tscinvbit

Memory: 4k page, physical 8300684k(2029476k free), swap 8505484k(4092k free)

vm_info: Java HotSpot(TM) 64-Bit Server VM (25.92-b14) for windows-amd64 JRE (1.8.0_92-b14), built on Mar 31 2016 21:03:04 by "java_re" with MS VC++ 10.0 (VS2010)

time: Fri Dec 30 15:02:24 2016
elapsed time: 3 seconds (0d 0h 0m 3s)

