#
# There is insufficient memory for the Java Runtime Environment to continue.
# Native memory allocation (malloc) failed to allocate 65552 bytes for Chunk::new
# Possible reasons:
#   The system is out of physical RAM or swap space
#   In 32 bit mode, the process size limit was hit
# Possible solutions:
#   Reduce memory load on the system
#   Increase physical memory or swap space
#   Check if swap backing store is full
#   Use 64 bit Java on a 64 bit OS
#   Decrease Java heap size (-Xmx/-Xms)
#   Decrease number of Java threads
#   Decrease Java thread stack sizes (-Xss)
#   Set larger code cache with -XX:ReservedCodeCacheSize=
# This output file may be truncated or incomplete.
#
#  Out of Memory Error (allocation.cpp:390), pid=10344, tid=0x00000000000027e8
#
# JRE version: Java(TM) SE Runtime Environment (8.0_92-b14) (build 1.8.0_92-b14)
# Java VM: Java HotSpot(TM) 64-Bit Server VM (25.92-b14 mixed mode windows-amd64 compressed oops)
# Failed to write core dump. Minidumps are not enabled by default on client versions of Windows
#

---------------  T H R E A D  ---------------

Current thread (0x00000000165c7000):  JavaThread "C2 CompilerThread0" daemon [_thread_in_native, id=10216, stack(0x00000000178c0000,0x00000000179c0000)]

Stack: [0x00000000178c0000,0x00000000179c0000]
[error occurred during error reporting (printing stack bounds), id 0xc0000005]

Native frames: (J=compiled Java code, j=interpreted, Vv=VM code, C=native code)


Current CompileTask:
C2:   1353 1236       4       com.android.dx.ssa.back.LivenessAnalyzer::run (231 bytes)


---------------  P R O C E S S  ---------------

Java Threads: ( => current thread )
  0x0000000018131800 JavaThread "pool-2-thread-4" [_thread_in_Java, id=11556, stack(0x0000000018bc0000,0x0000000018cc0000)]
  0x0000000018127000 JavaThread "pool-2-thread-3" [_thread_blocked, id=6872, stack(0x0000000018ac0000,0x0000000018bc0000)]
  0x00000000180f5000 JavaThread "pool-2-thread-2" [_thread_in_Java, id=12712, stack(0x00000000189c0000,0x0000000018ac0000)]
  0x00000000180ba000 JavaThread "pool-3-thread-1" [_thread_blocked, id=11032, stack(0x00000000188c0000,0x00000000189c0000)]
  0x00000000180d7000 JavaThread "pool-2-thread-1" [_thread_in_Java, id=7008, stack(0x00000000187c0000,0x00000000188c0000)]
  0x0000000016664000 JavaThread "Service Thread" daemon [_thread_blocked, id=12128, stack(0x0000000017cc0000,0x0000000017dc0000)]
  0x00000000165d6000 JavaThread "C1 CompilerThread3" daemon [_thread_in_native, id=14016, stack(0x0000000017bc0000,0x0000000017cc0000)]
  0x00000000165d2000 JavaThread "C2 CompilerThread2" daemon [_thread_in_native, id=10468, stack(0x0000000017ac0000,0x0000000017bc0000)]
  0x00000000165c9000 JavaThread "C2 CompilerThread1" daemon [_thread_in_native, id=11856, stack(0x00000000179c0000,0x0000000017ac0000)]
=>0x00000000165c7000 JavaThread "C2 CompilerThread0" daemon [_thread_in_native, id=10216, stack(0x00000000178c0000,0x00000000179c0000)]
  0x00000000165b6000 JavaThread "Attach Listener" daemon [_thread_blocked, id=10488, stack(0x00000000177c0000,0x00000000178c0000)]
  0x00000000165c2800 JavaThread "Signal Dispatcher" daemon [_thread_blocked, id=9132, stack(0x00000000176c0000,0x00000000177c0000)]
  0x0000000016571800 JavaThread "Finalizer" daemon [_thread_blocked, id=4432, stack(0x00000000174d0000,0x00000000175d0000)]
  0x0000000016546000 JavaThread "Reference Handler" daemon [_thread_blocked, id=8864, stack(0x00000000173d0000,0x00000000174d0000)]
  0x00000000025d7800 JavaThread "main" [_thread_in_Java, id=13540, stack(0x0000000002420000,0x0000000002520000)]

Other Threads:
  0x00000000151f2800 VMThread [stack: 0x00000000172d0000,0x00000000173d0000] [id=2340]
  0x0000000016681800 WatcherThread [stack: 0x0000000017dc0000,0x0000000017ec0000] [id=10628]

VM state:not at safepoint (normal execution)

VM Mutex/Monitor currently owned by a thread: None

Heap:
 PSYoungGen      total 38400K, used 22030K [0x00000000eab00000, 0x00000000ed580000, 0x0000000100000000)
  eden space 33280K, 50% used [0x00000000eab00000,0x00000000ebb844b0,0x00000000ecb80000)
  from space 5120K, 99% used [0x00000000ecb80000,0x00000000ed07f5b0,0x00000000ed080000)
  to   space 5120K, 0% used [0x00000000ed080000,0x00000000ed080000,0x00000000ed580000)
 ParOldGen       total 87552K, used 1633K [0x00000000c0000000, 0x00000000c5580000, 0x00000000eab00000)
  object space 87552K, 1% used [0x00000000c0000000,0x00000000c0198788,0x00000000c5580000)
 Metaspace       used 6056K, capacity 6964K, committed 7040K, reserved 1056768K
  class space    used 600K, capacity 620K, committed 640K, reserved 1048576K

Card table byte_map: [0x0000000011a90000,0x0000000011ca0000] byte_map_base: 0x0000000011490000

Marking Bits: (ParMarkBitMap*) 0x000000005eea64f0
 Begin Bits: [0x0000000012600000, 0x0000000013600000)
 End Bits:   [0x0000000013600000, 0x0000000014600000)

Polling page: 0x0000000002520000

CodeCache: size=245760Kb used=5064Kb max_used=5064Kb free=240695Kb
 bounds [0x00000000026d0000, 0x0000000002bd0000, 0x00000000116d0000]
 total_blobs=1564 nmethods=1295 adapters=182
 compilation: enabled

Compilation events (10 events):
Event: 1.337 Thread 0x00000000165d6000 nmethod 1299 0x0000000002ba9550 code [0x0000000002ba96a0, 0x0000000002ba9850]
Event: 1.339 Thread 0x00000000165c9000 nmethod 1278 0x0000000002bbe490 code [0x0000000002bbe640, 0x0000000002bbee38]
Event: 1.339 Thread 0x00000000165c9000 1276       4       com.android.dx.ssa.SCCP::simulateBranch (666 bytes)
Event: 1.340 Thread 0x00000000165d6000 1301       1       java.util.HashMap$Node::getKey (5 bytes)
Event: 1.340 Thread 0x00000000165d6000 nmethod 1301 0x0000000002bbe1d0 code [0x0000000002bbe320, 0x0000000002bbe430]
Event: 1.342 Thread 0x00000000165d6000 1302       3       java.util.HashMap::tableSizeFor (59 bytes)
Event: 1.342 Thread 0x00000000165d6000 nmethod 1302 0x0000000002bbddd0 code [0x0000000002bbdf40, 0x0000000002bbe150]
Event: 1.344 Thread 0x00000000165d6000 1303       3       com.android.dx.ssa.SCCP::run (298 bytes)
Event: 1.347 Thread 0x00000000165d6000 nmethod 1303 0x0000000002bbf510 code [0x0000000002bbf8e0, 0x0000000002bc1888]
Event: 1.349 Thread 0x00000000165d6000 1304       3       com.android.dx.dex.code.RopTranslator::pickOrder (400 bytes)

GC Heap History (2 events):
Event: 1.190 GC heap before
{Heap before GC invocations=1 (full 0):
 PSYoungGen      total 38400K, used 33280K [0x00000000eab00000, 0x00000000ed580000, 0x0000000100000000)
  eden space 33280K, 100% used [0x00000000eab00000,0x00000000ecb80000,0x00000000ecb80000)
  from space 5120K, 0% used [0x00000000ed080000,0x00000000ed080000,0x00000000ed580000)
  to   space 5120K, 0% used [0x00000000ecb80000,0x00000000ecb80000,0x00000000ed080000)
 ParOldGen       total 87552K, used 0K [0x00000000c0000000, 0x00000000c5580000, 0x00000000eab00000)
  object space 87552K, 0% used [0x00000000c0000000,0x00000000c0000000,0x00000000c5580000)
 Metaspace       used 5944K, capacity 6836K, committed 7040K, reserved 1056768K
  class space    used 600K, capacity 620K, committed 640K, reserved 1048576K
Event: 1.205 GC heap after
Heap after GC invocations=1 (full 0):
 PSYoungGen      total 38400K, used 5117K [0x00000000eab00000, 0x00000000ed580000, 0x0000000100000000)
  eden space 33280K, 0% used [0x00000000eab00000,0x00000000eab00000,0x00000000ecb80000)
  from space 5120K, 99% used [0x00000000ecb80000,0x00000000ed07f5b0,0x00000000ed080000)
  to   space 5120K, 0% used [0x00000000ed080000,0x00000000ed080000,0x00000000ed580000)
 ParOldGen       total 87552K, used 1633K [0x00000000c0000000, 0x00000000c5580000, 0x00000000eab00000)
  object space 87552K, 1% used [0x00000000c0000000,0x00000000c0198788,0x00000000c5580000)
 Metaspace       used 5944K, capacity 6836K, committed 7040K, reserved 1056768K
  class space    used 600K, capacity 620K, committed 640K, reserved 1048576K
}

Deoptimization events (10 events):
Event: 1.181 Thread 0x0000000018127000 Uncommon trap: reason=unstable_if action=reinterpret pc=0x00000000029eeb1c method=com.android.dx.rop.code.RegisterSpecSet.put(Lcom/android/dx/rop/code/RegisterSpec;)V @ 77
Event: 1.249 Thread 0x0000000018131800 Uncommon trap: reason=bimorphic action=maybe_recompile pc=0x000000000290f248 method=java.util.HashMap.getNode(ILjava/lang/Object;)Ljava/util/HashMap$Node; @ 126
Event: 1.249 Thread 0x0000000018131800 Uncommon trap: reason=class_check action=maybe_recompile pc=0x0000000002a8fd0c method=java.util.HashMap.putVal(ILjava/lang/Object;Ljava/lang/Object;ZZ)Ljava/lang/Object; @ 203
Event: 1.262 Thread 0x0000000018131800 Uncommon trap: reason=bimorphic action=maybe_recompile pc=0x000000000290f248 method=java.util.HashMap.getNode(ILjava/lang/Object;)Ljava/util/HashMap$Node; @ 126
Event: 1.262 Thread 0x0000000018131800 Uncommon trap: reason=class_check action=maybe_recompile pc=0x0000000002a8fd0c method=java.util.HashMap.putVal(ILjava/lang/Object;Ljava/lang/Object;ZZ)Ljava/lang/Object; @ 203
Event: 1.262 Thread 0x0000000018131800 Uncommon trap: reason=bimorphic action=maybe_recompile pc=0x000000000290f248 method=java.util.HashMap.getNode(ILjava/lang/Object;)Ljava/util/HashMap$Node; @ 126
Event: 1.263 Thread 0x0000000018131800 Uncommon trap: reason=class_check action=maybe_recompile pc=0x0000000002a8fd0c method=java.util.HashMap.putVal(ILjava/lang/Object;Ljava/lang/Object;ZZ)Ljava/lang/Object; @ 203
Event: 1.263 Thread 0x0000000018131800 Uncommon trap: reason=bimorphic action=maybe_recompile pc=0x00000000028d9fa8 method=java.util.HashMap.getNode(ILjava/lang/Object;)Ljava/util/HashMap$Node; @ 126
Event: 1.263 Thread 0x0000000018131800 Uncommon trap: reason=class_check action=maybe_recompile pc=0x0000000002a8c29c method=java.util.HashMap.putVal(ILjava/lang/Object;Ljava/lang/Object;ZZ)Ljava/lang/Object; @ 203
Event: 1.263 Thread 0x0000000018131800 Uncommon trap: reason=unstable_if action=reinterpret pc=0x0000000002a0621c method=com.android.dx.rop.cst.Constant.compareTo(Lcom/android/dx/rop/cst/Constant;)I @ 12

Internal exceptions (3 events):
Event: 0.074 Thread 0x00000000025d7800 Exception <a 'java/lang/NoSuchMethodError': Method sun.misc.Unsafe.defineClass(Ljava/lang/String;[BII)Ljava/lang/Class; name or signature does not match> (0x00000000eab07cc0) thrown at [D:\re\workspace\8-2-build-windows-amd64-cygwin\jdk8u92\6642\hotspot\srïu1"
³?
Event: 0.075 Thread 0x00000000025d7800 Exception <a 'java/lang/NoSuchMethodError': Method sun.misc.Unsafe.prefetchRead(Ljava/lang/Object;J)V name or signature does not match> (0x00000000eab07fa8) thrown at [D:\re\workspace\8-2-build-windows-amd64-cygwin\jdk8u92\6642\hotspot\src\share\vm\prims\j‘+G/Øð?
Event: 1.053 Thread 0x0000000018127000 Implicit null exception at 0x0000000002993362 to 0x0000000002993452

Events (10 events):
Event: 1.263 Thread 0x0000000018131800 Uncommon trap: trap_request=0xffffffde fr.pc=0x0000000002a8c29c
Event: 1.263 Thread 0x0000000018131800 DEOPT PACKING pc=0x0000000002a8c29c sp=0x0000000018cbe480
Event: 1.263 Thread 0x0000000018131800 DEOPT UNPACKING pc=0x000000000271582a sp=0x0000000018cbe438 mode 2
Event: 1.263 Thread 0x0000000018131800 Uncommon trap: trap_request=0xffffff65 fr.pc=0x0000000002a0621c
Event: 1.263 Thread 0x0000000018131800 DEOPT PACKING pc=0x0000000002a0621c sp=0x0000000018cbe210
Event: 1.263 Thread 0x0000000018131800 DEOPT UNPACKING pc=0x000000000271582a sp=0x0000000018cbe1b0 mode 2
Event: 1.264 Thread 0x0000000018127000 DEOPT PACKING pc=0x0000000002a60fd0 sp=0x0000000018bbea80
Event: 1.264 Thread 0x0000000018127000 DEOPT UNPACKING pc=0x000000000271787f sp=0x0000000018bbe860 mode 0
Event: 1.300 Thread 0x0000000018127000 DEOPT PACKING pc=0x0000000002a60fd0 sp=0x0000000018bbea40
Event: 1.300 Thread 0x0000000018127000 DEOPT UNPACKING pc=0x000000000271787f sp=0x0000000018bbe820 mode 0


Dynamic libraries:
0x00007ff63def0000 - 0x00007ff63df27000 	C:\Program Files\Java\jdk1.8.0_92\bin\java.exe
0x00007ffc9c5e0000 - 0x00007ffc9c7b1000 	C:\WINDOWS\SYSTEM32\ntdll.dll
0x00007ffc9c530000 - 0x00007ffc9c5db000 	C:\WINDOWS\System32\KERNEL32.DLL
0x00007ffc98ab0000 - 0x00007ffc98ccd000 	C:\WINDOWS\System32\KERNELBASE.dll
0x00000000608f0000 - 0x000000006099e000 	C:\Program Files\Bitdefender\Bitdefender 2016\Active Virus Control\Avc3_00379_052\avcuf64.dll
0x00007ffc96f70000 - 0x00007ffc96fea000 	C:\WINDOWS\system32\apphelp.dll
0x00007ffc6a750000 - 0x00007ffc6abd2000 	C:\WINDOWS\AppPatch\AppPatch64\AcLayers.DLL
0x00007ffc99c90000 - 0x00007ffc99d2e000 	C:\WINDOWS\System32\msvcrt.dll
0x00007ffc9aca0000 - 0x00007ffc9ae05000 	C:\WINDOWS\System32\USER32.dll
0x00007ffc98eb0000 - 0x00007ffc98ece000 	C:\WINDOWS\System32\win32u.dll
0x00007ffc9c3e0000 - 0x00007ffc9c414000 	C:\WINDOWS\System32\GDI32.dll
0x00007ffc98d20000 - 0x00007ffc98ea2000 	C:\WINDOWS\System32\gdi32full.dll
0x00007ffc99d30000 - 0x00007ffc99d82000 	C:\WINDOWS\System32\SHLWAPI.dll
0x00007ffc9a580000 - 0x00007ffc9a848000 	C:\WINDOWS\System32\combase.dll
0x00007ffc99980000 - 0x00007ffc99a75000 	C:\WINDOWS\System32\ucrtbase.dll
0x00007ffc9a450000 - 0x00007ffc9a571000 	C:\WINDOWS\System32\RPCRT4.dll
0x00007ffc99ae0000 - 0x00007ffc99b4a000 	C:\WINDOWS\System32\bcryptPrimitives.dll
0x00000000003e0000 - 0x00000000003e3000 	C:\WINDOWS\SYSTEM32\sfc.dll
0x00007ffc8e480000 - 0x00007ffc8e505000 	C:\WINDOWS\SYSTEM32\WINSPOOL.DRV
0x00007ffc98600000 - 0x00007ffc9862b000 	C:\WINDOWS\SYSTEM32\bcrypt.dll
0x00007ffc7d290000 - 0x00007ffc7d2a1000 	C:\WINDOWS\SYSTEM32\sfc_os.DLL
0x00007ffc94450000 - 0x00007ffc94461000 	C:\WINDOWS\SYSTEM32\SortWindows61.dll
0x00007ffc9ae10000 - 0x00007ffc9ae3e000 	C:\WINDOWS\System32\IMM32.DLL
0x00007ffc97bc0000 - 0x00007ffc97bf0000 	C:\WINDOWS\system32\DriverStore\FileRepository\nvlti.inf_amd64_03205ffa8fdea79d\nvinitx.dll
0x00007ffc9abf0000 - 0x00007ffc9ac92000 	C:\WINDOWS\System32\ADVAPI32.dll
0x00007ffc9a8b0000 - 0x00007ffc9a909000 	C:\WINDOWS\System32\sechost.dll
0x00007ffc97bb0000 - 0x00007ffc97bba000 	C:\WINDOWS\SYSTEM32\VERSION.dll
0x00007ffc9aed0000 - 0x00007ffc9c3d9000 	C:\WINDOWS\System32\Shell32.dll
0x00007ffc98cd0000 - 0x00007ffc98d12000 	C:\WINDOWS\System32\cfgmgr32.dll
0x00007ffc990a0000 - 0x00007ffc9977a000 	C:\WINDOWS\System32\windows.storage.dll
0x00007ffc98a40000 - 0x00007ffc98a8c000 	C:\WINDOWS\System32\powrprof.dll
0x00007ffc98a90000 - 0x00007ffc98a9f000 	C:\WINDOWS\System32\kernel.appcore.dll
0x00007ffc998d0000 - 0x00007ffc99979000 	C:\WINDOWS\System32\shcore.dll
0x00007ffc98a20000 - 0x00007ffc98a34000 	C:\WINDOWS\System32\profapi.dll
0x0000000061bd0000 - 0x0000000061bd6000 	C:\Program Files\NVIDIA Corporation\CoProcManager\_etoured.dll
0x00007ffc94870000 - 0x00007ffc948ab000 	C:\Program Files\NVIDIA Corporation\CoProcManager\nvd3d9wrapx.dll
0x00007ffc99d90000 - 0x00007ffc9a1b9000 	C:\WINDOWS\System32\SETUPAPI.dll
0x00007ffc94840000 - 0x00007ffc94864000 	C:\Program Files\NVIDIA Corporation\CoProcManager\nvdxgiwrapx.dll
0x00007ffc8ee70000 - 0x00007ffc8f0e9000 	C:\WINDOWS\WinSxS\amd64_microsoft.windows.common-controls_6595b64144ccf1df_6.0.14393.447_none_42191651c6827bb3\COMCTL32.dll
0x0000000060390000 - 0x0000000060462000 	C:\Program Files\Java\jdk1.8.0_92\jre\bin\msvcr100.dll
0x000000005e690000 - 0x000000005ef26000 	C:\Program Files\Java\jdk1.8.0_92\jre\bin\server\jvm.dll
0x00007ffc9a280000 - 0x00007ffc9a288000 	C:\WINDOWS\System32\PSAPI.DLL
0x00007ffc8c600000 - 0x00007ffc8c609000 	C:\WINDOWS\SYSTEM32\WSOCK32.dll
0x00007ffc9a910000 - 0x00007ffc9a97a000 	C:\WINDOWS\System32\WS2_32.dll
0x00007ffc96990000 - 0x00007ffc969b3000 	C:\WINDOWS\SYSTEM32\WINMM.dll
0x00007ffc96810000 - 0x00007ffc9683b000 	C:\WINDOWS\SYSTEM32\WINMMBASE.dll
0x0000000060380000 - 0x000000006038f000 	C:\Program Files\Java\jdk1.8.0_92\jre\bin\verify.dll
0x000000005e660000 - 0x000000005e689000 	C:\Program Files\Java\jdk1.8.0_92\jre\bin\java.dll
0x0000000060360000 - 0x0000000060376000 	C:\Program Files\Java\jdk1.8.0_92\jre\bin\zip.dll

VM Arguments:
jvm_args: -Djava.awt.headless=true -Xmx1024M -Dfile.encoding=windows-1252 -Duser.country=US -Duser.language=en -Duser.variant 
java_command: com.android.dx.command.Main --dex --force-jumbo --num-threads=4 --multi-dex --output C:\Users\kikkos\AndroidStudioProjects\Udacity\SunshineWear\wear\build\intermediates\transforms\dex\debug\folders\1000\10\com.android.support-recyclerview-v7-23.0.1_80954e873ebbec26390f0e3fe9ce1ecf3e8843fe C:\Users\kikkos\AndroidStudioProjects\Udacity\SunshineWear\wear\build\intermediates\exploded-aar\com.android.support\recyclerview-v7\23.0.1\jars\classes.jar
java_class_path (initial): C:\Users\kikkos\AppData\Local\Android\sdk\build-tools\23.0.3\lib\dx.jar
Launcher Type: SUN_STANDARD

Environment Variables:
JAVA_HOME=C:\Program Files\Java\jdk1.8.0_92
PATH=C:\Program Files (x86)\Intel\iCLS Client\;C:\Program Files\Intel\iCLS Client\;C:\ProgramData\Oracle\Java\javapath;C:\Program Files\ImageMagick-6.8.9-Q16;C:\WINDOWS\system32;C:\WINDOWS;C:\WINDOWS\System32\Wbem;C:\Program Files\Lenovo\Bluetooth Software\;C:\Program Files\Lenovo\Bluetooth Software\syswow64;C:\Program Files\Intel\WiFi\bin\;C:\Program Files\Common Files\Intel\WirelessCommon\;C:\Program Files\Microsoft\Web Platform Installer\;C:\WINDOWS\System32\WindowsPowerShell\v1.0\;C:\Program Files\Microsoft SQL Server\110\Tools\Binn\;C:\Program Files\Sublime Text 2;C:\Program Files (x86)\Heroku\bin;C:\Program Files\Intel\Intel(R) Management Engine Components\DAL;C:\Program Files\Intel\Intel(R) Management Engine Components\IPT;C:\Program Files (x86)\Intel\Intel(R) Management Engine Components\DAL;C:\Program Files (x86)\Intel\Intel(R) Management Engine Components\IPT;C:\Program Files (x86)\NVIDIA Corporation\PhysX\Common;C:\WINDOWS\system32;C:\WINDOWS;C:\WINDOWS\System32\Wbem;C:\WINDOWS\System32\WindowsPowerShell\v1.0\;C:\Program Files (x86)\Skype\Phone\;C:\Ruby23-x64\bin;C:\Program Files (x86)\MySQL\MySQL Fabric 1.5 & MySQL Utilities 1.5\;C:\Program Files (x86)\MySQL\MySQL Fabric 1.5 & MySQL Utilities 1.5\Doctrine extensions for PHP\;C:\Program Files\MySQL\MySQL Server 5.7\bin;C:\RailsInstaller\Ruby2.2.0\bin;C:\Users\kikkos\AppData\Local\GitHub\PortableGit_d76a6a98c9315931ec4927243517bc09e9b731a0\cmd;C:\Users\kikkos\AppData\Local\Android\sdk\platform-tools;C:\cURL\bin;C:\Program Files\Intel\WiFi\bin\;C:\Program Files\Common Files\Intel\WirelessCommon\;C:\sqlite;C:\Users\kikkos\AppData\Local\Microsoft\WindowsApps;C:\Program Files\Java\jdk1.8.0_92\bin;C:\gradle-3.2.1\bin\
USERNAME=kikkos
OS=Windows_NT
PROCESSOR_IDENTIFIER=Intel64 Family 6 Model 42 Stepping 7, GenuineIntel



---------------  S Y S T E M  ---------------

OS: Windows 10.0 , 64 bit Build 14393 (10.0.14393.0)

CPU:total 8 (4 cores per cpu, 2 threads per core) family 6 model 42 stepping 7, cmov, cx8, fxsr, mmx, sse, sse2, sse3, ssse3, sse4.1, sse4.2, popcnt, avx, aes, clmul, ht, tsc, tscinvbit

Memory: 4k page, physical 8300684k(2032480k free), swap 8505484k(3120k free)

vm_info: Java HotSpot(TM) 64-Bit Server VM (25.92-b14) for windows-amd64 JRE (1.8.0_92-b14), built on Mar 31 2016 21:03:04 by "java_re" with MS VC++ 10.0 (VS2010)

time: Thu Dec 29 15:22:38 2016
elapsed time: 1 seconds (0d 0h 0m 1s)

