#
# There is insufficient memory for the Java Runtime Environment to continue.
# Native memory allocation (malloc) failed to allocate 262160 bytes for Chunk::new
# Possible reasons:
#   The system is out of physical RAM or swap space
#   In 32 bit mode, the process size limit was hit
# Possible solutions:
#   Reduce memory load on the system
#   Increase physical memory or swap space
#   Check if swap backing store is full
#   Use 64 bit Java on a 64 bit OS
#   Decrease Java heap size (-Xmx/-Xms)
#   Decrease number of Java threads
#   Decrease Java thread stack sizes (-Xss)
#   Set larger code cache with -XX:ReservedCodeCacheSize=
# This output file may be truncated or incomplete.
#
#  Out of Memory Error (allocation.cpp:390), pid=11336, tid=0x00000000000016a8
#
# JRE version: Java(TM) SE Runtime Environment (8.0_92-b14) (build 1.8.0_92-b14)
# Java VM: Java HotSpot(TM) 64-Bit Server VM (25.92-b14 mixed mode windows-amd64 compressed oops)
# Failed to write core dump. Minidumps are not enabled by default on client versions of Windows
#

---------------  T H R E A D  ---------------

Current thread (0x0000000016a59000):  JavaThread "C2 CompilerThread1" daemon [_thread_in_native, id=5800, stack(0x0000000017e40000,0x0000000017f40000)]

Stack: [0x0000000017e40000,0x0000000017f40000]
[error occurred during error reporting (printing stack bounds), id 0xc0000005]

Native frames: (J=compiled Java code, j=interpreted, Vv=VM code, C=native code)


Current CompileTask:
C2:   2247 1394   !   4       com.android.dx.cf.cst.ConstantPoolParser::parse0 (731 bytes)


---------------  P R O C E S S  ---------------

Java Threads: ( => current thread )
  0x000000001878b000 JavaThread "pool-2-thread-4" [_thread_blocked, id=2992, stack(0x0000000019240000,0x0000000019340000)]
  0x0000000018781800 JavaThread "pool-2-thread-3" [_thread_in_Java, id=8972, stack(0x0000000019140000,0x0000000019240000)]
  0x000000001875b800 JavaThread "pool-2-thread-2" [_thread_in_Java, id=2176, stack(0x0000000019040000,0x0000000019140000)]
  0x000000001873f000 JavaThread "pool-3-thread-1" [_thread_blocked, id=9708, stack(0x0000000018f40000,0x0000000019040000)]
  0x000000001873d800 JavaThread "pool-2-thread-1" [_thread_blocked, id=3152, stack(0x0000000018e40000,0x0000000018f40000)]
  0x0000000016ac5800 JavaThread "Service Thread" daemon [_thread_blocked, id=11828, stack(0x0000000018140000,0x0000000018240000)]
  0x0000000016ac0000 JavaThread "C1 CompilerThread3" daemon [_thread_blocked, id=11732, stack(0x0000000018040000,0x0000000018140000)]
  0x0000000016ab8800 JavaThread "C2 CompilerThread2" daemon [_thread_in_native, id=4120, stack(0x0000000017f40000,0x0000000018040000)]
=>0x0000000016a59000 JavaThread "C2 CompilerThread1" daemon [_thread_in_native, id=5800, stack(0x0000000017e40000,0x0000000017f40000)]
  0x0000000016a57000 JavaThread "C2 CompilerThread0" daemon [_thread_in_native, id=11648, stack(0x0000000017d40000,0x0000000017e40000)]
  0x0000000016a46000 JavaThread "Attach Listener" daemon [_thread_blocked, id=8076, stack(0x0000000017c40000,0x0000000017d40000)]
  0x0000000016a52800 JavaThread "Signal Dispatcher" daemon [_thread_blocked, id=11572, stack(0x0000000017b40000,0x0000000017c40000)]
  0x0000000016a01800 JavaThread "Finalizer" daemon [_thread_blocked, id=3108, stack(0x0000000017950000,0x0000000017a50000)]
  0x00000000169d6000 JavaThread "Reference Handler" daemon [_thread_blocked, id=7360, stack(0x0000000017850000,0x0000000017950000)]
  0x0000000002a57800 JavaThread "main" [_thread_in_Java, id=9992, stack(0x0000000002950000,0x0000000002a50000)]

Other Threads:
  0x0000000015672800 VMThread [stack: 0x0000000017750000,0x0000000017850000] [id=8564]
  0x0000000016ac9800 WatcherThread [stack: 0x0000000018240000,0x0000000018340000] [id=10288]

VM state:not at safepoint (normal execution)

VM Mutex/Monitor currently owned by a thread: None

Heap:
 PSYoungGen      total 38400K, used 7260K [0x00000000eab00000, 0x00000000ed580000, 0x0000000100000000)
  eden space 33280K, 6% used [0x00000000eab00000,0x00000000ead1f0f8,0x00000000ecb80000)
  from space 5120K, 99% used [0x00000000ed080000,0x00000000ed578028,0x00000000ed580000)
  to   space 5120K, 0% used [0x00000000ecb80000,0x00000000ecb80000,0x00000000ed080000)
 ParOldGen       total 87552K, used 6385K [0x00000000c0000000, 0x00000000c5580000, 0x00000000eab00000)
  object space 87552K, 7% used [0x00000000c0000000,0x00000000c063c610,0x00000000c5580000)
 Metaspace       used 6208K, capacity 7090K, committed 7296K, reserved 1056768K
  class space    used 597K, capacity 618K, committed 640K, reserved 1048576K

Card table byte_map: [0x0000000011f10000,0x0000000012120000] byte_map_base: 0x0000000011910000

Marking Bits: (ParMarkBitMap*) 0x000000005ad664f0
 Begin Bits: [0x0000000012a80000, 0x0000000013a80000)
 End Bits:   [0x0000000013a80000, 0x0000000014a80000)

Polling page: 0x0000000000c70000

CodeCache: size=245760Kb used=6306Kb max_used=6311Kb free=239453Kb
 bounds [0x0000000002b50000, 0x0000000003180000, 0x0000000011b50000]
 total_blobs=1805 nmethods=1537 adapters=181
 compilation: enabled

Compilation events (10 events):
Event: 2.118 Thread 0x0000000016a57000 nmethod 1265 0x0000000003176c10 code [0x00000000031770e0, 0x000000000317aba8]
Event: 2.119 Thread 0x0000000016a57000 1482       4       com.android.dx.ssa.SsaRenamer$BlockRenamer::process (191 bytes)
Event: 2.121 Thread 0x0000000016ac0000 1547       3       com.android.dx.rop.code.Rops::pickIf (154 bytes)
Event: 2.122 Thread 0x0000000016ac0000 nmethod 1547 0x0000000003174d50 code [0x0000000003174fe0, 0x0000000003176158]
Event: 2.242 Thread 0x0000000016ac0000 1549       3       com.android.dx.ssa.PhiInsn::updateSourcesToDefinitions (68 bytes)
Event: 2.243 Thread 0x0000000016ac0000 nmethod 1549 0x0000000003173990 code [0x0000000003173ba0, 0x0000000003174738]
Event: 2.243 Thread 0x0000000016ac0000 1550       3       com.android.dx.cf.code.ByteCatchList$Item::getExceptionClass (18 bytes)
Event: 2.243 Thread 0x0000000016ac0000 nmethod 1550 0x0000000003173610 code [0x0000000003173760, 0x0000000003173910]
Event: 2.243 Thread 0x0000000016ac0000 1551       3       com.android.dx.ssa.SsaMethod::updateOneDefinition (70 bytes)
Event: 2.244 Thread 0x0000000016ac0000 nmethod 1551 0x0000000003172910 code [0x0000000003172ac0, 0x00000000031732e8]

GC Heap History (4 events):
Event: 1.730 GC heap before
{Heap before GC invocations=1 (full 0):
 PSYoungGen      total 38400K, used 33280K [0x00000000eab00000, 0x00000000ed580000, 0x0000000100000000)
  eden space 33280K, 100% used [0x00000000eab00000,0x00000000ecb80000,0x00000000ecb80000)
  from space 5120K, 0% used [0x00000000ed080000,0x00000000ed080000,0x00000000ed580000)
  to   space 5120K, 0% used [0x00000000ecb80000,0x00000000ecb80000,0x00000000ed080000)
 ParOldGen       total 87552K, used 0K [0x00000000c0000000, 0x00000000c5580000, 0x00000000eab00000)
  object space 87552K, 0% used [0x00000000c0000000,0x00000000c0000000,0x00000000c5580000)
 Metaspace       used 5989K, capacity 6898K, committed 7040K, reserved 1056768K
  class space    used 597K, capacity 618K, committed 640K, reserved 1048576K
Event: 1.746 GC heap after
Heap after GC invocations=1 (full 0):
 PSYoungGen      total 38400K, used 5109K [0x00000000eab00000, 0x00000000ed580000, 0x0000000100000000)
  eden space 33280K, 0% used [0x00000000eab00000,0x00000000eab00000,0x00000000ecb80000)
  from space 5120K, 99% used [0x00000000ecb80000,0x00000000ed07d5c0,0x00000000ed080000)
  to   space 5120K, 0% used [0x00000000ed080000,0x00000000ed080000,0x00000000ed580000)
 ParOldGen       total 87552K, used 1414K [0x00000000c0000000, 0x00000000c5580000, 0x00000000eab00000)
  object space 87552K, 1% used [0x00000000c0000000,0x00000000c01618c8,0x00000000c5580000)
 Metaspace       used 5989K, capacity 6898K, committed 7040K, reserved 1056768K
  class space    used 597K, capacity 618K, committed 640K, reserved 1048576K
}
Event: 2.199 GC heap before
{Heap before GC invocations=2 (full 0):
 PSYoungGen      total 38400K, used 38389K [0x00000000eab00000, 0x00000000ed580000, 0x0000000100000000)
  eden space 33280K, 100% used [0x00000000eab00000,0x00000000ecb80000,0x00000000ecb80000)
  from space 5120K, 99% used [0x00000000ecb80000,0x00000000ed07d5c0,0x00000000ed080000)
  to   space 5120K, 0% used [0x00000000ed080000,0x00000000ed080000,0x00000000ed580000)
 ParOldGen       total 87552K, used 1414K [0x00000000c0000000, 0x00000000c5580000, 0x00000000eab00000)
  object space 87552K, 1% used [0x00000000c0000000,0x00000000c01618c8,0x00000000c5580000)
 Metaspace       used 6203K, capacity 7090K, committed 7296K, reserved 1056768K
  class space    used 597K, capacity 618K, committed 640K, reserved 1048576K
Event: 2.240 GC heap after
Heap after GC invocations=2 (full 0):
 PSYoungGen      total 38400K, used 5088K [0x00000000eab00000, 0x00000000ed580000, 0x0000000100000000)
  eden space 33280K, 0% used [0x00000000eab00000,0x00000000eab00000,0x00000000ecb80000)
  from space 5120K, 99% used [0x00000000ed080000,0x00000000ed578028,0x00000000ed580000)
  to   space 5120K, 0% used [0x00000000ecb80000,0x00000000ecb80000,0x00000000ed080000)
 ParOldGen       total 87552K, used 6385K [0x00000000c0000000, 0x00000000c5580000, 0x00000000eab00000)
  object space 87552K, 7% used [0x00000000c0000000,0x00000000c063c610,0x00000000c5580000)
 Metaspace       used 6203K, capacity 7090K, committed 7296K, reserved 1056768K
  class space    used 597K, capacity 618K, committed 640K, reserved 1048576K
}

Deoptimization events (10 events):
Event: 1.200 Thread 0x000000001878b000 Uncommon trap: reason=bimorphic action=maybe_recompile pc=0x0000000002d7ff00 method=java.util.HashMap.getNode(ILjava/lang/Object;)Ljava/util/HashMap$Node; @ 126
Event: 1.201 Thread 0x000000001878b000 Uncommon trap: reason=bimorphic action=maybe_recompile pc=0x0000000002d7ff00 method=java.util.HashMap.getNode(ILjava/lang/Object;)Ljava/util/HashMap$Node; @ 126
Event: 1.251 Thread 0x000000001875b800 Uncommon trap: reason=class_check action=maybe_recompile pc=0x0000000002ded924 method=com.android.dx.ssa.NormalSsaInsn.accept(Lcom/android/dx/ssa/SsaInsn$Visitor;)V @ 9
Event: 1.251 Thread 0x000000001875b800 Uncommon trap: reason=class_check action=maybe_recompile pc=0x0000000002d7e2b0 method=com.android.dx.ssa.NormalSsaInsn.accept(Lcom/android/dx/ssa/SsaInsn$Visitor;)V @ 9
Event: 1.251 Thread 0x000000001875b800 Uncommon trap: reason=class_check action=maybe_recompile pc=0x0000000002d7e2b0 method=com.android.dx.ssa.NormalSsaInsn.accept(Lcom/android/dx/ssa/SsaInsn$Visitor;)V @ 9
Event: 1.254 Thread 0x000000001875b800 Uncommon trap: reason=class_check action=maybe_recompile pc=0x0000000002ded924 method=com.android.dx.ssa.NormalSsaInsn.accept(Lcom/android/dx/ssa/SsaInsn$Visitor;)V @ 9
Event: 1.254 Thread 0x000000001875b800 Uncommon trap: reason=class_check action=maybe_recompile pc=0x0000000002d7e2b0 method=com.android.dx.ssa.NormalSsaInsn.accept(Lcom/android/dx/ssa/SsaInsn$Visitor;)V @ 9
Event: 1.651 Thread 0x000000001878b000 Uncommon trap: reason=unstable_if action=reinterpret pc=0x0000000002fa10a4 method=com.android.dx.ssa.SCCP.simulateStmt(Lcom/android/dx/ssa/SsaInsn;)V @ 53
Event: 1.684 Thread 0x0000000002a57800 Uncommon trap: reason=unstable_if action=reinterpret pc=0x0000000002ee72bc method=com.android.dx.util.IntList.binarysearch(I)I @ 105
Event: 2.243 Thread 0x0000000002a57800 Uncommon trap: reason=unstable_if action=reinterpret pc=0x0000000002ed6a1c method=com.android.dx.ssa.SsaMethod.updateOneDefinition(Lcom/android/dx/ssa/SsaInsn;Lcom/android/dx/rop/code/RegisterSpec;)V @ 4

Internal exceptions (2 events):
Event: 0.108 Thread 0x0000000002a57800 Exception <a 'java/lang/NoSuchMethodError': Method sun.misc.Unsafe.defineClass(Ljava/lang/String;[BII)Ljava/lang/Class; name or signature does not match> (0x00000000eab07cc0) thrown at [D:\re\workspace\8-2-build-windows-amd64-cygwin\jdk8u92\6642\hotspot\sró<vOº»?
Event: 0.108 Thread 0x0000000002a57800 Exception <a 'java/lang/NoSuchMethodError': Method sun.misc.Unsafe.prefetchRead(Ljava/lang/Object;J)V name or signature does not match> (0x00000000eab07fa8) thrown at [D:\re\workspace\8-2-build-windows-amd64-cygwin\jdk8u92\6642\hotspot\src\share\vm\prims\j

Events (10 events):
Event: 1.809 Thread 0x0000000018781800 DEOPT UNPACKING pc=0x0000000002b9787f sp=0x000000001923e4b8 mode 0
Event: 1.845 Thread 0x000000001873d800 DEOPT PACKING pc=0x0000000002f1e504 sp=0x0000000018f3e780
Event: 1.845 Thread 0x000000001873d800 DEOPT UNPACKING pc=0x0000000002b9787f sp=0x0000000018f3e548 mode 0
Event: 2.127 Executing VM operation: ParallelGCFailedAllocation
Event: 2.240 Executing VM operation: ParallelGCFailedAllocation done
Event: 2.242 loading class com/android/dx/rop/code/RegOps
Event: 2.242 loading class com/android/dx/rop/code/RegOps done
Event: 2.243 Thread 0x0000000002a57800 Uncommon trap: trap_request=0xffffff65 fr.pc=0x0000000002ed6a1c
Event: 2.243 Thread 0x0000000002a57800 DEOPT PACKING pc=0x0000000002ed6a1c sp=0x0000000002a4e1b0
Event: 2.243 Thread 0x0000000002a57800 DEOPT UNPACKING pc=0x0000000002b9582a sp=0x0000000002a4e158 mode 2


Dynamic libraries:
0x00007ff6a3180000 - 0x00007ff6a31b7000 	C:\Program Files\Java\jdk1.8.0_92\bin\java.exe
0x00007ffaa06d0000 - 0x00007ffaa08a1000 	C:\WINDOWS\SYSTEM32\ntdll.dll
0x00007ffa9dd50000 - 0x00007ffa9ddfb000 	C:\WINDOWS\System32\KERNEL32.DLL
0x00007ffa9cf00000 - 0x00007ffa9d11d000 	C:\WINDOWS\System32\KERNELBASE.dll
0x000000005cb70000 - 0x000000005cc1e000 	C:\Program Files\Bitdefender\Bitdefender 2016\Active Virus Control\Avc3_00379_052\avcuf64.dll
0x00007ffa9b060000 - 0x00007ffa9b0da000 	C:\WINDOWS\system32\apphelp.dll
0x00007ffa5f7b0000 - 0x00007ffa5fc32000 	C:\WINDOWS\AppPatch\AppPatch64\AcLayers.DLL
0x00007ffaa0630000 - 0x00007ffaa06ce000 	C:\WINDOWS\System32\msvcrt.dll
0x00007ffa9e850000 - 0x00007ffa9e9b5000 	C:\WINDOWS\System32\USER32.dll
0x00007ffa9cd50000 - 0x00007ffa9cd6e000 	C:\WINDOWS\System32\win32u.dll
0x00007ffa9dc40000 - 0x00007ffa9dc74000 	C:\WINDOWS\System32\GDI32.dll
0x00007ffa9cd70000 - 0x00007ffa9cef2000 	C:\WINDOWS\System32\gdi32full.dll
0x00007ffa9e590000 - 0x00007ffa9e5e2000 	C:\WINDOWS\System32\SHLWAPI.dll
0x00007ffa9de00000 - 0x00007ffa9e0c8000 	C:\WINDOWS\System32\combase.dll
0x00007ffa9cc50000 - 0x00007ffa9cd45000 	C:\WINDOWS\System32\ucrtbase.dll
0x00007ffa9edc0000 - 0x00007ffa9eee1000 	C:\WINDOWS\System32\RPCRT4.dll
0x00007ffa9da70000 - 0x00007ffa9dada000 	C:\WINDOWS\System32\bcryptPrimitives.dll
0x0000000000bd0000 - 0x0000000000bd3000 	C:\WINDOWS\SYSTEM32\sfc.dll
0x00007ffa91930000 - 0x00007ffa919b5000 	C:\WINDOWS\SYSTEM32\WINSPOOL.DRV
0x00007ffa9c6f0000 - 0x00007ffa9c71b000 	C:\WINDOWS\SYSTEM32\bcrypt.dll
0x00007ffa82b30000 - 0x00007ffa82b41000 	C:\WINDOWS\SYSTEM32\sfc_os.DLL
0x00007ffa93170000 - 0x00007ffa93181000 	C:\WINDOWS\SYSTEM32\SortWindows61.dll
0x00007ffa9ebd0000 - 0x00007ffa9ebfe000 	C:\WINDOWS\System32\IMM32.DLL
0x00007ffa9bcb0000 - 0x00007ffa9bce0000 	C:\WINDOWS\system32\DriverStore\FileRepository\nvlti.inf_amd64_03205ffa8fdea79d\nvinitx.dll
0x00007ffa9ec00000 - 0x00007ffa9eca2000 	C:\WINDOWS\System32\ADVAPI32.dll
0x00007ffa9e0f0000 - 0x00007ffa9e149000 	C:\WINDOWS\System32\sechost.dll
0x00007ffa9bca0000 - 0x00007ffa9bcaa000 	C:\WINDOWS\SYSTEM32\VERSION.dll
0x00007ffa9eef0000 - 0x00007ffaa03f9000 	C:\WINDOWS\System32\Shell32.dll
0x00007ffa9db90000 - 0x00007ffa9dbd2000 	C:\WINDOWS\System32\cfgmgr32.dll
0x00007ffa9d120000 - 0x00007ffa9d7fa000 	C:\WINDOWS\System32\windows.storage.dll
0x00007ffa9cb50000 - 0x00007ffa9cb9c000 	C:\WINDOWS\System32\powrprof.dll
0x00007ffa9cb20000 - 0x00007ffa9cb2f000 	C:\WINDOWS\System32\kernel.appcore.dll
0x00007ffa9dae0000 - 0x00007ffa9db89000 	C:\WINDOWS\System32\shcore.dll
0x00007ffa9cb30000 - 0x00007ffa9cb44000 	C:\WINDOWS\System32\profapi.dll
0x000000005dff0000 - 0x000000005dff6000 	C:\Program Files\NVIDIA Corporation\CoProcManager\_etoured.dll
0x00007ffa98b40000 - 0x00007ffa98b7b000 	C:\Program Files\NVIDIA Corporation\CoProcManager\nvd3d9wrapx.dll
0x00007ffa9e150000 - 0x00007ffa9e579000 	C:\WINDOWS\System32\SETUPAPI.dll
0x00007ffa98a70000 - 0x00007ffa98a94000 	C:\Program Files\NVIDIA Corporation\CoProcManager\nvdxgiwrapx.dll
0x00007ffa92190000 - 0x00007ffa92409000 	C:\WINDOWS\WinSxS\amd64_microsoft.windows.common-controls_6595b64144ccf1df_6.0.14393.447_none_42191651c6827bb3\COMCTL32.dll
0x000000005adf0000 - 0x000000005aec2000 	C:\Program Files\Java\jdk1.8.0_92\jre\bin\msvcr100.dll
0x000000005a550000 - 0x000000005ade6000 	C:\Program Files\Java\jdk1.8.0_92\jre\bin\server\jvm.dll
0x00007ffa9e580000 - 0x00007ffa9e588000 	C:\WINDOWS\System32\PSAPI.DLL
0x00007ffa914e0000 - 0x00007ffa914e9000 	C:\WINDOWS\SYSTEM32\WSOCK32.dll
0x00007ffa9ecb0000 - 0x00007ffa9ed1a000 	C:\WINDOWS\System32\WS2_32.dll
0x00007ffa9a900000 - 0x00007ffa9a923000 	C:\WINDOWS\SYSTEM32\WINMM.dll
0x00007ffa9a760000 - 0x00007ffa9a78b000 	C:\WINDOWS\SYSTEM32\WINMMBASE.dll
0x000000005a540000 - 0x000000005a54f000 	C:\Program Files\Java\jdk1.8.0_92\jre\bin\verify.dll
0x000000005a510000 - 0x000000005a539000 	C:\Program Files\Java\jdk1.8.0_92\jre\bin\java.dll
0x000000005a4f0000 - 0x000000005a506000 	C:\Program Files\Java\jdk1.8.0_92\jre\bin\zip.dll

VM Arguments:
jvm_args: -Djava.awt.headless=true -Xmx1024M -Dfile.encoding=windows-1252 -Duser.country=US -Duser.language=en -Duser.variant 
java_command: com.android.dx.command.Main --dex --force-jumbo --num-threads=4 --multi-dex --output C:\Users\kikkos\AndroidStudioProjects\Udacity\SunshineWear\wear\build\intermediates\transforms\dex\debug\folders\1000\10\com.google.android.gms-play-services-wearable-10.0.1_03a3091083ba2723d3a8b962562f8f58cd551238 C:\Users\kikkos\AndroidStudioProjects\Udacity\SunshineWear\wear\build\intermediates\exploded-aar\com.google.android.gms\play-services-wearable\10.0.1\jars\classes.jar
java_class_path (initial): C:\Users\kikkos\AppData\Local\Android\sdk\build-tools\23.0.3\lib\dx.jar
Launcher Type: SUN_STANDARD

Environment Variables:
JAVA_HOME=C:\Program Files\Java\jdk1.8.0_92



---------------  S Y S T E M  ---------------

OS: Windows 10.0 , 64 bit Build 14393 (10.0.14393.0)

CPU:total 8 (4 cores per cpu, 2 threads per core) family 6 model 42 stepping 7, cmov, cx8, fxsr, mmx, sse, sse2, sse3, ssse3, sse4.1, sse4.2, popcnt, avx, aes, clmul, ht, tsc, tscinvbit

Memory: 4k page, physical 8300684k(2115052k free), swap 8505484k(4176k free)

vm_info: Java HotSpot(TM) 64-Bit Server VM (25.92-b14) for windows-amd64 JRE (1.8.0_92-b14), built on Mar 31 2016 21:03:04 by "java_re" with MS VC++ 10.0 (VS2010)

time: Sun Jan 01 11:34:39 2017
elapsed time: 2 seconds (0d 0h 0m 2s)

