#
# There is insufficient memory for the Java Runtime Environment to continue.
# Native memory allocation (malloc) failed to allocate 317216 bytes for Chunk::new
# Possible reasons:
#   The system is out of physical RAM or swap space
#   In 32 bit mode, the process size limit was hit
# Possible solutions:
#   Reduce memory load on the system
#   Increase physical memory or swap space
#   Check if swap backing store is full
#   Use 64 bit Java on a 64 bit OS
#   Decrease Java heap size (-Xmx/-Xms)
#   Decrease number of Java threads
#   Decrease Java thread stack sizes (-Xss)
#   Set larger code cache with -XX:ReservedCodeCacheSize=
# This output file may be truncated or incomplete.
#
#  Out of Memory Error (allocation.cpp:390), pid=13604, tid=0x000000000000264c
#
# JRE version: Java(TM) SE Runtime Environment (8.0_92-b14) (build 1.8.0_92-b14)
# Java VM: Java HotSpot(TM) 64-Bit Server VM (25.92-b14 mixed mode windows-amd64 compressed oops)
# Failed to write core dump. Minidumps are not enabled by default on client versions of Windows
#

---------------  T H R E A D  ---------------

Current thread (0x00000000168d6800):  JavaThread "C2 CompilerThread0" daemon [_thread_in_native, id=9804, stack(0x0000000017bb0000,0x0000000017cb0000)]

Stack: [0x0000000017bb0000,0x0000000017cb0000]
[error occurred during error reporting (printing stack bounds), id 0xc0000005]

Native frames: (J=compiled Java code, j=interpreted, Vv=VM code, C=native code)


Current CompileTask:
C2:    995 1011       4       com.android.dx.ssa.Dominators::eval (29 bytes)


---------------  P R O C E S S  ---------------

Java Threads: ( => current thread )
  0x000000001840a800 JavaThread "pool-2-thread-4" [_thread_in_vm, id=10648, stack(0x00000000190b0000,0x00000000191b0000)]
  0x00000000183ff800 JavaThread "pool-2-thread-3" [_thread_in_Java, id=14084, stack(0x0000000018fb0000,0x00000000190b0000)]
  0x00000000183e0800 JavaThread "pool-2-thread-2" [_thread_in_Java, id=11524, stack(0x0000000018eb0000,0x0000000018fb0000)]
  0x00000000183de800 JavaThread "pool-3-thread-1" [_thread_blocked, id=5352, stack(0x0000000018db0000,0x0000000018eb0000)]
  0x00000000183dd000 JavaThread "pool-2-thread-1" [_thread_in_Java, id=13728, stack(0x0000000018cb0000,0x0000000018db0000)]
  0x0000000016965800 JavaThread "Service Thread" daemon [_thread_blocked, id=13016, stack(0x0000000017fb0000,0x00000000180b0000)]
  0x0000000016938000 JavaThread "C1 CompilerThread3" daemon [_thread_in_vm, id=3556, stack(0x0000000017eb0000,0x0000000017fb0000)]
  0x0000000016934000 JavaThread "C2 CompilerThread2" daemon [_thread_in_native, id=12260, stack(0x0000000017db0000,0x0000000017eb0000)]
  0x00000000168dc800 JavaThread "C2 CompilerThread1" daemon [_thread_in_native, id=11912, stack(0x0000000017cb0000,0x0000000017db0000)]
=>0x00000000168d6800 JavaThread "C2 CompilerThread0" daemon [_thread_in_native, id=9804, stack(0x0000000017bb0000,0x0000000017cb0000)]
  0x00000000168d1800 JavaThread "Attach Listener" daemon [_thread_blocked, id=10800, stack(0x0000000017ab0000,0x0000000017bb0000)]
  0x00000000168d0800 JavaThread "Signal Dispatcher" daemon [_thread_blocked, id=11968, stack(0x00000000179b0000,0x0000000017ab0000)]
  0x0000000016888000 JavaThread "Finalizer" daemon [_thread_blocked, id=13484, stack(0x00000000177c0000,0x00000000178c0000)]
  0x0000000016856000 JavaThread "Reference Handler" daemon [_thread_blocked, id=4648, stack(0x00000000176c0000,0x00000000177c0000)]
  0x00000000028c7800 JavaThread "main" [_thread_in_Java, id=14672, stack(0x0000000002700000,0x0000000002800000)]

Other Threads:
  0x00000000154e2800 VMThread [stack: 0x00000000175c0000,0x00000000176c0000] [id=10876]
  0x000000001696b800 WatcherThread [stack: 0x00000000180b0000,0x00000000181b0000] [id=13892]

VM state:not at safepoint (normal execution)

VM Mutex/Monitor currently owned by a thread: None

Heap:
 PSYoungGen      total 38400K, used 27627K [0x00000000eab00000, 0x00000000ed580000, 0x0000000100000000)
  eden space 33280K, 83% used [0x00000000eab00000,0x00000000ec5faed8,0x00000000ecb80000)
  from space 5120K, 0% used [0x00000000ed080000,0x00000000ed080000,0x00000000ed580000)
  to   space 5120K, 0% used [0x00000000ecb80000,0x00000000ecb80000,0x00000000ed080000)
 ParOldGen       total 87552K, used 0K [0x00000000c0000000, 0x00000000c5580000, 0x00000000eab00000)
  object space 87552K, 0% used [0x00000000c0000000,0x00000000c0000000,0x00000000c5580000)
 Metaspace       used 5855K, capacity 6770K, committed 7040K, reserved 1056768K
  class space    used 595K, capacity 618K, committed 640K, reserved 1048576K

Card table byte_map: [0x0000000011d80000,0x0000000011f90000] byte_map_base: 0x0000000011780000

Marking Bits: (ParMarkBitMap*) 0x0000000071e364f0
 Begin Bits: [0x00000000128f0000, 0x00000000138f0000)
 End Bits:   [0x00000000138f0000, 0x00000000148f0000)

Polling page: 0x0000000000c70000

CodeCache: size=245760Kb used=3924Kb max_used=3924Kb free=241835Kb
 bounds [0x00000000029c0000, 0x0000000002da0000, 0x00000000119c0000]
 total_blobs=1280 nmethods=1012 adapters=181
 compilation: enabled

Compilation events (10 events):
Event: 0.988 Thread 0x0000000016938000 nmethod 1024 0x0000000002d89590 code [0x0000000002d89760, 0x0000000002d89d08]
Event: 0.988 Thread 0x0000000016938000 1025       3       com.android.dx.rop.cst.CstString::getType (4 bytes)
Event: 0.988 Thread 0x0000000016938000 nmethod 1025 0x0000000002d8a110 code [0x0000000002d8a260, 0x0000000002d8a3b0]
Event: 0.988 Thread 0x0000000016938000 1026       3       com.android.dx.cf.code.Simulator$SimVisitor::visitLocal (329 bytes)
Event: 0.992 Thread 0x0000000016938000 nmethod 1026 0x0000000002d8a450 code [0x0000000002d8a840, 0x0000000002d8d098]
Event: 0.992 Thread 0x0000000016938000 1033       3       com.android.dx.rop.code.PlainCstInsn::accept (8 bytes)
Event: 0.992 Thread 0x0000000016938000 nmethod 1033 0x0000000002d8e950 code [0x0000000002d8eac0, 0x0000000002d8ece8]
Event: 0.992 Thread 0x0000000016938000 1029       3       com.android.dx.rop.type.Prototype::<init> (67 bytes)
Event: 0.992 Thread 0x0000000016938000 nmethod 1029 0x0000000002d8edd0 code [0x0000000002d8ef80, 0x0000000002d8f468]
Event: 0.992 Thread 0x0000000016938000 1030   !   3       com.android.dx.rop.type.Prototype::putIntern (50 bytes)

GC Heap History (0 events):
No events

Deoptimization events (10 events):
Event: 0.740 Thread 0x00000000183e0800 Uncommon trap: reason=unstable_if action=reinterpret pc=0x0000000002bd7fbc method=java.util.HashMap.getNode(ILjava/lang/Object;)Ljava/util/HashMap$Node; @ 129
Event: 0.816 Thread 0x000000001840a800 Uncommon trap: reason=class_check action=maybe_recompile pc=0x0000000002c3a1e4 method=com.android.dx.ssa.NormalSsaInsn.accept(Lcom/android/dx/ssa/SsaInsn$Visitor;)V @ 9
Event: 0.816 Thread 0x000000001840a800 Uncommon trap: reason=class_check action=maybe_recompile pc=0x0000000002bee8f0 method=com.android.dx.ssa.NormalSsaInsn.accept(Lcom/android/dx/ssa/SsaInsn$Visitor;)V @ 9
Event: 0.816 Thread 0x000000001840a800 Uncommon trap: reason=class_check action=maybe_recompile pc=0x0000000002bee8f0 method=com.android.dx.ssa.NormalSsaInsn.accept(Lcom/android/dx/ssa/SsaInsn$Visitor;)V @ 9
Event: 0.821 Thread 0x000000001840a800 Uncommon trap: reason=class_check action=maybe_recompile pc=0x0000000002c3a1e4 method=com.android.dx.ssa.NormalSsaInsn.accept(Lcom/android/dx/ssa/SsaInsn$Visitor;)V @ 9
Event: 0.822 Thread 0x000000001840a800 Uncommon trap: reason=class_check action=maybe_recompile pc=0x0000000002bee8f0 method=com.android.dx.ssa.NormalSsaInsn.accept(Lcom/android/dx/ssa/SsaInsn$Visitor;)V @ 9
Event: 0.893 Thread 0x00000000183e0800 Uncommon trap: reason=bimorphic action=maybe_recompile pc=0x0000000002c3bcb0 method=java.util.HashMap.getNode(ILjava/lang/Object;)Ljava/util/HashMap$Node; @ 126
Event: 0.893 Thread 0x00000000183e0800 Uncommon trap: reason=bimorphic action=maybe_recompile pc=0x0000000002c3bcb0 method=java.util.HashMap.getNode(ILjava/lang/Object;)Ljava/util/HashMap$Node; @ 126
Event: 0.893 Thread 0x00000000183e0800 Uncommon trap: reason=bimorphic action=maybe_recompile pc=0x0000000002c3bcb0 method=java.util.HashMap.getNode(ILjava/lang/Object;)Ljava/util/HashMap$Node; @ 126
Event: 0.894 Thread 0x00000000183e0800 Uncommon trap: reason=bimorphic action=maybe_recompile pc=0x0000000002c3bcb0 method=java.util.HashMap.getNode(ILjava/lang/Object;)Ljava/util/HashMap$Node; @ 126

Internal exceptions (2 events):
Event: 0.056 Thread 0x00000000028c7800 Exception <a 'java/lang/NoSuchMethodError': Method sun.misc.Unsafe.defineClass(Ljava/lang/String;[BII)Ljava/lang/Class; name or signature does not match> (0x00000000eab07cc0) thrown at [D:\re\workspace\8-2-build-windows-amd64-cygwin\jdk8u92\6642\hotspot\srþeìÚŽð¬?
Event: 0.057 Thread 0x00000000028c7800 Exception <a 'java/lang/NoSuchMethodError': Method sun.misc.Unsafe.prefetchRead(Ljava/lang/Object;J)V name or signature does not match> (0x00000000eab07fa8) thrown at [D:\re\workspace\8-2-build-windows-amd64-cygwin\jdk8u92\6642\hotspot\src\share\vm\prims\j

Events (10 events):
Event: 0.893 Thread 0x00000000183e0800 DEOPT PACKING pc=0x0000000002c3bcb0 sp=0x0000000018faed10
Event: 0.893 Thread 0x00000000183e0800 DEOPT UNPACKING pc=0x0000000002a0582a sp=0x0000000018faec38 mode 2
Event: 0.893 Thread 0x00000000183e0800 Uncommon trap: trap_request=0xffffffc6 fr.pc=0x0000000002c3bcb0
Event: 0.893 Thread 0x00000000183e0800 DEOPT PACKING pc=0x0000000002c3bcb0 sp=0x0000000018faed10
Event: 0.893 Thread 0x00000000183e0800 DEOPT UNPACKING pc=0x0000000002a0582a sp=0x0000000018faec38 mode 2
Event: 0.894 Thread 0x00000000183e0800 Uncommon trap: trap_request=0xffffffc6 fr.pc=0x0000000002c3bcb0
Event: 0.894 Thread 0x00000000183e0800 DEOPT PACKING pc=0x0000000002c3bcb0 sp=0x0000000018faed10
Event: 0.894 Thread 0x00000000183e0800 DEOPT UNPACKING pc=0x0000000002a0582a sp=0x0000000018faec38 mode 2
Event: 0.925 loading class com/android/dx/cf/attrib/AttDeprecated
Event: 0.925 loading class com/android/dx/cf/attrib/AttDeprecated done


Dynamic libraries:
0x00007ff6cdf20000 - 0x00007ff6cdf57000 	C:\Program Files\Java\jdk1.8.0_92\bin\java.exe
0x00007ffe5d390000 - 0x00007ffe5d561000 	C:\WINDOWS\SYSTEM32\ntdll.dll
0x00007ffe5ac20000 - 0x00007ffe5accb000 	C:\WINDOWS\System32\KERNEL32.DLL
0x00007ffe59a10000 - 0x00007ffe59c2d000 	C:\WINDOWS\System32\KERNELBASE.dll
0x0000000073880000 - 0x000000007392e000 	C:\Program Files\Bitdefender\Bitdefender 2016\Active Virus Control\Avc3_00379_052\avcuf64.dll
0x00007ffe57ce0000 - 0x00007ffe57d5a000 	C:\WINDOWS\system32\apphelp.dll
0x00007ffe3e440000 - 0x00007ffe3e8c2000 	C:\WINDOWS\AppPatch\AppPatch64\AcLayers.DLL
0x00007ffe5aaa0000 - 0x00007ffe5ab3e000 	C:\WINDOWS\System32\msvcrt.dll
0x00007ffe5c490000 - 0x00007ffe5c5f5000 	C:\WINDOWS\System32\USER32.dll
0x00007ffe5a7e0000 - 0x00007ffe5a7fe000 	C:\WINDOWS\System32\win32u.dll
0x00007ffe5c3d0000 - 0x00007ffe5c404000 	C:\WINDOWS\System32\GDI32.dll
0x00007ffe5a650000 - 0x00007ffe5a7d2000 	C:\WINDOWS\System32\gdi32full.dll
0x00007ffe5c310000 - 0x00007ffe5c362000 	C:\WINDOWS\System32\SHLWAPI.dll
0x00007ffe5d060000 - 0x00007ffe5d328000 	C:\WINDOWS\System32\combase.dll
0x00007ffe5a800000 - 0x00007ffe5a8f5000 	C:\WINDOWS\System32\ucrtbase.dll
0x00007ffe5cd30000 - 0x00007ffe5ce51000 	C:\WINDOWS\System32\RPCRT4.dll
0x00007ffe5a3c0000 - 0x00007ffe5a42a000 	C:\WINDOWS\System32\bcryptPrimitives.dll
0x00000000007c0000 - 0x00000000007c3000 	C:\WINDOWS\SYSTEM32\sfc.dll
0x00007ffe4e440000 - 0x00007ffe4e4c5000 	C:\WINDOWS\SYSTEM32\WINSPOOL.DRV
0x00007ffe593b0000 - 0x00007ffe593db000 	C:\WINDOWS\SYSTEM32\bcrypt.dll
0x00007ffe3d290000 - 0x00007ffe3d2a1000 	C:\WINDOWS\SYSTEM32\sfc_os.DLL
0x00007ffe50970000 - 0x00007ffe50981000 	C:\WINDOWS\SYSTEM32\SortWindows61.dll
0x00007ffe5cd00000 - 0x00007ffe5cd2e000 	C:\WINDOWS\System32\IMM32.DLL
0x00007ffe58970000 - 0x00007ffe589a0000 	C:\WINDOWS\system32\DriverStore\FileRepository\nvlti.inf_amd64_03205ffa8fdea79d\nvinitx.dll
0x00007ffe5ad50000 - 0x00007ffe5adf2000 	C:\WINDOWS\System32\ADVAPI32.dll
0x00007ffe5a900000 - 0x00007ffe5a959000 	C:\WINDOWS\System32\sechost.dll
0x00007ffe58900000 - 0x00007ffe5890a000 	C:\WINDOWS\SYSTEM32\VERSION.dll
0x00007ffe5ae00000 - 0x00007ffe5c309000 	C:\WINDOWS\System32\Shell32.dll
0x00007ffe5a430000 - 0x00007ffe5a472000 	C:\WINDOWS\System32\cfgmgr32.dll
0x00007ffe59c30000 - 0x00007ffe5a30a000 	C:\WINDOWS\System32\windows.storage.dll
0x00007ffe59810000 - 0x00007ffe5985c000 	C:\WINDOWS\System32\powrprof.dll
0x00007ffe597d0000 - 0x00007ffe597df000 	C:\WINDOWS\System32\kernel.appcore.dll
0x00007ffe5a310000 - 0x00007ffe5a3b9000 	C:\WINDOWS\System32\shcore.dll
0x00007ffe597e0000 - 0x00007ffe597f4000 	C:\WINDOWS\System32\profapi.dll
0x0000000074b60000 - 0x0000000074b66000 	C:\Program Files\NVIDIA Corporation\CoProcManager\_etoured.dll
0x00007ffe54ba0000 - 0x00007ffe54bdb000 	C:\Program Files\NVIDIA Corporation\CoProcManager\nvd3d9wrapx.dll
0x00007ffe5c610000 - 0x00007ffe5ca39000 	C:\WINDOWS\System32\SETUPAPI.dll
0x00007ffe54ad0000 - 0x00007ffe54af4000 	C:\Program Files\NVIDIA Corporation\CoProcManager\nvdxgiwrapx.dll
0x00007ffe4e5d0000 - 0x00007ffe4e849000 	C:\WINDOWS\WinSxS\amd64_microsoft.windows.common-controls_6595b64144ccf1df_6.0.14393.447_none_42191651c6827bb3\COMCTL32.dll
0x0000000073320000 - 0x00000000733f2000 	C:\Program Files\Java\jdk1.8.0_92\jre\bin\msvcr100.dll
0x0000000071620000 - 0x0000000071eb6000 	C:\Program Files\Java\jdk1.8.0_92\jre\bin\server\jvm.dll
0x00007ffe5acd0000 - 0x00007ffe5acd8000 	C:\WINDOWS\System32\PSAPI.DLL
0x00007ffe4dec0000 - 0x00007ffe4dec9000 	C:\WINDOWS\SYSTEM32\WSOCK32.dll
0x00007ffe5ace0000 - 0x00007ffe5ad4a000 	C:\WINDOWS\System32\WS2_32.dll
0x00007ffe57bf0000 - 0x00007ffe57c13000 	C:\WINDOWS\SYSTEM32\WINMM.dll
0x00007ffe57b90000 - 0x00007ffe57bbb000 	C:\WINDOWS\SYSTEM32\WINMMBASE.dll
0x0000000073310000 - 0x000000007331f000 	C:\Program Files\Java\jdk1.8.0_92\jre\bin\verify.dll
0x00000000715f0000 - 0x0000000071619000 	C:\Program Files\Java\jdk1.8.0_92\jre\bin\java.dll
0x00000000732f0000 - 0x0000000073306000 	C:\Program Files\Java\jdk1.8.0_92\jre\bin\zip.dll

VM Arguments:
jvm_args: -Djava.awt.headless=true -Xmx1024M -Dfile.encoding=windows-1252 -Duser.country=US -Duser.language=en -Duser.variant 
java_command: com.android.dx.command.Main --dex --force-jumbo --num-threads=4 --multi-dex --output C:\Users\kikkos\AndroidStudioProjects\Udacity\SunshineWear\wear\build\intermediates\transforms\dex\debug\folders\1000\10\com.google.android.gms-play-services-wearable-10.0.1_03a3091083ba2723d3a8b962562f8f58cd551238 C:\Users\kikkos\AndroidStudioProjects\Udacity\SunshineWear\wear\build\intermediates\exploded-aar\com.google.android.gms\play-services-wearable\10.0.1\jars\classes.jar
java_class_path (initial): C:\Users\kikkos\AppData\Local\Android\sdk\build-tools\23.0.3\lib\dx.jar
Launcher Type: SUN_STANDARD

Environment Variables:
JAVA_HOME=C:\Program Files\Java\jdk1.8.0_92
PATH=C:\Program Files (x86)\Intel\iCLS Client\;C:\Program Files\Intel\iCLS Client\;C:\ProgramData\Oracle\Java\javapath;C:\Program Files\ImageMagick-6.8.9-Q16;C:\WINDOWS\system32;C:\WINDOWS;C:\WINDOWS\System32\Wbem;C:\Program Files\Lenovo\Bluetooth Software\;C:\Program Files\Lenovo\Bluetooth Software\syswow64;C:\Program Files\Intel\WiFi\bin\;C:\Program Files\Common Files\Intel\WirelessCommon\;C:\Program Files\Microsoft\Web Platform Installer\;C:\WINDOWS\System32\WindowsPowerShell\v1.0\;C:\Program Files\Microsoft SQL Server\110\Tools\Binn\;C:\Program Files\Sublime Text 2;C:\Program Files (x86)\Heroku\bin;C:\Program Files\Intel\Intel(R) Management Engine Components\DAL;C:\Program Files\Intel\Intel(R) Management Engine Components\IPT;C:\Program Files (x86)\Intel\Intel(R) Management Engine Components\DAL;C:\Program Files (x86)\Intel\Intel(R) Management Engine Components\IPT;C:\Program Files (x86)\NVIDIA Corporation\PhysX\Common;C:\WINDOWS\system32;C:\WINDOWS;C:\WINDOWS\System32\Wbem;C:\WINDOWS\System32\WindowsPowerShell\v1.0\;C:\Program Files (x86)\Skype\Phone\;C:\Ruby23-x64\bin;C:\Program Files (x86)\MySQL\MySQL Fabric 1.5 & MySQL Utilities 1.5\;C:\Program Files (x86)\MySQL\MySQL Fabric 1.5 & MySQL Utilities 1.5\Doctrine extensions for PHP\;C:\Program Files\MySQL\MySQL Server 5.7\bin;C:\RailsInstaller\Ruby2.2.0\bin;C:\Users\kikkos\AppData\Local\GitHub\PortableGit_d76a6a98c9315931ec4927243517bc09e9b731a0\cmd;C:\Users\kikkos\AppData\Local\Android\sdk\platform-tools;C:\cURL\bin;C:\Program Files\Intel\WiFi\bin\;C:\Program Files\Common Files\Intel\WirelessCommon\;C:\sqlite;C:\Users\kikkos\AppData\Local\Microsoft\WindowsApps;C:\Program Files\Java\jdk1.8.0_92\bin;C:\gradle-3.2.1\bin\
USERNAME=kikkos



---------------  S Y S T E M  ---------------

OS: Windows 10.0 , 64 bit Build 14393 (10.0.14393.0)

CPU:total 8 (4 cores per cpu, 2 threads per core) family 6 model 42 stepping 7, cmov, cx8, fxsr, mmx, sse, sse2, sse3, ssse3, sse4.1, sse4.2, popcnt, avx, aes, clmul, ht, tsc, tscinvbit

Memory: 4k page, physical 8300684k(1531420k free), swap 8505484k(5120k free)

vm_info: Java HotSpot(TM) 64-Bit Server VM (25.92-b14) for windows-amd64 JRE (1.8.0_92-b14), built on Mar 31 2016 21:03:04 by "java_re" with MS VC++ 10.0 (VS2010)

time: Fri Dec 30 14:45:03 2016
elapsed time: 1 seconds (0d 0h 0m 1s)

