#
# There is insufficient memory for the Java Runtime Environment to continue.
# Native memory allocation (malloc) failed to allocate 65552 bytes for Chunk::new
# Possible reasons:
#   The system is out of physical RAM or swap space
#   In 32 bit mode, the process size limit was hit
# Possible solutions:
#   Reduce memory load on the system
#   Increase physical memory or swap space
#   Check if swap backing store is full
#   Use 64 bit Java on a 64 bit OS
#   Decrease Java heap size (-Xmx/-Xms)
#   Decrease number of Java threads
#   Decrease Java thread stack sizes (-Xss)
#   Set larger code cache with -XX:ReservedCodeCacheSize=
# This output file may be truncated or incomplete.
#
#  Out of Memory Error (allocation.cpp:390), pid=15284, tid=0x00000000000020f8
#
# JRE version: Java(TM) SE Runtime Environment (8.0_92-b14) (build 1.8.0_92-b14)
# Java VM: Java HotSpot(TM) 64-Bit Server VM (25.92-b14 mixed mode windows-amd64 compressed oops)
# Failed to write core dump. Minidumps are not enabled by default on client versions of Windows
#

---------------  T H R E A D  ---------------

Current thread (0x00000000163f2000):  JavaThread "C2 CompilerThread2" daemon [_thread_in_native, id=8440, stack(0x00000000177f0000,0x00000000178f0000)]

Stack: [0x00000000177f0000,0x00000000178f0000]
[error occurred during error reporting (printing stack bounds), id 0xc0000005]

Native frames: (J=compiled Java code, j=interpreted, Vv=VM code, C=native code)


Current CompileTask:
C2:   1410  815       4       com.android.dx.dex.code.OutputFinisher::addConstants (93 bytes)


---------------  P R O C E S S  ---------------

Java Threads: ( => current thread )
  0x0000000018d86800 JavaThread "pool-1-thread-1" [_thread_in_Java, id=13832, stack(0x00000000199c0000,0x0000000019ac0000)]
  0x000000001648c000 JavaThread "Service Thread" daemon [_thread_blocked, id=10968, stack(0x00000000179f0000,0x0000000017af0000)]
  0x00000000163f6000 JavaThread "C1 CompilerThread3" daemon [_thread_blocked, id=14476, stack(0x00000000178f0000,0x00000000179f0000)]
=>0x00000000163f2000 JavaThread "C2 CompilerThread2" daemon [_thread_in_native, id=8440, stack(0x00000000177f0000,0x00000000178f0000)]
  0x00000000163ec800 JavaThread "C2 CompilerThread1" daemon [_thread_blocked, id=4076, stack(0x00000000176f0000,0x00000000177f0000)]
  0x00000000163e6800 JavaThread "C2 CompilerThread0" daemon [_thread_blocked, id=15072, stack(0x00000000175f0000,0x00000000176f0000)]
  0x00000000163e1800 JavaThread "Attach Listener" daemon [_thread_blocked, id=14308, stack(0x00000000174f0000,0x00000000175f0000)]
  0x00000000163e0800 JavaThread "Signal Dispatcher" daemon [_thread_blocked, id=11064, stack(0x00000000173f0000,0x00000000174f0000)]
  0x0000000016398000 JavaThread "Finalizer" daemon [_thread_blocked, id=14744, stack(0x00000000172f0000,0x00000000173f0000)]
  0x0000000016366000 JavaThread "Reference Handler" daemon [_thread_blocked, id=15048, stack(0x00000000171f0000,0x00000000172f0000)]
  0x00000000022f7800 JavaThread "main" [_thread_blocked, id=2992, stack(0x0000000002180000,0x0000000002280000)]

Other Threads:
  0x0000000015012800 VMThread [stack: 0x00000000170f0000,0x00000000171f0000] [id=2596]
  0x0000000016493800 WatcherThread [stack: 0x0000000017af0000,0x0000000017bf0000] [id=11612]

VM state:not at safepoint (normal execution)

VM Mutex/Monitor currently owned by a thread: None

Heap:
 PSYoungGen      total 38400K, used 18896K [0x00000000eab00000, 0x00000000ed580000, 0x0000000100000000)
  eden space 33280K, 56% used [0x00000000eab00000,0x00000000ebd74350,0x00000000ecb80000)
  from space 5120K, 0% used [0x00000000ed080000,0x00000000ed080000,0x00000000ed580000)
  to   space 5120K, 0% used [0x00000000ecb80000,0x00000000ecb80000,0x00000000ed080000)
 ParOldGen       total 87552K, used 0K [0x00000000c0000000, 0x00000000c5580000, 0x00000000eab00000)
  object space 87552K, 0% used [0x00000000c0000000,0x00000000c0000000,0x00000000c5580000)
 Metaspace       used 5634K, capacity 6768K, committed 7040K, reserved 1056768K
  class space    used 584K, capacity 616K, committed 640K, reserved 1048576K

Card table byte_map: [0x00000000118b0000,0x0000000011ac0000] byte_map_base: 0x00000000112b0000

Marking Bits: (ParMarkBitMap*) 0x000000006a9a64f0
 Begin Bits: [0x0000000012420000, 0x0000000013420000)
 End Bits:   [0x0000000013420000, 0x0000000014420000)

Polling page: 0x0000000000740000

CodeCache: size=245760Kb used=3241Kb max_used=3241Kb free=242518Kb
 bounds [0x00000000024f0000, 0x0000000002820000, 0x00000000114f0000]
 total_blobs=1079 nmethods=818 adapters=174
 compilation: enabled

Compilation events (10 events):
Event: 1.399 Thread 0x00000000163f6000 nmethod 817 0x0000000002811710 code [0x0000000002811880, 0x0000000002811b68]
Event: 1.399 Thread 0x00000000163f6000  818       3       java.util.TreeMap$EntryIterator::next (5 bytes)
Event: 1.399 Thread 0x00000000163f6000 nmethod 818 0x0000000002811310 code [0x0000000002811480, 0x0000000002811688]
Event: 1.399 Thread 0x00000000163ec800 nmethod 816 0x00000000028182d0 code [0x0000000002818420, 0x0000000002818738]
Event: 1.400 Thread 0x00000000163f6000  819       1       com.android.dx.dex.file.DexFile::getTypeIds (5 bytes)
Event: 1.400 Thread 0x00000000163f6000 nmethod 819 0x0000000002818010 code [0x0000000002818160, 0x0000000002818270]
Event: 1.400 Thread 0x00000000163f6000  820       1       com.android.dx.rop.annotation.Annotation::getType (5 bytes)
Event: 1.400 Thread 0x00000000163f6000 nmethod 820 0x0000000002817d50 code [0x0000000002817ea0, 0x0000000002817fb0]
Event: 1.401 Thread 0x00000000163f6000  821   !   3       java.net.URL::<init> (543 bytes)
Event: 1.406 Thread 0x00000000163f6000 nmethod 821 0x0000000002818b50 code [0x0000000002819000, 0x000000000281c088]

GC Heap History (0 events):
No events

Deoptimization events (2 events):
Event: 0.848 Thread 0x00000000022f7800 Uncommon trap: reason=unstable_if action=reinterpret pc=0x00000000026e3338 method=java.util.HashMap.getNode(ILjava/lang/Object;)Ljava/util/HashMap$Node; @ 143
Event: 1.381 Thread 0x0000000018d86800 Uncommon trap: reason=bimorphic action=maybe_recompile pc=0x000000000272ea7c method=java.util.HashMap.getNode(ILjava/lang/Object;)Ljava/util/HashMap$Node; @ 126

Internal exceptions (2 events):
Event: 0.052 Thread 0x00000000022f7800 Exception <a 'java/lang/NoSuchMethodError': Method sun.misc.Unsafe.defineClass(Ljava/lang/String;[BII)Ljava/lang/Class; name or signature does not match> (0x00000000eab07cc0) thrown at [D:\re\workspace\8-2-build-windows-amd64-cygwin\jdk8u92\6642\hotspot\sr®®EY}½ª?
Event: 0.052 Thread 0x00000000022f7800 Exception <a 'java/lang/NoSuchMethodError': Method sun.misc.Unsafe.prefetchRead(Ljava/lang/Object;J)V name or signature does not match> (0x00000000eab07fa8) thrown at [D:\re\workspace\8-2-build-windows-amd64-cygwin\jdk8u92\6642\hotspot\src\share\vm\prims\j

Events (10 events):
Event: 1.372 loading class java/util/TreeMap$EntrySet done
Event: 1.372 loading class java/util/TreeMap$EntryIterator
Event: 1.372 loading class java/util/TreeMap$EntryIterator done
Event: 1.374 loading class com/android/dx/rop/cst/Zeroes
Event: 1.374 loading class com/android/dx/rop/cst/Zeroes done
Event: 1.381 Thread 0x0000000018d86800 Uncommon trap: trap_request=0xffffffc6 fr.pc=0x000000000272ea7c
Event: 1.381 Thread 0x0000000018d86800 DEOPT PACKING pc=0x000000000272ea7c sp=0x0000000019abec00
Event: 1.381 Thread 0x0000000018d86800 DEOPT UNPACKING pc=0x000000000253582a sp=0x0000000019abeb28 mode 2
Event: 1.400 loading class com/android/dx/dex/file/ProtoIdItem
Event: 1.400 loading class com/android/dx/dex/file/ProtoIdItem done


Dynamic libraries:
0x00007ff71e240000 - 0x00007ff71e277000 	C:\Program Files\Java\jdk1.8.0_92\bin\java.exe
0x00007ffe694c0000 - 0x00007ffe69691000 	C:\WINDOWS\SYSTEM32\ntdll.dll
0x00007ffe68c10000 - 0x00007ffe68cbb000 	C:\WINDOWS\System32\KERNEL32.DLL
0x00007ffe66360000 - 0x00007ffe6657d000 	C:\WINDOWS\System32\KERNELBASE.dll
0x000000006c240000 - 0x000000006c2ee000 	C:\Program Files\Bitdefender\Bitdefender 2016\Active Virus Control\Avc3_00379_052\avcuf64.dll
0x00007ffe63e10000 - 0x00007ffe63e8a000 	C:\WINDOWS\system32\apphelp.dll
0x00007ffe2edf0000 - 0x00007ffe2f272000 	C:\WINDOWS\AppPatch\AppPatch64\AcLayers.DLL
0x00007ffe69140000 - 0x00007ffe691de000 	C:\WINDOWS\System32\msvcrt.dll
0x00007ffe69200000 - 0x00007ffe69365000 	C:\WINDOWS\System32\USER32.dll
0x00007ffe65b00000 - 0x00007ffe65b1e000 	C:\WINDOWS\System32\win32u.dll
0x00007ffe69380000 - 0x00007ffe693b4000 	C:\WINDOWS\System32\GDI32.dll
0x00007ffe666d0000 - 0x00007ffe66852000 	C:\WINDOWS\System32\gdi32full.dll
0x00007ffe69460000 - 0x00007ffe694b2000 	C:\WINDOWS\System32\SHLWAPI.dll
0x00007ffe68410000 - 0x00007ffe686d8000 	C:\WINDOWS\System32\combase.dll
0x00007ffe65990000 - 0x00007ffe65a85000 	C:\WINDOWS\System32\ucrtbase.dll
0x00007ffe68f40000 - 0x00007ffe69061000 	C:\WINDOWS\System32\RPCRT4.dll
0x00007ffe65a90000 - 0x00007ffe65afa000 	C:\WINDOWS\System32\bcryptPrimitives.dll
0x0000000000520000 - 0x0000000000523000 	C:\WINDOWS\SYSTEM32\sfc.dll
0x00007ffe5a350000 - 0x00007ffe5a3d5000 	C:\WINDOWS\SYSTEM32\WINSPOOL.DRV
0x00007ffe654e0000 - 0x00007ffe6550b000 	C:\WINDOWS\SYSTEM32\bcrypt.dll
0x00007ffe4bce0000 - 0x00007ffe4bcf1000 	C:\WINDOWS\SYSTEM32\sfc_os.DLL
0x00007ffe556b0000 - 0x00007ffe556c1000 	C:\WINDOWS\SYSTEM32\SortWindows61.dll
0x00007ffe66ae0000 - 0x00007ffe66b0e000 	C:\WINDOWS\System32\IMM32.DLL
0x00007ffe64a20000 - 0x00007ffe64a50000 	C:\WINDOWS\system32\DriverStore\FileRepository\nvlti.inf_amd64_03205ffa8fdea79d\nvinitx.dll
0x00007ffe66a30000 - 0x00007ffe66ad2000 	C:\WINDOWS\System32\ADVAPI32.dll
0x00007ffe686e0000 - 0x00007ffe68739000 	C:\WINDOWS\System32\sechost.dll
0x00007ffe649f0000 - 0x00007ffe649fa000 	C:\WINDOWS\SYSTEM32\VERSION.dll
0x00007ffe66c50000 - 0x00007ffe68159000 	C:\WINDOWS\System32\Shell32.dll
0x00007ffe65c30000 - 0x00007ffe65c72000 	C:\WINDOWS\System32\cfgmgr32.dll
0x00007ffe65c80000 - 0x00007ffe6635a000 	C:\WINDOWS\System32\windows.storage.dll
0x00007ffe65940000 - 0x00007ffe6598c000 	C:\WINDOWS\System32\powrprof.dll
0x00007ffe65930000 - 0x00007ffe6593f000 	C:\WINDOWS\System32\kernel.appcore.dll
0x00007ffe66620000 - 0x00007ffe666c9000 	C:\WINDOWS\System32\shcore.dll
0x00007ffe65910000 - 0x00007ffe65924000 	C:\WINDOWS\System32\profapi.dll
0x000000006d6c0000 - 0x000000006d6c6000 	C:\Program Files\NVIDIA Corporation\CoProcManager\_etoured.dll
0x00007ffe619f0000 - 0x00007ffe61a2b000 	C:\Program Files\NVIDIA Corporation\CoProcManager\nvd3d9wrapx.dll
0x00007ffe68760000 - 0x00007ffe68b89000 	C:\WINDOWS\System32\SETUPAPI.dll
0x00007ffe618c0000 - 0x00007ffe618e4000 	C:\Program Files\NVIDIA Corporation\CoProcManager\nvdxgiwrapx.dll
0x00007ffe5ac70000 - 0x00007ffe5aee9000 	C:\WINDOWS\WinSxS\amd64_microsoft.windows.common-controls_6595b64144ccf1df_6.0.14393.447_none_42191651c6827bb3\COMCTL32.dll
0x000000006aa30000 - 0x000000006ab02000 	C:\Program Files\Java\jdk1.8.0_92\jre\bin\msvcr100.dll
0x000000006a190000 - 0x000000006aa26000 	C:\Program Files\Java\jdk1.8.0_92\jre\bin\server\jvm.dll
0x00007ffe69370000 - 0x00007ffe69378000 	C:\WINDOWS\System32\PSAPI.DLL
0x00007ffe5a790000 - 0x00007ffe5a799000 	C:\WINDOWS\SYSTEM32\WSOCK32.dll
0x00007ffe690d0000 - 0x00007ffe6913a000 	C:\WINDOWS\System32\WS2_32.dll
0x00007ffe637e0000 - 0x00007ffe63803000 	C:\WINDOWS\SYSTEM32\WINMM.dll
0x00007ffe635a0000 - 0x00007ffe635cb000 	C:\WINDOWS\SYSTEM32\WINMMBASE.dll
0x000000006a180000 - 0x000000006a18f000 	C:\Program Files\Java\jdk1.8.0_92\jre\bin\verify.dll
0x000000006a150000 - 0x000000006a179000 	C:\Program Files\Java\jdk1.8.0_92\jre\bin\java.dll
0x000000006a130000 - 0x000000006a146000 	C:\Program Files\Java\jdk1.8.0_92\jre\bin\zip.dll

VM Arguments:
jvm_args: -Djava.awt.headless=true -Xmx1024M -Dfile.encoding=windows-1252 -Duser.country=US -Duser.language=en -Duser.variant 
java_command: com.android.dx.command.Main --dex --force-jumbo --num-threads=4 --multi-dex --output C:\Users\kikkos\AndroidStudioProjects\Udacity\SunshineWear\wear\build\intermediates\transforms\dex\debug\folders\1000\5\slice_4 C:\Users\kikkos\AndroidStudioProjects\Udacity\SunshineWear\wear\build\intermediates\transforms\instantRunSlicer\debug\folders\1\5\slice_4
java_class_path (initial): C:\Users\kikkos\AppData\Local\Android\sdk\build-tools\23.0.3\lib\dx.jar
Launcher Type: SUN_STANDARD

Environment Variables:
JAVA_HOME=C:\Program Files\Java\jdk1.8.0_92
PATH=C:\Program Files (x86)\Intel\iCLS Client\;C:\Program Files\Intel\iCLS Client\;C:\ProgramData\Oracle\Java\javapath;C:\Program Files\ImageMagick-6.8.9-Q16;C:\WINDOWS\system32;C:\WINDOWS;C:\WINDOWS\System32\Wbem;C:\Program Files\Lenovo\Bluetooth Software\;C:\Program Files\Lenovo\Bluetooth Software\syswow64;C:\Program Files\Intel\WiFi\bin\;C:\Program Files\Common Files\Intel\WirelessCommon\;C:\Program Files\Microsoft\Web Platform Installer\;C:\WINDOWS\System32\WindowsPowerShell\v1.0\;C:\Program Files\Microsoft SQL Server\110\Tools\Binn\;C:\Program Files\Sublime Text 2;C:\Program Files (x86)\Heroku\bin;C:\Program Files\Intel\Intel(R) Management Engine Components\DAL;C:\Program Files\Intel\Intel(R) Management Engine Components\IPT;C:\Program Files (x86)\Intel\Intel(R) Management Engine Components\DAL;C:\Program Files (x86)\Intel\Intel(R) Management Engine Components\IPT;C:\Program Files (x86)\NVIDIA Corporation\PhysX\Common;C:\WINDOWS\system32;C:\WINDOWS;C:\WINDOWS\System32\Wbem;C:\WINDOWS\System32\WindowsPowerShell\v1.0\;C:\Program Files (x86)\Skype\Phone\;C:\Ruby23-x64\bin;C:\Program Files (x86)\MySQL\MySQL Fabric 1.5 & MySQL Utilities 1.5\;C:\Program Files (x86)\MySQL\MySQL Fabric 1.5 & MySQL Utilities 1.5\Doctrine extensions for PHP\;C:\Program Files\MySQL\MySQL Server 5.7\bin;C:\RailsInstaller\Ruby2.2.0\bin;C:\Users\kikkos\AppData\Local\GitHub\PortableGit_d76a6a98c9315931ec4927243517bc09e9b731a0\cmd;C:\Users\kikkos\AppData\Local\Android\sdk\platform-tools;C:\cURL\bin;C:\Program Files\Intel\WiFi\bin\;C:\Program Files\Common Files\Intel\WirelessCommon\;C:\sqlite;C:\Users\kikkos\AppData\Local\Microsoft\WindowsApps;C:\Program Files\Java\jdk1.8.0_92\bin;C:\gradle-3.2.1\bin\
USERNAME=kikkos
OS=Windows_NT
PROCESSOR_IDENTIFIER=Intel64 Family 6 Model 42 Stepping 7, GenuineIntel



---------------  S Y S T E M  ---------------

OS: Windows 10.0 , 64 bit Build 14393 (10.0.14393.0)

CPU:total 8 (4 cores per cpu, 2 threads per core) family 6 model 42 stepping 7, cmov, cx8, fxsr, mmx, sse, sse2, sse3, ssse3, sse4.1, sse4.2, popcnt, avx, aes, clmul, ht, tsc, tscinvbit

Memory: 4k page, physical 8300684k(2136480k free), swap 8505484k(2828k free)

vm_info: Java HotSpot(TM) 64-Bit Server VM (25.92-b14) for windows-amd64 JRE (1.8.0_92-b14), built on Mar 31 2016 21:03:04 by "java_re" with MS VC++ 10.0 (VS2010)

time: Sat Dec 31 18:54:40 2016
elapsed time: 1 seconds (0d 0h 0m 1s)

