#
# There is insufficient memory for the Java Runtime Environment to continue.
# Native memory allocation (malloc) failed to allocate 2380496 bytes for Chunk::new
# Possible reasons:
#   The system is out of physical RAM or swap space
#   In 32 bit mode, the process size limit was hit
# Possible solutions:
#   Reduce memory load on the system
#   Increase physical memory or swap space
#   Check if swap backing store is full
#   Use 64 bit Java on a 64 bit OS
#   Decrease Java heap size (-Xmx/-Xms)
#   Decrease number of Java threads
#   Decrease Java thread stack sizes (-Xss)
#   Set larger code cache with -XX:ReservedCodeCacheSize=
# This output file may be truncated or incomplete.
#
#  Out of Memory Error (allocation.cpp:390), pid=14792, tid=0x000000000000177c
#
# JRE version: Java(TM) SE Runtime Environment (8.0_92-b14) (build 1.8.0_92-b14)
# Java VM: Java HotSpot(TM) 64-Bit Server VM (25.92-b14 mixed mode windows-amd64 compressed oops)
# Failed to write core dump. Minidumps are not enabled by default on client versions of Windows
#

---------------  T H R E A D  ---------------

Current thread (0x000000001715c800):  JavaThread "C2 CompilerThread1" daemon [_thread_in_native, id=6012, stack(0x0000000018530000,0x0000000018630000)]

Stack: [0x0000000018530000,0x0000000018630000]
[error occurred during error reporting (printing stack bounds), id 0xc0000005]

Native frames: (J=compiled Java code, j=interpreted, Vv=VM code, C=native code)


Current CompileTask:
C2:   3708 1939   !   4       com.android.dx.cf.cst.ConstantPoolParser::parse0 (731 bytes)


---------------  P R O C E S S  ---------------

Java Threads: ( => current thread )
  0x0000000018f58800 JavaThread "pool-2-thread-4" [_thread_in_vm, id=2788, stack(0x0000000019930000,0x0000000019a30000)]
  0x0000000018f58000 JavaThread "pool-2-thread-3" [_thread_in_Java, id=3924, stack(0x0000000019830000,0x0000000019930000)]
  0x0000000018f52800 JavaThread "pool-2-thread-2" [_thread_in_Java, id=8820, stack(0x0000000019730000,0x0000000019830000)]
  0x0000000018f46800 JavaThread "pool-3-thread-1" [_thread_blocked, id=2628, stack(0x0000000019630000,0x0000000019730000)]
  0x0000000018f3d000 JavaThread "pool-2-thread-1" [_thread_in_Java, id=11796, stack(0x0000000019530000,0x0000000019630000)]
  0x00000000171fe000 JavaThread "Service Thread" daemon [_thread_blocked, id=11400, stack(0x0000000018830000,0x0000000018930000)]
  0x000000001716d800 JavaThread "C1 CompilerThread3" daemon [_thread_blocked, id=10628, stack(0x0000000018730000,0x0000000018830000)]
  0x0000000017169800 JavaThread "C2 CompilerThread2" daemon [_thread_in_native, id=6084, stack(0x0000000018630000,0x0000000018730000)]
=>0x000000001715c800 JavaThread "C2 CompilerThread1" daemon [_thread_in_native, id=6012, stack(0x0000000018530000,0x0000000018630000)]
  0x0000000017156800 JavaThread "C2 CompilerThread0" daemon [_thread_in_native, id=8512, stack(0x0000000018430000,0x0000000018530000)]
  0x0000000017151800 JavaThread "Attach Listener" daemon [_thread_blocked, id=13640, stack(0x0000000018330000,0x0000000018430000)]
  0x0000000017150800 JavaThread "Signal Dispatcher" daemon [_thread_blocked, id=5832, stack(0x0000000018230000,0x0000000018330000)]
  0x0000000017108000 JavaThread "Finalizer" daemon [_thread_blocked, id=1748, stack(0x0000000018040000,0x0000000018140000)]
  0x00000000170d6000 JavaThread "Reference Handler" daemon [_thread_blocked, id=13604, stack(0x0000000017f40000,0x0000000018040000)]
  0x0000000003107800 JavaThread "main" [_thread_in_Java, id=1796, stack(0x0000000002ff0000,0x00000000030f0000)]

Other Threads:
  0x0000000015d72800 VMThread [stack: 0x0000000017e40000,0x0000000017f40000] [id=7352]
  0x0000000017203800 WatcherThread [stack: 0x0000000018930000,0x0000000018a30000] [id=10876]

VM state:not at safepoint (normal execution)

VM Mutex/Monitor currently owned by a thread: None

Heap:
 PSYoungGen      total 71680K, used 58751K [0x00000000eab00000, 0x00000000ef600000, 0x0000000100000000)
  eden space 66560K, 80% used [0x00000000eab00000,0x00000000edf61488,0x00000000eec00000)
  from space 5120K, 99% used [0x00000000ef100000,0x00000000ef5fe950,0x00000000ef600000)
  to   space 5120K, 0% used [0x00000000eec00000,0x00000000eec00000,0x00000000ef100000)
 ParOldGen       total 87552K, used 35368K [0x00000000c0000000, 0x00000000c5580000, 0x00000000eab00000)
  object space 87552K, 40% used [0x00000000c0000000,0x00000000c228a150,0x00000000c5580000)
 Metaspace       used 6513K, capacity 7256K, committed 7424K, reserved 1056768K
  class space    used 624K, capacity 656K, committed 768K, reserved 1048576K

Card table byte_map: [0x00000000125f0000,0x0000000012800000] byte_map_base: 0x0000000011ff0000

Marking Bits: (ParMarkBitMap*) 0x000000006a9a64f0
 Begin Bits: [0x0000000013160000, 0x0000000014160000)
 End Bits:   [0x0000000014160000, 0x0000000015160000)

Polling page: 0x0000000003200000

CodeCache: size=245760Kb used=8265Kb max_used=8265Kb free=237494Kb
 bounds [0x0000000003230000, 0x0000000003a50000, 0x0000000012230000]
 total_blobs=2285 nmethods=2015 adapters=182
 compilation: enabled

Compilation events (10 events):
Event: 3.694 Thread 0x000000001716d800 2077       2       com.android.dx.rop.code.Rop::<init> (15 bytes)
Event: 3.694 Thread 0x000000001716d800 nmethod 2077 0x0000000003a46c10 code [0x0000000003a46d80, 0x0000000003a46f08]
Event: 3.694 Thread 0x000000001716d800 2074       2       com.android.dx.rop.type.Type::isArray (19 bytes)
Event: 3.694 Thread 0x000000001716d800 nmethod 2074 0x0000000003a46fd0 code [0x0000000003a47140, 0x0000000003a47348]
Event: 3.694 Thread 0x000000001716d800 2078       2       com.android.dx.rop.code.Rops::opMoveResultPseudo (23 bytes)
Event: 3.695 Thread 0x000000001716d800 nmethod 2078 0x0000000003a474d0 code [0x0000000003a47640, 0x0000000003a47858]
Event: 3.695 Thread 0x000000001716d800 2076       2       com.android.dx.rop.code.PlainInsn::<init> (13 bytes)
Event: 3.695 Thread 0x000000001716d800 nmethod 2076 0x0000000003a47950 code [0x0000000003a47b00, 0x0000000003a47f98]
Event: 3.698 Thread 0x000000001716d800 2079       2       com.android.dx.ssa.MoveParamCombiner$1::visitNonMoveInsn (213 bytes)
Event: 3.699 Thread 0x000000001716d800 nmethod 2079 0x0000000003a48650 code [0x0000000003a48880, 0x0000000003a48fe8]

GC Heap History (10 events):
Event: 1.799 GC heap before
{Heap before GC invocations=2 (full 0):
 PSYoungGen      total 38400K, used 38136K [0x00000000eab00000, 0x00000000ed580000, 0x0000000100000000)
  eden space 33280K, 100% used [0x00000000eab00000,0x00000000ecb80000,0x00000000ecb80000)
  from space 5120K, 94% used [0x00000000ecb80000,0x00000000ed03e1c8,0x00000000ed080000)
  to   space 5120K, 0% used [0x00000000ed080000,0x00000000ed080000,0x00000000ed580000)
 ParOldGen       total 87552K, used 8K [0x00000000c0000000, 0x00000000c5580000, 0x00000000eab00000)
  object space 87552K, 0% used [0x00000000c0000000,0x00000000c0002000,0x00000000c5580000)
 Metaspace       used 6149K, capacity 7026K, committed 7296K, reserved 1056768K
  class space    used 604K, capacity 618K, committed 640K, reserved 1048576K
Event: 1.866 GC heap after
Heap after GC invocations=2 (full 0):
 PSYoungGen      total 38400K, used 5098K [0x00000000eab00000, 0x00000000ef600000, 0x0000000100000000)
  eden space 33280K, 0% used [0x00000000eab00000,0x00000000eab00000,0x00000000ecb80000)
  from space 5120K, 99% used [0x00000000ed080000,0x00000000ed57a968,0x00000000ed580000)
  to   space 5120K, 0% used [0x00000000ecb80000,0x00000000ecb80000,0x00000000ed080000)
 ParOldGen       total 87552K, used 3424K [0x00000000c0000000, 0x00000000c5580000, 0x00000000eab00000)
  object space 87552K, 3% used [0x00000000c0000000,0x00000000c0358330,0x00000000c5580000)
 Metaspace       used 6149K, capacity 7026K, committed 7296K, reserved 1056768K
  class space    used 604K, capacity 618K, committed 640K, reserved 1048576K
}
Event: 2.240 GC heap before
{Heap before GC invocations=3 (full 0):
 PSYoungGen      total 38400K, used 38378K [0x00000000eab00000, 0x00000000ef600000, 0x0000000100000000)
  eden space 33280K, 100% used [0x00000000eab00000,0x00000000ecb80000,0x00000000ecb80000)
  from space 5120K, 99% used [0x00000000ed080000,0x00000000ed57a968,0x00000000ed580000)
  to   space 5120K, 0% used [0x00000000ecb80000,0x00000000ecb80000,0x00000000ed080000)
 ParOldGen       total 87552K, used 3424K [0x00000000c0000000, 0x00000000c5580000, 0x00000000eab00000)
  object space 87552K, 3% used [0x00000000c0000000,0x00000000c0358330,0x00000000c5580000)
 Metaspace       used 6230K, capacity 7090K, committed 7296K, reserved 1056768K
  class space    used 604K, capacity 618K, committed 640K, reserved 1048576K
Event: 2.253 GC heap after
Heap after GC invocations=3 (full 0):
 PSYoungGen      total 38400K, used 5096K [0x00000000eab00000, 0x00000000ef600000, 0x0000000100000000)
  eden space 33280K, 0% used [0x00000000eab00000,0x00000000eab00000,0x00000000ecb80000)
  from space 5120K, 99% used [0x00000000ecb80000,0x00000000ed07a2a8,0x00000000ed080000)
  to   space 5120K, 0% used [0x00000000ef100000,0x00000000ef100000,0x00000000ef600000)
 ParOldGen       total 87552K, used 8715K [0x00000000c0000000, 0x00000000c5580000, 0x00000000eab00000)
  object space 87552K, 9% used [0x00000000c0000000,0x00000000c0882fd8,0x00000000c5580000)
 Metaspace       used 6230K, capacity 7090K, committed 7296K, reserved 1056768K
  class space    used 604K, capacity 618K, committed 640K, reserved 1048576K
}
Event: 2.549 GC heap before
{Heap before GC invocations=4 (full 0):
 PSYoungGen      total 38400K, used 38376K [0x00000000eab00000, 0x00000000ef600000, 0x0000000100000000)
  eden space 33280K, 100% used [0x00000000eab00000,0x00000000ecb80000,0x00000000ecb80000)
  from space 5120K, 99% used [0x00000000ecb80000,0x00000000ed07a2a8,0x00000000ed080000)
  to   space 5120K, 0% used [0x00000000ef100000,0x00000000ef100000,0x00000000ef600000)
 ParOldGen       total 87552K, used 8779K [0x00000000c0000000, 0x00000000c5580000, 0x00000000eab00000)
  object space 87552K, 10% used [0x00000000c0000000,0x00000000c0892dc0,0x00000000c5580000)
 Metaspace       used 6288K, capacity 7154K, committed 7296K, reserved 1056768K
  class space    used 604K, capacity 618K, committed 640K, reserved 1048576K
Event: 2.562 GC heap after
Heap after GC invocations=4 (full 0):
 PSYoungGen      total 71680K, used 5106K [0x00000000eab00000, 0x00000000ef600000, 0x0000000100000000)
  eden space 66560K, 0% used [0x00000000eab00000,0x00000000eab00000,0x00000000eec00000)
  from space 5120K, 99% used [0x00000000ef100000,0x00000000ef5fc8e8,0x00000000ef600000)
  to   space 5120K, 0% used [0x00000000eec00000,0x00000000eec00000,0x00000000ef100000)
 ParOldGen       total 87552K, used 13953K [0x00000000c0000000, 0x00000000c5580000, 0x00000000eab00000)
  object space 87552K, 15% used [0x00000000c0000000,0x00000000c0da0520,0x00000000c5580000)
 Metaspace       used 6288K, capacity 7154K, committed 7296K, reserved 1056768K
  class space    used 604K, capacity 618K, committed 640K, reserved 1048576K
}
Event: 2.900 GC heap before
{Heap before GC invocations=5 (full 0):
 PSYoungGen      total 71680K, used 71666K [0x00000000eab00000, 0x00000000ef600000, 0x0000000100000000)
  eden space 66560K, 100% used [0x00000000eab00000,0x00000000eec00000,0x00000000eec00000)
  from space 5120K, 99% used [0x00000000ef100000,0x00000000ef5fc8e8,0x00000000ef600000)
  to   space 5120K, 0% used [0x00000000eec00000,0x00000000eec00000,0x00000000ef100000)
 ParOldGen       total 87552K, used 13955K [0x00000000c0000000, 0x00000000c5580000, 0x00000000eab00000)
  object space 87552K, 15% used [0x00000000c0000000,0x00000000c0da0c50,0x00000000c5580000)
 Metaspace       used 6339K, capacity 7154K, committed 7296K, reserved 1056768K
  class space    used 604K, capacity 618K, committed 640K, reserved 1048576K
Event: 2.936 GC heap after
Heap after GC invocations=5 (full 0):
 PSYoungGen      total 71680K, used 5112K [0x00000000eab00000, 0x00000000ef600000, 0x0000000100000000)
  eden space 66560K, 0% used [0x00000000eab00000,0x00000000eab00000,0x00000000eec00000)
  from space 5120K, 99% used [0x00000000eec00000,0x00000000ef0fe2a8,0x00000000ef100000)
  to   space 5120K, 0% used [0x00000000ef100000,0x00000000ef100000,0x00000000ef600000)
 ParOldGen       total 87552K, used 24258K [0x00000000c0000000, 0x00000000c5580000, 0x00000000eab00000)
  object space 87552K, 27% used [0x00000000c0000000,0x00000000c17b0820,0x00000000c5580000)
 Metaspace       used 6339K, capacity 7154K, committed 7296K, reserved 1056768K
  class space    used 604K, capacity 618K, committed 640K, reserved 1048576K
}
Event: 3.386 GC heap before
{Heap before GC invocations=6 (full 0):
 PSYoungGen      total 71680K, used 71672K [0x00000000eab00000, 0x00000000ef600000, 0x0000000100000000)
  eden space 66560K, 100% used [0x00000000eab00000,0x00000000eec00000,0x00000000eec00000)
  from space 5120K, 99% used [0x00000000eec00000,0x00000000ef0fe2a8,0x00000000ef100000)
  to   space 5120K, 0% used [0x00000000ef100000,0x00000000ef100000,0x00000000ef600000)
 ParOldGen       total 87552K, used 24258K [0x00000000c0000000, 0x00000000c5580000, 0x00000000eab00000)
  object space 87552K, 27% used [0x00000000c0000000,0x00000000c17b0820,0x00000000c5580000)
 Metaspace       used 6390K, capacity 7218K, committed 7296K, reserved 1056768K
  class space    used 604K, capacity 618K, committed 640K, reserved 1048576K
Event: 3.420 GC heap after
Heap after GC invocations=6 (full 0):
 PSYoungGen      total 71680K, used 5114K [0x00000000eab00000, 0x00000000ef600000, 0x0000000100000000)
  eden space 66560K, 0% used [0x00000000eab00000,0x00000000eab00000,0x00000000eec00000)
  from space 5120K, 99% used [0x00000000ef100000,0x00000000ef5fe950,0x00000000ef600000)
  to   space 5120K, 0% used [0x00000000eec00000,0x00000000eec00000,0x00000000ef100000)
 ParOldGen       total 87552K, used 35368K [0x00000000c0000000, 0x00000000c5580000, 0x00000000eab00000)
  object space 87552K, 40% used [0x00000000c0000000,0x00000000c228a150,0x00000000c5580000)
 Metaspace       used 6390K, capacity 7218K, committed 7296K, reserved 1056768K
  class space    used 604K, capacity 618K, committed 640K, reserved 1048576K
}

Deoptimization events (10 events):
Event: 3.634 Thread 0x0000000018f58000 Uncommon trap: reason=bimorphic action=maybe_recompile pc=0x00000000039ee85c method=com.android.dx.cf.code.BytecodeArray.parseInstruction(ILcom/android/dx/cf/code/BytecodeArray$Visitor;)I @ 1161
Event: 3.635 Thread 0x0000000018f58000 Uncommon trap: reason=bimorphic action=maybe_recompile pc=0x00000000039ee85c method=com.android.dx.cf.code.BytecodeArray.parseInstruction(ILcom/android/dx/cf/code/BytecodeArray$Visitor;)I @ 1161
Event: 3.635 Thread 0x0000000018f58800 Uncommon trap: reason=unstable_if action=reinterpret pc=0x0000000003a130ec method=java.util.HashMap.putVal(ILjava/lang/Object;Ljava/lang/Object;ZZ)Ljava/lang/Object; @ 109
Event: 3.655 Thread 0x0000000018f58800 Uncommon trap: reason=unstable_if action=reinterpret pc=0x00000000036bb364 method=java.util.HashMap.getNode(ILjava/lang/Object;)Ljava/util/HashMap$Node; @ 84
Event: 3.674 Thread 0x0000000003107800 Uncommon trap: reason=bimorphic action=maybe_recompile pc=0x00000000039cf264 method=com.android.dx.cf.code.RopperMachine.run(Lcom/android/dx/cf/code/Frame;II)V @ 988
Event: 3.674 Thread 0x0000000003107800 Uncommon trap: reason=bimorphic action=maybe_recompile pc=0x00000000039cf264 method=com.android.dx.cf.code.RopperMachine.run(Lcom/android/dx/cf/code/Frame;II)V @ 988
Event: 3.674 Thread 0x0000000003107800 Uncommon trap: reason=bimorphic action=maybe_recompile pc=0x00000000039cf264 method=com.android.dx.cf.code.RopperMachine.run(Lcom/android/dx/cf/code/Frame;II)V @ 988
Event: 3.676 Thread 0x0000000003107800 Uncommon trap: reason=bimorphic action=maybe_recompile pc=0x00000000039d0ae8 method=com.android.dx.cf.code.RopperMachine.run(Lcom/android/dx/cf/code/Frame;II)V @ 310
Event: 3.676 Thread 0x0000000003107800 Uncommon trap: reason=bimorphic action=maybe_recompile pc=0x00000000039d0ae8 method=com.android.dx.cf.code.RopperMachine.run(Lcom/android/dx/cf/code/Frame;II)V @ 310
Event: 3.697 Thread 0x0000000018f58800 Uncommon trap: reason=unstable_if action=reinterpret pc=0x00000000037e264c method=com.android.dx.ssa.MoveParamCombiner$1.visitNonMoveInsn(Lcom/android/dx/ssa/NormalSsaInsn;)V @ 27

Internal exceptions (7 events):
Event: 0.069 Thread 0x0000000003107800 Exception <a 'java/lang/NoSuchMethodError': Method sun.misc.Unsafe.defineClass(Ljava/lang/String;[BII)Ljava/lang/Class; name or signature does not match> (0x00000000eab07cc0) thrown at [D:\re\workspace\8-2-build-windows-amd64-cygwin\jdk8u92\6642\hotspot\sr¨A√xùæ±?
Event: 0.069 Thread 0x0000000003107800 Exception <a 'java/lang/NoSuchMethodError': Method sun.misc.Unsafe.prefetchRead(Ljava/lang/Object;J)V name or signature does not match> (0x00000000eab07fa8) thrown at [D:\re\workspace\8-2-build-windows-amd64-cygwin\jdk8u92\6642\hotspot\src\share\vm\prims\j>„§9Ö˜?
Event: 1.440 Thread 0x0000000018f58800 Implicit null exception at 0x000000000364e322 to 0x000000000364e412
Event: 3.314 Thread 0x0000000018f58000 Implicit null exception at 0x00000000037f07ad to 0x00000000037f1fd9
Event: 3.523 Thread 0x0000000018f58800 Exception <a 'java/lang/ArrayIndexOutOfBoundsException': 18> (0x00000000ebded340) thrown at [D:\re\workspace\8-2-build-windows-amd64-cygwin\jdk8u92\6642\hotspot\src\share\vm\interpreter\interpreterRuntime.cpp, line 366]
Event: 3.523 Thread 0x0000000018f58800 Exception <a 'java/lang/ArrayIndexOutOfBoundsException': 145> (0x00000000ebdeeec0) thrown at [D:\re\workspace\8-2-build-windows-amd64-cygwin\jdk8u92\6642\hotspot\src\share\vm\interpreter\interpreterRuntime.cpp, line 366]
Event: 3.525 Thread 0x0000000018f58800 Exception <a 'java/lang/ArrayIndexOutOfBoundsException'> (0x00000000ebdf01a8) thrown at [D:\re\workspace\8-2-build-windows-amd64-cygwin\jdk8u92\6642\hotspot\src\share\vm\runtime\sharedRuntime.cpp, line 605]

Events (10 events):
Event: 3.674 Thread 0x0000000003107800 DEOPT UNPACKING pc=0x000000000327582a sp=0x00000000030edd98 mode 2
Event: 3.676 Thread 0x0000000003107800 Uncommon trap: trap_request=0xffffffc6 fr.pc=0x00000000039d0ae8
Event: 3.676 Thread 0x0000000003107800 DEOPT PACKING pc=0x00000000039d0ae8 sp=0x00000000030edcf0
Event: 3.676 Thread 0x0000000003107800 DEOPT UNPACKING pc=0x000000000327582a sp=0x00000000030edc90 mode 2
Event: 3.676 Thread 0x0000000003107800 Uncommon trap: trap_request=0xffffffc6 fr.pc=0x00000000039d0ae8
Event: 3.676 Thread 0x0000000003107800 DEOPT PACKING pc=0x00000000039d0ae8 sp=0x00000000030edcf0
Event: 3.676 Thread 0x0000000003107800 DEOPT UNPACKING pc=0x000000000327582a sp=0x00000000030edc90 mode 2
Event: 3.694 Thread 0x0000000018f58800 Uncommon trap: trap_request=0xffffff65 fr.pc=0x00000000037e264c
Event: 3.697 Thread 0x0000000018f58800 DEOPT PACKING pc=0x00000000037e264c sp=0x0000000019a2e5e0
Event: 3.697 Thread 0x0000000018f58800 DEOPT UNPACKING pc=0x000000000327582a sp=0x0000000019a2e538 mode 2


Dynamic libraries:
0x00007ff71e240000 - 0x00007ff71e277000 	C:\Program Files\Java\jdk1.8.0_92\bin\java.exe
0x00007ffe694c0000 - 0x00007ffe69691000 	C:\WINDOWS\SYSTEM32\ntdll.dll
0x00007ffe68c10000 - 0x00007ffe68cbb000 	C:\WINDOWS\System32\KERNEL32.DLL
0x00007ffe66360000 - 0x00007ffe6657d000 	C:\WINDOWS\System32\KERNELBASE.dll
0x000000006c240000 - 0x000000006c2ee000 	C:\Program Files\Bitdefender\Bitdefender 2016\Active Virus Control\Avc3_00379_052\avcuf64.dll
0x00007ffe63e10000 - 0x00007ffe63e8a000 	C:\WINDOWS\system32\apphelp.dll
0x00007ffe2edf0000 - 0x00007ffe2f272000 	C:\WINDOWS\AppPatch\AppPatch64\AcLayers.DLL
0x00007ffe69140000 - 0x00007ffe691de000 	C:\WINDOWS\System32\msvcrt.dll
0x00007ffe69200000 - 0x00007ffe69365000 	C:\WINDOWS\System32\USER32.dll
0x00007ffe65b00000 - 0x00007ffe65b1e000 	C:\WINDOWS\System32\win32u.dll
0x00007ffe69380000 - 0x00007ffe693b4000 	C:\WINDOWS\System32\GDI32.dll
0x00007ffe666d0000 - 0x00007ffe66852000 	C:\WINDOWS\System32\gdi32full.dll
0x00007ffe69460000 - 0x00007ffe694b2000 	C:\WINDOWS\System32\SHLWAPI.dll
0x00007ffe68410000 - 0x00007ffe686d8000 	C:\WINDOWS\System32\combase.dll
0x00007ffe65990000 - 0x00007ffe65a85000 	C:\WINDOWS\System32\ucrtbase.dll
0x00007ffe68f40000 - 0x00007ffe69061000 	C:\WINDOWS\System32\RPCRT4.dll
0x00007ffe65a90000 - 0x00007ffe65afa000 	C:\WINDOWS\System32\bcryptPrimitives.dll
0x0000000000ff0000 - 0x0000000000ff3000 	C:\WINDOWS\SYSTEM32\sfc.dll
0x00007ffe5a350000 - 0x00007ffe5a3d5000 	C:\WINDOWS\SYSTEM32\WINSPOOL.DRV
0x00007ffe654e0000 - 0x00007ffe6550b000 	C:\WINDOWS\SYSTEM32\bcrypt.dll
0x00007ffe4bce0000 - 0x00007ffe4bcf1000 	C:\WINDOWS\SYSTEM32\sfc_os.DLL
0x00007ffe556b0000 - 0x00007ffe556c1000 	C:\WINDOWS\SYSTEM32\SortWindows61.dll
0x00007ffe66ae0000 - 0x00007ffe66b0e000 	C:\WINDOWS\System32\IMM32.DLL
0x00007ffe64a20000 - 0x00007ffe64a50000 	C:\WINDOWS\system32\DriverStore\FileRepository\nvlti.inf_amd64_03205ffa8fdea79d\nvinitx.dll
0x00007ffe66a30000 - 0x00007ffe66ad2000 	C:\WINDOWS\System32\ADVAPI32.dll
0x00007ffe686e0000 - 0x00007ffe68739000 	C:\WINDOWS\System32\sechost.dll
0x00007ffe649f0000 - 0x00007ffe649fa000 	C:\WINDOWS\SYSTEM32\VERSION.dll
0x00007ffe66c50000 - 0x00007ffe68159000 	C:\WINDOWS\System32\Shell32.dll
0x00007ffe65c30000 - 0x00007ffe65c72000 	C:\WINDOWS\System32\cfgmgr32.dll
0x00007ffe65c80000 - 0x00007ffe6635a000 	C:\WINDOWS\System32\windows.storage.dll
0x00007ffe65940000 - 0x00007ffe6598c000 	C:\WINDOWS\System32\powrprof.dll
0x00007ffe65930000 - 0x00007ffe6593f000 	C:\WINDOWS\System32\kernel.appcore.dll
0x00007ffe66620000 - 0x00007ffe666c9000 	C:\WINDOWS\System32\shcore.dll
0x00007ffe65910000 - 0x00007ffe65924000 	C:\WINDOWS\System32\profapi.dll
0x000000006d6c0000 - 0x000000006d6c6000 	C:\Program Files\NVIDIA Corporation\CoProcManager\_etoured.dll
0x00007ffe619f0000 - 0x00007ffe61a2b000 	C:\Program Files\NVIDIA Corporation\CoProcManager\nvd3d9wrapx.dll
0x00007ffe68760000 - 0x00007ffe68b89000 	C:\WINDOWS\System32\SETUPAPI.dll
0x00007ffe618c0000 - 0x00007ffe618e4000 	C:\Program Files\NVIDIA Corporation\CoProcManager\nvdxgiwrapx.dll
0x00007ffe5ac70000 - 0x00007ffe5aee9000 	C:\WINDOWS\WinSxS\amd64_microsoft.windows.common-controls_6595b64144ccf1df_6.0.14393.447_none_42191651c6827bb3\COMCTL32.dll
0x000000006aa30000 - 0x000000006ab02000 	C:\Program Files\Java\jdk1.8.0_92\jre\bin\msvcr100.dll
0x000000006a190000 - 0x000000006aa26000 	C:\Program Files\Java\jdk1.8.0_92\jre\bin\server\jvm.dll
0x00007ffe69370000 - 0x00007ffe69378000 	C:\WINDOWS\System32\PSAPI.DLL
0x00007ffe5a790000 - 0x00007ffe5a799000 	C:\WINDOWS\SYSTEM32\WSOCK32.dll
0x00007ffe690d0000 - 0x00007ffe6913a000 	C:\WINDOWS\System32\WS2_32.dll
0x00007ffe637e0000 - 0x00007ffe63803000 	C:\WINDOWS\SYSTEM32\WINMM.dll
0x00007ffe635a0000 - 0x00007ffe635cb000 	C:\WINDOWS\SYSTEM32\WINMMBASE.dll
0x000000006a180000 - 0x000000006a18f000 	C:\Program Files\Java\jdk1.8.0_92\jre\bin\verify.dll
0x000000006a150000 - 0x000000006a179000 	C:\Program Files\Java\jdk1.8.0_92\jre\bin\java.dll
0x000000006a130000 - 0x000000006a146000 	C:\Program Files\Java\jdk1.8.0_92\jre\bin\zip.dll

VM Arguments:
jvm_args: -Djava.awt.headless=true -Xmx1024M -Dfile.encoding=windows-1252 -Duser.country=US -Duser.language=en -Duser.variant 
java_command: com.android.dx.command.Main --dex --force-jumbo --num-threads=4 --multi-dex --output C:\Users\kikkos\AndroidStudioProjects\Udacity\SunshineWear\app\build\intermediates\transforms\dex\debug\folders\1000\10\com.android.support-support-v4-24.0.0_bfe2e8b3ac8c4a15579a87286323680af90d39ad C:\Users\kikkos\AndroidStudioProjects\Udacity\SunshineWear\app\build\intermediates\exploded-aar\com.android.support\support-v4\24.0.0\jars\classes.jar
java_class_path (initial): C:\Users\kikkos\AppData\Local\Android\sdk\build-tools\23.0.3\lib\dx.jar
Launcher Type: SUN_STANDARD

Environment Variables:
JAVA_HOME=C:\Program Files\Java\jdk1.8.0_92
PATH=C:\Program Files (x86)\Intel\iCLS Client\;C:\Program Files\Intel\iCLS Client\;C:\ProgramData\Oracle\Java\javapath;C:\Program Files\ImageMagick-6.8.9-Q16;C:\WINDOWS\system32;C:\WINDOWS;C:\WINDOWS\System32\Wbem;C:\Program Files\Lenovo\Bluetooth Software\;C:\Program Files\Lenovo\Bluetooth Software\syswow64;C:\Program Files\Intel\WiFi\bin\;C:\Program Files\Common Files\Intel\WirelessCommon\;C:\Program Files\Microsoft\Web Platform Installer\;C:\WINDOWS\System32\WindowsPowerShell\v1.0\;C:\Program Files\Microsoft SQL Server\110\Tools\Binn\;C:\Program Files\Sublime Text 2;C:\Program Files (x86)\Heroku\bin;C:\Program Files\Intel\Intel(R) Management Engine Components\DAL;C:\Program Files\Intel\Intel(R) Management Engine Components\IPT;C:\Program Files (x86)\Intel\Intel(R) Management Engine Components\DAL;C:\Program Files (x86)\Intel\Intel(R) Management Engine Components\IPT;C:\Program Files (x86)\NVIDIA Corporation\PhysX\Common;C:\WINDOWS\system32;C:\WINDOWS;C:\WINDOWS\System32\Wbem;C:\WINDOWS\System32\WindowsPowerShell\v1.0\;C:\Program Files (x86)\Skype\Phone\;C:\Ruby23-x64\bin;C:\Program Files (x86)\MySQL\MySQL Fabric 1.5 & MySQL Utilities 1.5\;C:\Program Files (x86)\MySQL\MySQL Fabric 1.5 & MySQL Utilities 1.5\Doctrine extensions for PHP\;C:\Program Files\MySQL\MySQL Server 5.7\bin;C:\RailsInstaller\Ruby2.2.0\bin;C:\Users\kikkos\AppData\Local\GitHub\PortableGit_d76a6a98c9315931ec4927243517bc09e9b731a0\cmd;C:\Users\kikkos\AppData\Local\Android\sdk\platform-tools;C:\cURL\bin;C:\Program Files\Intel\WiFi\bin\;C:\Program Files\Common Files\Intel\WirelessCommon\;C:\sqlite;C:\Users\kikkos\AppData\Local\Microsoft\WindowsApps;C:\Program Files\Java\jdk1.8.0_92\bin;C:\gradle-3.2.1\bin\
USERNAME=kikkos
OS=Windows_NT
PROCESSOR_IDENTIFIER=Intel64 Family 6 Model 42 Stepping 7, GenuineIntel



---------------  S Y S T E M  ---------------

OS: Windows 10.0 , 64 bit Build 14393 (10.0.14393.0)

CPU:total 8 (4 cores per cpu, 2 threads per core) family 6 model 42 stepping 7, cmov, cx8, fxsr, mmx, sse, sse2, sse3, ssse3, sse4.1, sse4.2, popcnt, avx, aes, clmul, ht, tsc, tscinvbit

Memory: 4k page, physical 8300684k(1575308k free), swap 8505484k(5308k free)

vm_info: Java HotSpot(TM) 64-Bit Server VM (25.92-b14) for windows-amd64 JRE (1.8.0_92-b14), built on Mar 31 2016 21:03:04 by "java_re" with MS VC++ 10.0 (VS2010)

time: Sat Dec 31 18:56:13 2016
elapsed time: 3 seconds (0d 0h 0m 3s)

