#
# There is insufficient memory for the Java Runtime Environment to continue.
# Native memory allocation (malloc) failed to allocate 1048576 bytes for AllocateHeap
# Possible reasons:
#   The system is out of physical RAM or swap space
#   In 32 bit mode, the process size limit was hit
# Possible solutions:
#   Reduce memory load on the system
#   Increase physical memory or swap space
#   Check if swap backing store is full
#   Use 64 bit Java on a 64 bit OS
#   Decrease Java heap size (-Xmx/-Xms)
#   Decrease number of Java threads
#   Decrease Java thread stack sizes (-Xss)
#   Set larger code cache with -XX:ReservedCodeCacheSize=
# This output file may be truncated or incomplete.
#
#  Out of Memory Error (memory/allocation.inline.hpp:61), pid=17832, tid=0x0000000000002bd0
#
# JRE version:  (8.0_92-b14) (build )
# Java VM: Java HotSpot(TM) 64-Bit Server VM (25.92-b14 mixed mode windows-amd64 compressed oops)
# Failed to write core dump. Minidumps are not enabled by default on client versions of Windows
#

---------------  T H R E A D  ---------------

Current thread (0x00000000031b7800):  JavaThread "Unknown thread" [_thread_in_vm, id=11216, stack(0x0000000003060000,0x0000000003160000)]

Stack: [0x0000000003060000,0x0000000003160000]
[error occurred during error reporting (printing stack bounds), id 0xc0000005]

Native frames: (J=compiled Java code, j=interpreted, Vv=VM code, C=native code)


---------------  P R O C E S S  ---------------

Java Threads: ( => current thread )

Other Threads:

=>0x00000000031b7800 (exited) JavaThread "Unknown thread" [_thread_in_vm, id=11216, stack(0x0000000003060000,0x0000000003160000)]

VM state:not at safepoint (normal execution)

VM Mutex/Monitor currently owned by a thread: None

Heap:
 PSYoungGen      total 38400K, used 665K [0x00000000eab00000, 0x00000000ed580000, 0x0000000100000000)
  eden space 33280K, 2% used [0x00000000eab00000,0x00000000eaba6670,0x00000000ecb80000)
  from space 5120K, 0% used [0x00000000ed080000,0x00000000ed080000,0x00000000ed580000)
  to   space 5120K, 0% used [0x00000000ecb80000,0x00000000ecb80000,0x00000000ed080000)
 ParOldGen       total 87552K, used 0K [0x00000000c0000000, 0x00000000c5580000, 0x00000000eab00000)
  object space 87552K, 0% used [0x00000000c0000000,0x00000000c0000000,0x00000000c5580000)
 Metaspace       used 769K, capacity 4480K, committed 4480K, reserved 1056768K
  class space    used 75K, capacity 384K, committed 384K, reserved 1048576K

Card table byte_map: [0x0000000012760000,0x0000000012970000] byte_map_base: 0x0000000012160000

Marking Bits: (ParMarkBitMap*) 0x00000000510564f0
 Begin Bits: [0x00000000132d0000, 0x00000000142d0000)
 End Bits:   [0x00000000142d0000, 0x00000000152d0000)

Polling page: 0x0000000003160000

CodeCache: size=245760Kb used=328Kb max_used=328Kb free=245431Kb
 bounds [0x00000000033a0000, 0x0000000003610000, 0x00000000123a0000]
 total_blobs=58 nmethods=0 adapters=38
 compilation: enabled

Compilation events (0 events):
No events

GC Heap History (0 events):
No events

Deoptimization events (0 events):
No events

Internal exceptions (0 events):
No events

Events (10 events):
Event: 0.197 loading class java/lang/Short
Event: 0.197 loading class java/lang/Short done
Event: 0.198 loading class java/lang/Integer
Event: 0.198 loading class java/lang/Integer done
Event: 0.198 loading class java/lang/Long
Event: 0.198 loading class java/lang/Long done
Event: 0.199 loading class java/lang/NullPointerException
Event: 0.199 loading class java/lang/NullPointerException done
Event: 0.199 loading class java/lang/ArithmeticException
Event: 0.199 loading class java/lang/ArithmeticException done


Dynamic libraries:
0x00007ff78fa70000 - 0x00007ff78faa7000 	C:\Program Files\Java\jdk1.8.0_92\bin\java.exe
0x00007ff8f3990000 - 0x00007ff8f3b61000 	C:\WINDOWS\SYSTEM32\ntdll.dll
0x00007ff8f2b50000 - 0x00007ff8f2bfb000 	C:\WINDOWS\System32\KERNEL32.DLL
0x00007ff8f0820000 - 0x00007ff8f0a3d000 	C:\WINDOWS\System32\KERNELBASE.dll
0x0000000053620000 - 0x00000000536ce000 	C:\Program Files\Bitdefender\Bitdefender 2016\Active Virus Control\Avc3_00379_052\avcuf64.dll
0x00007ff8ee340000 - 0x00007ff8ee3ba000 	C:\WINDOWS\system32\apphelp.dll
0x00007ff8c9b10000 - 0x00007ff8c9f92000 	C:\WINDOWS\AppPatch\AppPatch64\AcLayers.DLL
0x00007ff8f2520000 - 0x00007ff8f25be000 	C:\WINDOWS\System32\msvcrt.dll
0x00007ff8f2c00000 - 0x00007ff8f2d65000 	C:\WINDOWS\System32\USER32.dll
0x00007ff8f0d90000 - 0x00007ff8f0dae000 	C:\WINDOWS\System32\win32u.dll
0x00007ff8f2680000 - 0x00007ff8f26b4000 	C:\WINDOWS\System32\GDI32.dll
0x00007ff8f0a40000 - 0x00007ff8f0bc2000 	C:\WINDOWS\System32\gdi32full.dll
0x00007ff8f0f20000 - 0x00007ff8f0f72000 	C:\WINDOWS\System32\SHLWAPI.dll
0x00007ff8f2d70000 - 0x00007ff8f3038000 	C:\WINDOWS\System32\combase.dll
0x00007ff8f0db0000 - 0x00007ff8f0ea5000 	C:\WINDOWS\System32\ucrtbase.dll
0x00007ff8f3860000 - 0x00007ff8f3981000 	C:\WINDOWS\System32\RPCRT4.dll
0x00007ff8f0bd0000 - 0x00007ff8f0c3a000 	C:\WINDOWS\System32\bcryptPrimitives.dll
0x0000000001440000 - 0x0000000001443000 	C:\WINDOWS\SYSTEM32\sfc.dll
0x00007ff8e4f40000 - 0x00007ff8e4fc5000 	C:\WINDOWS\SYSTEM32\WINSPOOL.DRV
0x00007ff8ef9b0000 - 0x00007ff8ef9db000 	C:\WINDOWS\SYSTEM32\bcrypt.dll
0x00007ff8d3e70000 - 0x00007ff8d3e81000 	C:\WINDOWS\SYSTEM32\sfc_os.DLL
0x00007ff8ea420000 - 0x00007ff8ea431000 	C:\WINDOWS\SYSTEM32\SortWindows61.dll
0x00007ff8f3140000 - 0x00007ff8f316e000 	C:\WINDOWS\System32\IMM32.DLL
0x00007ff8eecd0000 - 0x00007ff8eed00000 	C:\WINDOWS\system32\DriverStore\FileRepository\nvlti.inf_amd64_03205ffa8fdea79d\nvinitx.dll
0x00007ff8f3370000 - 0x00007ff8f3412000 	C:\WINDOWS\System32\ADVAPI32.dll
0x00007ff8f26c0000 - 0x00007ff8f2719000 	C:\WINDOWS\System32\sechost.dll
0x00007ff8eecc0000 - 0x00007ff8eecca000 	C:\WINDOWS\SYSTEM32\VERSION.dll
0x00007ff8f1010000 - 0x00007ff8f2519000 	C:\WINDOWS\System32\Shell32.dll
0x00007ff8f0eb0000 - 0x00007ff8f0ef2000 	C:\WINDOWS\System32\cfgmgr32.dll
0x00007ff8f0140000 - 0x00007ff8f081a000 	C:\WINDOWS\System32\windows.storage.dll
0x00007ff8efde0000 - 0x00007ff8efe2c000 	C:\WINDOWS\System32\powrprof.dll
0x00007ff8efdd0000 - 0x00007ff8efddf000 	C:\WINDOWS\System32\kernel.appcore.dll
0x00007ff8f0c40000 - 0x00007ff8f0ce9000 	C:\WINDOWS\System32\shcore.dll
0x00007ff8efe30000 - 0x00007ff8efe44000 	C:\WINDOWS\System32\profapi.dll
0x0000000054900000 - 0x0000000054906000 	C:\Program Files\NVIDIA Corporation\CoProcManager\_etoured.dll
0x00007ff8ebce0000 - 0x00007ff8ebd1b000 	C:\Program Files\NVIDIA Corporation\CoProcManager\nvd3d9wrapx.dll
0x00007ff8f2720000 - 0x00007ff8f2b49000 	C:\WINDOWS\System32\SETUPAPI.dll
0x00007ff8ebba0000 - 0x00007ff8ebbc4000 	C:\Program Files\NVIDIA Corporation\CoProcManager\nvdxgiwrapx.dll
0x00007ff8e5430000 - 0x00007ff8e56a9000 	C:\WINDOWS\WinSxS\amd64_microsoft.windows.common-controls_6595b64144ccf1df_6.0.14393.447_none_42191651c6827bb3\COMCTL32.dll
0x00000000530a0000 - 0x0000000053172000 	C:\Program Files\Java\jdk1.8.0_92\jre\bin\msvcr100.dll
0x0000000050840000 - 0x00000000510d6000 	C:\Program Files\Java\jdk1.8.0_92\jre\bin\server\jvm.dll
0x00007ff8f37c0000 - 0x00007ff8f37c8000 	C:\WINDOWS\System32\PSAPI.DLL
0x00007ff8e4af0000 - 0x00007ff8e4af9000 	C:\WINDOWS\SYSTEM32\WSOCK32.dll
0x00007ff8f37d0000 - 0x00007ff8f383a000 	C:\WINDOWS\System32\WS2_32.dll
0x00007ff8edbf0000 - 0x00007ff8edc13000 	C:\WINDOWS\SYSTEM32\WINMM.dll
0x00007ff8eda70000 - 0x00007ff8eda9b000 	C:\WINDOWS\SYSTEM32\WINMMBASE.dll
0x0000000053090000 - 0x000000005309f000 	C:\Program Files\Java\jdk1.8.0_92\jre\bin\verify.dll
0x00000000516c0000 - 0x00000000516e9000 	C:\Program Files\Java\jdk1.8.0_92\jre\bin\java.dll
0x00000000516a0000 - 0x00000000516b6000 	C:\Program Files\Java\jdk1.8.0_92\jre\bin\zip.dll

VM Arguments:
jvm_args: -Djava.awt.headless=true -Xmx1024M -Dfile.encoding=windows-1252 -Duser.country=US -Duser.language=en -Duser.variant 
java_command: com.android.dx.command.Main --dex --force-jumbo --num-threads=4 --multi-dex --output C:\Users\kikkos\AndroidStudioProjects\Udacity\SunshineWear\app\build\intermediates\transforms\dex\debug\folders\1000\10\com.android.support-preference-v7-23.0.1_39e460d01894bc871ed28ea8e6561b418384f2ff C:\Users\kikkos\AndroidStudioProjects\Udacity\SunshineWear\app\build\intermediates\exploded-aar\com.android.support\preference-v7\23.0.1\jars\classes.jar
java_class_path (initial): C:\Users\kikkos\AppData\Local\Android\sdk\build-tools\23.0.3\lib\dx.jar
Launcher Type: SUN_STANDARD

Environment Variables:
JAVA_HOME=C:\Program Files\Java\jdk1.8.0_92
PATH=C:\Program Files (x86)\Intel\iCLS Client\;C:\Program Files\Intel\iCLS Client\;C:\ProgramData\Oracle\Java\javapath;C:\Program Files\ImageMagick-6.8.9-Q16;C:\WINDOWS\system32;C:\WINDOWS;C:\WINDOWS\System32\Wbem;C:\Program Files\Lenovo\Bluetooth Software\;C:\Program Files\Lenovo\Bluetooth Software\syswow64;C:\Program Files\Intel\WiFi\bin\;C:\Program Files\Common Files\Intel\WirelessCommon\;C:\Program Files\Microsoft\Web Platform Installer\;C:\WINDOWS\System32\WindowsPowerShell\v1.0\;C:\Program Files\Microsoft SQL Server\110\Tools\Binn\;C:\Program Files\Sublime Text 2;C:\Program Files (x86)\Heroku\bin;C:\Program Files\Intel\Intel(R) Management Engine Components\DAL;C:\Program Files\Intel\Intel(R) Management Engine Components\IPT;C:\Program Files (x86)\Intel\Intel(R) Management Engine Components\DAL;C:\Program Files (x86)\Intel\Intel(R) Management Engine Components\IPT;C:\Program Files (x86)\NVIDIA Corporation\PhysX\Common;C:\WINDOWS\system32;C:\WINDOWS;C:\WINDOWS\System32\Wbem;C:\WINDOWS\System32\WindowsPowerShell\v1.0\;C:\Program Files (x86)\Skype\Phone\;C:\Ruby23-x64\bin;C:\Program Files (x86)\MySQL\MySQL Fabric 1.5 & MySQL Utilities 1.5\;C:\Program Files (x86)\MySQL\MySQL Fabric 1.5 & MySQL Utilities 1.5\Doctrine extensions for PHP\;C:\Program Files\MySQL\MySQL Server 5.7\bin;C:\RailsInstaller\Ruby2.2.0\bin;C:\Users\kikkos\AppData\Local\GitHub\PortableGit_d76a6a98c9315931ec4927243517bc09e9b731a0\cmd;C:\Users\kikkos\AppData\Local\Android\sdk\platform-tools;C:\cURL\bin;C:\Program Files\Intel\WiFi\bin\;C:\Program Files\Common Files\Intel\WirelessCommon\;C:\sqlite;C:\Users\kikkos\AppData\Local\Microsoft\WindowsApps;C:\Program Files\Java\jdk1.8.0_92\bin;C:\gradle-3.2.1\bin\
USERNAME=kikkos
OS=Windows_NT
PROCESSOR_IDENTIFIER=Intel64 Family 6 Model 42 Stepping 7, GenuineIntel



---------------  S Y S T E M  ---------------

OS: Windows 10.0 , 64 bit Build 14393 (10.0.14393.0)

CPU:total 8 (4 cores per cpu, 2 threads per core) family 6 model 42 stepping 7, cmov, cx8, fxsr, mmx, sse, sse2, sse3, ssse3, sse4.1, sse4.2, popcnt, avx, aes, clmul, ht, tsc, tscinvbit

Memory: 4k page, physical 8300684k(1802612k free), swap 8505484k(5120k free)

vm_info: Java HotSpot(TM) 64-Bit Server VM (25.92-b14) for windows-amd64 JRE (1.8.0_92-b14), built on Mar 31 2016 21:03:04 by "java_re" with MS VC++ 10.0 (VS2010)

time: Thu Dec 29 11:31:30 2016
elapsed time: 0 seconds (0d 0h 0m 0s)

