#
# There is insufficient memory for the Java Runtime Environment to continue.
# Native memory allocation (malloc) failed to allocate 16 bytes for AllocateHeap
# Possible reasons:
#   The system is out of physical RAM or swap space
#   In 32 bit mode, the process size limit was hit
# Possible solutions:
#   Reduce memory load on the system
#   Increase physical memory or swap space
#   Check if swap backing store is full
#   Use 64 bit Java on a 64 bit OS
#   Decrease Java heap size (-Xmx/-Xms)
#   Decrease number of Java threads
#   Decrease Java thread stack sizes (-Xss)
#   Set larger code cache with -XX:ReservedCodeCacheSize=
# This output file may be truncated or incomplete.
#
#  Out of Memory Error (memory/allocation.inline.hpp:61), pid=6644, tid=0x0000000000002bf4
#
# JRE version: Java(TM) SE Runtime Environment (8.0_92-b14) (build 1.8.0_92-b14)
# Java VM: Java HotSpot(TM) 64-Bit Server VM (25.92-b14 mixed mode windows-amd64 compressed oops)
# Failed to write core dump. Minidumps are not enabled by default on client versions of Windows
#

---------------  T H R E A D  ---------------

Current thread (0x0000000016f1c000):  JavaThread "pool-2-thread-1" [_thread_in_vm, id=11252, stack(0x0000000018600000,0x0000000018700000)]

Stack: [0x0000000018600000,0x0000000018700000]
[error occurred during error reporting (printing stack bounds), id 0xc0000005]

Native frames: (J=compiled Java code, j=interpreted, Vv=VM code, C=native code)

Java frames: (J=compiled Java code, j=interpreted, Vv=VM code)
j  java.lang.ClassLoader.defineClass1(Ljava/lang/String;[BIILjava/security/ProtectionDomain;Ljava/lang/String;)Ljava/lang/Class;+0
j  java.lang.ClassLoader.defineClass(Ljava/lang/String;[BIILjava/security/ProtectionDomain;)Ljava/lang/Class;+27
j  java.security.SecureClassLoader.defineClass(Ljava/lang/String;[BIILjava/security/CodeSource;)Ljava/lang/Class;+12
j  java.net.URLClassLoader.defineClass(Ljava/lang/String;Lsun/misc/Resource;)Ljava/lang/Class;+138
j  java.net.URLClassLoader.access$100(Ljava/net/URLClassLoader;Ljava/lang/String;Lsun/misc/Resource;)Ljava/lang/Class;+3
j  java.net.URLClassLoader$1.run()Ljava/lang/Class;+43
J 201 C1 java.net.URLClassLoader$1.run()Ljava/lang/Object; (5 bytes) @ 0x0000000002e8210c [0x0000000002e82080+0x8c]
v  ~StubRoutines::call_stub
j  java.security.AccessController.doPrivileged(Ljava/security/PrivilegedExceptionAction;Ljava/security/AccessControlContext;)Ljava/lang/Object;+0
J 199 C1 java.net.URLClassLoader.findClass(Ljava/lang/String;)Ljava/lang/Class; (47 bytes) @ 0x0000000002e829c4 [0x0000000002e82840+0x184]
J 155 C1 java.lang.ClassLoader.loadClass(Ljava/lang/String;Z)Ljava/lang/Class; (122 bytes) @ 0x0000000002e6926c [0x0000000002e68900+0x96c]
j  sun.misc.Launcher$AppClassLoader.loadClass(Ljava/lang/String;Z)Ljava/lang/Class;+81
j  java.lang.ClassLoader.loadClass(Ljava/lang/String;)Ljava/lang/Class;+3
v  ~StubRoutines::call_stub
j  com.android.dx.dex.cf.CfTranslator.processMethods(Lcom/android/dx/cf/direct/DirectClassFile;Lcom/android/dx/dex/cf/CfOptions;Lcom/android/dx/dex/DexOptions;Lcom/android/dx/dex/file/ClassDefItem;Lcom/android/dx/dex/file/DexFile;)V+176
j  com.android.dx.dex.cf.CfTranslator.translate0(Lcom/android/dx/cf/direct/DirectClassFile;[BLcom/android/dx/dex/cf/CfOptions;Lcom/android/dx/dex/DexOptions;Lcom/android/dx/dex/file/DexFile;)Lcom/android/dx/dex/file/ClassDefItem;+120
j  com.android.dx.dex.cf.CfTranslator.translate(Lcom/android/dx/cf/direct/DirectClassFile;[BLcom/android/dx/dex/cf/CfOptions;Lcom/android/dx/dex/DexOptions;Lcom/android/dx/dex/file/DexFile;)Lcom/android/dx/dex/file/ClassDefItem;+6
j  com.android.dx.command.dexer.Main.translateClass([BLcom/android/dx/cf/direct/DirectClassFile;)Lcom/android/dx/dex/file/ClassDefItem;+17
j  com.android.dx.command.dexer.Main.access$2700([BLcom/android/dx/cf/direct/DirectClassFile;)Lcom/android/dx/dex/file/ClassDefItem;+2
j  com.android.dx.command.dexer.Main$ClassTranslatorTask.call()Lcom/android/dx/dex/file/ClassDefItem;+8
j  com.android.dx.command.dexer.Main$ClassTranslatorTask.call()Ljava/lang/Object;+1
j  java.util.concurrent.FutureTask.run()V+42
j  java.util.concurrent.ThreadPoolExecutor.runWorker(Ljava/util/concurrent/ThreadPoolExecutor$Worker;)V+95
j  java.util.concurrent.ThreadPoolExecutor$Worker.run()V+5
j  java.lang.Thread.run()V+11
v  ~StubRoutines::call_stub

---------------  P R O C E S S  ---------------

Java Threads: ( => current thread )
  0x0000000016f2c800 JavaThread "pool-2-thread-4" [_thread_blocked, id=9272, stack(0x0000000018a00000,0x0000000018b00000)]
  0x0000000016f2c000 JavaThread "pool-2-thread-3" [_thread_blocked, id=11280, stack(0x0000000018900000,0x0000000018a00000)]
  0x0000000016f21000 JavaThread "pool-2-thread-2" [_thread_blocked, id=9148, stack(0x0000000018800000,0x0000000018900000)]
  0x0000000016f1e800 JavaThread "pool-3-thread-1" [_thread_blocked, id=4328, stack(0x0000000018700000,0x0000000018800000)]
=>0x0000000016f1c000 JavaThread "pool-2-thread-1" [_thread_in_vm, id=11252, stack(0x0000000018600000,0x0000000018700000)]
  0x0000000016c8e000 JavaThread "Service Thread" daemon [_thread_blocked, id=11796, stack(0x0000000018300000,0x0000000018400000)]
  0x0000000016c16000 JavaThread "C1 CompilerThread3" daemon [_thread_blocked, id=13080, stack(0x0000000018200000,0x0000000018300000)]
  0x0000000016c12000 JavaThread "C2 CompilerThread2" daemon [_thread_blocked, id=4028, stack(0x0000000018100000,0x0000000018200000)]
  0x0000000016c09000 JavaThread "C2 CompilerThread1" daemon [_thread_blocked, id=13056, stack(0x0000000018000000,0x0000000018100000)]
  0x0000000016c07000 JavaThread "C2 CompilerThread0" daemon [_thread_blocked, id=11332, stack(0x0000000017f00000,0x0000000018000000)]
  0x0000000016c01800 JavaThread "Attach Listener" daemon [_thread_blocked, id=3276, stack(0x0000000017e00000,0x0000000017f00000)]
  0x0000000016c00800 JavaThread "Signal Dispatcher" daemon [_thread_blocked, id=1452, stack(0x0000000017d00000,0x0000000017e00000)]
  0x0000000016bb8000 JavaThread "Finalizer" daemon [_thread_blocked, id=12720, stack(0x0000000017b10000,0x0000000017c10000)]
  0x0000000016b86000 JavaThread "Reference Handler" daemon [_thread_blocked, id=3844, stack(0x0000000017a10000,0x0000000017b10000)]
  0x0000000002c17800 JavaThread "main" [_thread_blocked, id=4796, stack(0x0000000002aa0000,0x0000000002ba0000)]

Other Threads:
  0x0000000015830000 VMThread [stack: 0x0000000017910000,0x0000000017a10000] [id=10960]
  0x0000000016c93800 WatcherThread [stack: 0x0000000018400000,0x0000000018500000] [id=12044]

VM state:not at safepoint (normal execution)

VM Mutex/Monitor currently owned by a thread: None

Heap:
 PSYoungGen      total 38400K, used 8668K [0x00000000eab00000, 0x00000000ed580000, 0x0000000100000000)
  eden space 33280K, 26% used [0x00000000eab00000,0x00000000eb377038,0x00000000ecb80000)
  from space 5120K, 0% used [0x00000000ed080000,0x00000000ed080000,0x00000000ed580000)
  to   space 5120K, 0% used [0x00000000ecb80000,0x00000000ecb80000,0x00000000ed080000)
 ParOldGen       total 87552K, used 0K [0x00000000c0000000, 0x00000000c5580000, 0x00000000eab00000)
  object space 87552K, 0% used [0x00000000c0000000,0x00000000c0000000,0x00000000c5580000)
 Metaspace       used 4241K, capacity 5328K, committed 5504K, reserved 1056768K
  class space    used 475K, capacity 520K, committed 640K, reserved 1048576K

Card table byte_map: [0x00000000120d0000,0x00000000122e0000] byte_map_base: 0x0000000011ad0000

Marking Bits: (ParMarkBitMap*) 0x000000005ad664f0
 Begin Bits: [0x0000000012c40000, 0x0000000013c40000)
 End Bits:   [0x0000000013c40000, 0x0000000014c40000)

Polling page: 0x00000000029c0000

CodeCache: size=245760Kb used=1636Kb max_used=1636Kb free=244123Kb
 bounds [0x0000000002d10000, 0x0000000002f80000, 0x0000000011d10000]
 total_blobs=509 nmethods=249 adapters=173
 compilation: enabled

Compilation events (10 events):
Event: 0.824 Thread 0x0000000016c16000  243       3       com.android.dx.rop.cst.Constant::compareTo (9 bytes)
Event: 0.825 Thread 0x0000000016c16000 nmethod 243 0x0000000002ea5e50 code [0x0000000002ea6020, 0x0000000002ea6938]
Event: 0.825 Thread 0x0000000016c16000  244       3       java.util.zip.ZipFile::getZipEntry (236 bytes)
Event: 0.826 Thread 0x0000000016c16000 nmethod 244 0x0000000002ea6c50 code [0x0000000002ea6ea0, 0x0000000002ea7a28]
Event: 0.826 Thread 0x0000000016c16000  246   !   3       java.lang.ref.Finalizer::add (41 bytes)
Event: 0.826 Thread 0x0000000016c16000 nmethod 246 0x0000000002ea7e50 code [0x0000000002ea7fc0, 0x0000000002ea8370]
Event: 0.826 Thread 0x0000000016c16000  247       3       sun.misc.URLClassPath::getResource (83 bytes)
Event: 0.827 Thread 0x0000000016c16000 nmethod 247 0x0000000002ea8490 code [0x0000000002ea8620, 0x0000000002ea89e8]
Event: 0.827 Thread 0x0000000016c16000  245       3       java.util.zip.ZipEntry::<init> (43 bytes)
Event: 0.827 Thread 0x0000000016c16000 nmethod 245 0x0000000002ea8b90 code [0x0000000002ea8ce0, 0x0000000002ea8ef0]

GC Heap History (0 events):
No events

Deoptimization events (0 events):
No events

Internal exceptions (2 events):
Event: 0.189 Thread 0x0000000002c17800 Exception <a 'java/lang/NoSuchMethodError': Method sun.misc.Unsafe.defineClass(Ljava/lang/String;[BII)Ljava/lang/Class; name or signature does not match> (0x00000000eab07cc0) thrown at [D:\re\workspace\8-2-build-windows-amd64-cygwin\jdk8u92\6642\hotspot\srÿÄ))È?
Event: 0.189 Thread 0x0000000002c17800 Exception <a 'java/lang/NoSuchMethodError': Method sun.misc.Unsafe.prefetchRead(Ljava/lang/Object;J)V name or signature does not match> (0x00000000eab07fa8) thrown at [D:\re\workspace\8-2-build-windows-amd64-cygwin\jdk8u92\6642\hotspot\src\share\vm\prims\j

Events (10 events):
Event: 0.825 loading class com/android/dx/dex/file/EncodedField done
Event: 0.825 loading class com/android/dx/rop/code/DexTranslationAdvice done
Event: 0.825 loading class com/android/dx/dex/file/CodeItem
Event: 0.825 loading class com/android/dx/dex/file/CodeItem done
Event: 0.826 loading class com/android/dx/cf/code/Ropper
Event: 0.826 loading class com/android/dx/cf/code/Ropper done
Event: 0.826 loading class com/android/dx/dex/file/FieldIdItem
Event: 0.826 loading class com/android/dx/dex/file/FieldIdItem done
Event: 0.826 loading class com/android/dx/rop/annotation/AnnotationsList
Event: 0.826 loading class com/android/dx/rop/annotation/AnnotationsList done


Dynamic libraries:
0x00007ff6a3180000 - 0x00007ff6a31b7000 	C:\Program Files\Java\jdk1.8.0_92\bin\java.exe
0x00007ffaa06d0000 - 0x00007ffaa08a1000 	C:\WINDOWS\SYSTEM32\ntdll.dll
0x00007ffa9dd50000 - 0x00007ffa9ddfb000 	C:\WINDOWS\System32\KERNEL32.DLL
0x00007ffa9cf00000 - 0x00007ffa9d11d000 	C:\WINDOWS\System32\KERNELBASE.dll
0x000000005cb70000 - 0x000000005cc1e000 	C:\Program Files\Bitdefender\Bitdefender 2016\Active Virus Control\Avc3_00379_052\avcuf64.dll
0x00007ffa9b060000 - 0x00007ffa9b0da000 	C:\WINDOWS\system32\apphelp.dll
0x00007ffa5f7b0000 - 0x00007ffa5fc32000 	C:\WINDOWS\AppPatch\AppPatch64\AcLayers.DLL
0x00007ffaa0630000 - 0x00007ffaa06ce000 	C:\WINDOWS\System32\msvcrt.dll
0x00007ffa9e850000 - 0x00007ffa9e9b5000 	C:\WINDOWS\System32\USER32.dll
0x00007ffa9cd50000 - 0x00007ffa9cd6e000 	C:\WINDOWS\System32\win32u.dll
0x00007ffa9dc40000 - 0x00007ffa9dc74000 	C:\WINDOWS\System32\GDI32.dll
0x00007ffa9cd70000 - 0x00007ffa9cef2000 	C:\WINDOWS\System32\gdi32full.dll
0x00007ffa9e590000 - 0x00007ffa9e5e2000 	C:\WINDOWS\System32\SHLWAPI.dll
0x00007ffa9de00000 - 0x00007ffa9e0c8000 	C:\WINDOWS\System32\combase.dll
0x00007ffa9cc50000 - 0x00007ffa9cd45000 	C:\WINDOWS\System32\ucrtbase.dll
0x00007ffa9edc0000 - 0x00007ffa9eee1000 	C:\WINDOWS\System32\RPCRT4.dll
0x00007ffa9da70000 - 0x00007ffa9dada000 	C:\WINDOWS\System32\bcryptPrimitives.dll
0x00000000009d0000 - 0x00000000009d3000 	C:\WINDOWS\SYSTEM32\sfc.dll
0x00007ffa91930000 - 0x00007ffa919b5000 	C:\WINDOWS\SYSTEM32\WINSPOOL.DRV
0x00007ffa9c6f0000 - 0x00007ffa9c71b000 	C:\WINDOWS\SYSTEM32\bcrypt.dll
0x00007ffa82b30000 - 0x00007ffa82b41000 	C:\WINDOWS\SYSTEM32\sfc_os.DLL
0x00007ffa93170000 - 0x00007ffa93181000 	C:\WINDOWS\SYSTEM32\SortWindows61.dll
0x00007ffa9ebd0000 - 0x00007ffa9ebfe000 	C:\WINDOWS\System32\IMM32.DLL
0x00007ffa9bcb0000 - 0x00007ffa9bce0000 	C:\WINDOWS\system32\DriverStore\FileRepository\nvlti.inf_amd64_03205ffa8fdea79d\nvinitx.dll
0x00007ffa9ec00000 - 0x00007ffa9eca2000 	C:\WINDOWS\System32\ADVAPI32.dll
0x00007ffa9e0f0000 - 0x00007ffa9e149000 	C:\WINDOWS\System32\sechost.dll
0x00007ffa9bca0000 - 0x00007ffa9bcaa000 	C:\WINDOWS\SYSTEM32\VERSION.dll
0x00007ffa9eef0000 - 0x00007ffaa03f9000 	C:\WINDOWS\System32\Shell32.dll
0x00007ffa9db90000 - 0x00007ffa9dbd2000 	C:\WINDOWS\System32\cfgmgr32.dll
0x00007ffa9d120000 - 0x00007ffa9d7fa000 	C:\WINDOWS\System32\windows.storage.dll
0x00007ffa9cb50000 - 0x00007ffa9cb9c000 	C:\WINDOWS\System32\powrprof.dll
0x00007ffa9cb20000 - 0x00007ffa9cb2f000 	C:\WINDOWS\System32\kernel.appcore.dll
0x00007ffa9dae0000 - 0x00007ffa9db89000 	C:\WINDOWS\System32\shcore.dll
0x00007ffa9cb30000 - 0x00007ffa9cb44000 	C:\WINDOWS\System32\profapi.dll
0x000000005dff0000 - 0x000000005dff6000 	C:\Program Files\NVIDIA Corporation\CoProcManager\_etoured.dll
0x00007ffa98b40000 - 0x00007ffa98b7b000 	C:\Program Files\NVIDIA Corporation\CoProcManager\nvd3d9wrapx.dll
0x00007ffa9e150000 - 0x00007ffa9e579000 	C:\WINDOWS\System32\SETUPAPI.dll
0x00007ffa98a70000 - 0x00007ffa98a94000 	C:\Program Files\NVIDIA Corporation\CoProcManager\nvdxgiwrapx.dll
0x00007ffa92190000 - 0x00007ffa92409000 	C:\WINDOWS\WinSxS\amd64_microsoft.windows.common-controls_6595b64144ccf1df_6.0.14393.447_none_42191651c6827bb3\COMCTL32.dll
0x000000005adf0000 - 0x000000005aec2000 	C:\Program Files\Java\jdk1.8.0_92\jre\bin\msvcr100.dll
0x000000005a550000 - 0x000000005ade6000 	C:\Program Files\Java\jdk1.8.0_92\jre\bin\server\jvm.dll
0x00007ffa9e580000 - 0x00007ffa9e588000 	C:\WINDOWS\System32\PSAPI.DLL
0x00007ffa914e0000 - 0x00007ffa914e9000 	C:\WINDOWS\SYSTEM32\WSOCK32.dll
0x00007ffa9ecb0000 - 0x00007ffa9ed1a000 	C:\WINDOWS\System32\WS2_32.dll
0x00007ffa9a900000 - 0x00007ffa9a923000 	C:\WINDOWS\SYSTEM32\WINMM.dll
0x00007ffa9a760000 - 0x00007ffa9a78b000 	C:\WINDOWS\SYSTEM32\WINMMBASE.dll
0x000000005a540000 - 0x000000005a54f000 	C:\Program Files\Java\jdk1.8.0_92\jre\bin\verify.dll
0x000000005a510000 - 0x000000005a539000 	C:\Program Files\Java\jdk1.8.0_92\jre\bin\java.dll
0x000000005a4f0000 - 0x000000005a506000 	C:\Program Files\Java\jdk1.8.0_92\jre\bin\zip.dll

VM Arguments:
jvm_args: -Djava.awt.headless=true -Xmx1024M -Dfile.encoding=windows-1252 -Duser.country=US -Duser.language=en -Duser.variant 
java_command: com.android.dx.command.Main --dex --force-jumbo --num-threads=4 --multi-dex --output C:\Users\kikkos\AndroidStudioProjects\Udacity\SunshineWear\app\build\intermediates\transforms\dex\debug\folders\1000\10\com.android.databinding-adapters-1.2.1_e8af8ec6ba89a87d301f8ed1ec81b1e120b49b7e C:\Users\kikkos\AndroidStudioProjects\Udacity\SunshineWear\app\build\intermediates\exploded-aar\com.android.databinding\adapters\1.2.1\jars\classes.jar
java_class_path (initial): C:\Users\kikkos\AppData\Local\Android\sdk\build-tools\23.0.3\lib\dx.jar
Launcher Type: SUN_STANDARD

Environment Variables:
JAVA_HOME=C:\Program Files\Java\jdk1.8.0_92
PATH=C:\Program Files (x86)\Intel\iCLS Client\;C:\Program Files\Intel\iCLS Client\;C:\ProgramData\Oracle\Java\javapath;C:\Program Files\ImageMagick-6.8.9-Q16;C:\WINDOWS\system32;C:\WINDOWS;C:\WINDOWS\System32\Wbem;C:\Program Files\Lenovo\Bluetooth Software\;C:\Program Files\Lenovo\Bluetooth Software\syswow64;C:\Program Files\Intel\WiFi\bin\;C:\Program Files\Common Files\Intel\WirelessCommon\;C:\Program Files\Microsoft\Web Platform Installer\;C:\WINDOWS\System32\WindowsPowerShell\v1.0\;C:\Program Files\Microsoft SQL Server\110\Tools\Binn\;C:\Program Files\Sublime Text 2;C:\Program Files (x86)\Heroku\bin;C:\Program Files\Intel\Intel(R) Management Engine Components\DAL;C:\Program Files\Intel\Intel(R) Management Engine Components\IPT;C:\Program Files (x86)\Intel\Intel(R) Management Engine Components\DAL;C:\Program Files (x86)\Intel\Intel(R) Management Engine Components\IPT;C:\Program Files (x86)\NVIDIA Corporation\PhysX\Common;C:\WINDOWS\system32;C:\WINDOWS;C:\WINDOWS\System32\Wbem;C:\WINDOWS\System32\WindowsPowerShell\v1.0\;C:\Program Files (x86)\Skype\Phone\;C:\Ruby23-x64\bin;C:\Program Files (x86)\MySQL\MySQL Fabric 1.5 & MySQL Utilities 1.5\;C:\Program Files (x86)\MySQL\MySQL Fabric 1.5 & MySQL Utilities 1.5\Doctrine extensions for PHP\;C:\Program Files\MySQL\MySQL Server 5.7\bin;C:\RailsInstaller\Ruby2.2.0\bin;C:\Users\kikkos\AppData\Local\GitHub\PortableGit_d76a6a98c9315931ec4927243517bc09e9b731a0\cmd;C:\Users\kikkos\AppData\Local\Android\sdk\platform-tools;C:\cURL\bin;C:\Program Files\Intel\WiFi\bin\;C:\Program Files\Common Files\Intel\WirelessCommon\;C:\sqlite;C:\Users\kikkos\AppData\Local\Microsoft\WindowsApps;C:\Program Files\Java\jdk1.8.0_92\bin;C:\gradle-3.2.1\bin\
USERNAME=kikkos
OS=Windows_NT
PROCESSOR_IDENTIFIER=Intel64 Family 6 Model 42 Stepping 7, GenuineIntel



---------------  S Y S T E M  ---------------

OS: Windows 10.0 , 64 bit Build 14393 (10.0.14393.0)

CPU:total 8 (4 cores per cpu, 2 threads per core) family 6 model 42 stepping 7, cmov, cx8, fxsr, mmx, sse, sse2, sse3, ssse3, sse4.1, sse4.2, popcnt, avx, aes, clmul, ht, tsc, tscinvbit

Memory: 4k page, physical 8300684k(2223624k free), swap 8505484k(214380k free)

vm_info: Java HotSpot(TM) 64-Bit Server VM (25.92-b14) for windows-amd64 JRE (1.8.0_92-b14), built on Mar 31 2016 21:03:04 by "java_re" with MS VC++ 10.0 (VS2010)

time: Sun Jan 01 11:35:30 2017
elapsed time: 0 seconds (0d 0h 0m 0s)

