#
# There is insufficient memory for the Java Runtime Environment to continue.
# Native memory allocation (malloc) failed to allocate 712336 bytes for Chunk::new
# Possible reasons:
#   The system is out of physical RAM or swap space
#   In 32 bit mode, the process size limit was hit
# Possible solutions:
#   Reduce memory load on the system
#   Increase physical memory or swap space
#   Check if swap backing store is full
#   Use 64 bit Java on a 64 bit OS
#   Decrease Java heap size (-Xmx/-Xms)
#   Decrease number of Java threads
#   Decrease Java thread stack sizes (-Xss)
#   Set larger code cache with -XX:ReservedCodeCacheSize=
# This output file may be truncated or incomplete.
#
#  Out of Memory Error (allocation.cpp:390), pid=25152, tid=0x0000000000003a3c
#
# JRE version: Java(TM) SE Runtime Environment (8.0_92-b14) (build 1.8.0_92-b14)
# Java VM: Java HotSpot(TM) 64-Bit Server VM (25.92-b14 mixed mode windows-amd64 compressed oops)
# Failed to write core dump. Minidumps are not enabled by default on client versions of Windows
#

---------------  T H R E A D  ---------------

Current thread (0x0000000016427000):  JavaThread "C2 CompilerThread0" daemon [_thread_in_native, id=14908, stack(0x0000000017700000,0x0000000017800000)]

Stack: [0x0000000017700000,0x0000000017800000]
[error occurred during error reporting (printing stack bounds), id 0xc0000005]

Native frames: (J=compiled Java code, j=interpreted, Vv=VM code, C=native code)


Current CompileTask:
C2:   3342 1791       4       com.android.dx.rop.code.LocalVariableExtractor::processBlock (327 bytes)


---------------  P R O C E S S  ---------------

Java Threads: ( => current thread )
  0x000000001823c800 JavaThread "pool-2-thread-4" [_thread_blocked, id=8880, stack(0x0000000018c00000,0x0000000018d00000)]
  0x0000000018243800 JavaThread "pool-2-thread-3" [_thread_in_Java, id=18244, stack(0x0000000018b00000,0x0000000018c00000)]
  0x000000001820a800 JavaThread "pool-2-thread-2" [_thread_in_Java, id=4444, stack(0x0000000018a00000,0x0000000018b00000)]
  0x00000000180ef000 JavaThread "pool-3-thread-1" [_thread_blocked, id=16988, stack(0x0000000018900000,0x0000000018a00000)]
  0x00000000180e5800 JavaThread "pool-2-thread-1" [_thread_in_Java, id=16940, stack(0x0000000018800000,0x0000000018900000)]
  0x00000000164bc000 JavaThread "Service Thread" daemon [_thread_blocked, id=26252, stack(0x0000000017b00000,0x0000000017c00000)]
  0x0000000016475800 JavaThread "C1 CompilerThread3" daemon [_thread_blocked, id=16608, stack(0x0000000017a00000,0x0000000017b00000)]
  0x0000000016432000 JavaThread "C2 CompilerThread2" daemon [_thread_in_native, id=17872, stack(0x0000000017900000,0x0000000017a00000)]
  0x0000000016429000 JavaThread "C2 CompilerThread1" daemon [_thread_in_native, id=11316, stack(0x0000000017800000,0x0000000017900000)]
=>0x0000000016427000 JavaThread "C2 CompilerThread0" daemon [_thread_in_native, id=14908, stack(0x0000000017700000,0x0000000017800000)]
  0x0000000016416000 JavaThread "Attach Listener" daemon [_thread_blocked, id=7608, stack(0x0000000017600000,0x0000000017700000)]
  0x0000000016422800 JavaThread "Signal Dispatcher" daemon [_thread_blocked, id=19500, stack(0x0000000017500000,0x0000000017600000)]
  0x00000000163d1800 JavaThread "Finalizer" daemon [_thread_blocked, id=15432, stack(0x0000000017310000,0x0000000017410000)]
  0x00000000163a6000 JavaThread "Reference Handler" daemon [_thread_blocked, id=2380, stack(0x0000000017210000,0x0000000017310000)]
  0x0000000002427800 JavaThread "main" [_thread_in_Java, id=17948, stack(0x00000000022d0000,0x00000000023d0000)]

Other Threads:
  0x0000000015040000 VMThread [stack: 0x0000000017110000,0x0000000017210000] [id=26128]
  0x00000000164bd000 WatcherThread [stack: 0x0000000017c00000,0x0000000017d00000] [id=11120]

VM state:not at safepoint (normal execution)

VM Mutex/Monitor currently owned by a thread: None

Heap:
 PSYoungGen      total 71680K, used 40738K [0x00000000eab00000, 0x00000000ef600000, 0x0000000100000000)
  eden space 66560K, 53% used [0x00000000eab00000,0x00000000ecdd0228,0x00000000eec00000)
  from space 5120K, 99% used [0x00000000ef100000,0x00000000ef5f8708,0x00000000ef600000)
  to   space 5120K, 0% used [0x00000000eec00000,0x00000000eec00000,0x00000000ef100000)
 ParOldGen       total 87552K, used 14169K [0x00000000c0000000, 0x00000000c5580000, 0x00000000eab00000)
  object space 87552K, 16% used [0x00000000c0000000,0x00000000c0dd64b0,0x00000000c5580000)
 Metaspace       used 6327K, capacity 7154K, committed 7296K, reserved 1056768K
  class space    used 604K, capacity 618K, committed 640K, reserved 1048576K

Card table byte_map: [0x00000000118e0000,0x0000000011af0000] byte_map_base: 0x00000000112e0000

Marking Bits: (ParMarkBitMap*) 0x00000000510564f0
 Begin Bits: [0x0000000012450000, 0x0000000013450000)
 End Bits:   [0x0000000013450000, 0x0000000014450000)

Polling page: 0x0000000000800000

CodeCache: size=245760Kb used=7002Kb max_used=7002Kb free=238757Kb
 bounds [0x0000000002520000, 0x0000000002c10000, 0x0000000011520000]
 total_blobs=2060 nmethods=1790 adapters=182
 compilation: enabled

Compilation events (10 events):
Event: 3.268 Thread 0x0000000016475800 1836       2       com.android.dx.rop.code.Rops::pickBinaryOp (158 bytes)
Event: 3.269 Thread 0x0000000016475800 nmethod 1836 0x0000000002bdc750 code [0x0000000002bdc940, 0x0000000002bdcf58]
Event: 3.270 Thread 0x0000000016432000 nmethod 1551 0x0000000002be08d0 code [0x0000000002be1020, 0x0000000002be7808]
Event: 3.270 Thread 0x0000000016432000 1821       4       com.android.dx.cf.code.RopperMachine::getSources (264 bytes)
Event: 3.282 Thread 0x0000000016475800 1838       2       com.android.dx.dex.file.ClassDefItem::addDirectMethod (9 bytes)
Event: 3.283 Thread 0x0000000016475800 nmethod 1838 0x0000000002bdbfd0 code [0x0000000002bdc160, 0x0000000002bdc498]
Event: 3.294 Thread 0x0000000016432000 nmethod 1821 0x0000000002bd6d10 code [0x0000000002bd6f00, 0x0000000002bd79b8]
Event: 3.294 Thread 0x0000000016432000 1837       4       com.android.dx.ssa.DeadCodeRemover::isCircularNoSideEffect (140 bytes)
Event: 3.300 Thread 0x0000000016475800 1839   !   2       com.android.dx.cf.code.BytecodeArray::parseInstruction (2764 bytes)
Event: 3.316 Thread 0x0000000016475800 nmethod 1839 0x0000000002bf0dd0 code [0x0000000002bf1d00, 0x0000000002bf82e8]

GC Heap History (8 events):
Event: 1.828 GC heap before
{Heap before GC invocations=1 (full 0):
 PSYoungGen      total 38400K, used 33280K [0x00000000eab00000, 0x00000000ed580000, 0x0000000100000000)
  eden space 33280K, 100% used [0x00000000eab00000,0x00000000ecb80000,0x00000000ecb80000)
  from space 5120K, 0% used [0x00000000ed080000,0x00000000ed080000,0x00000000ed580000)
  to   space 5120K, 0% used [0x00000000ecb80000,0x00000000ecb80000,0x00000000ed080000)
 ParOldGen       total 87552K, used 0K [0x00000000c0000000, 0x00000000c5580000, 0x00000000eab00000)
  object space 87552K, 0% used [0x00000000c0000000,0x00000000c0000000,0x00000000c5580000)
 Metaspace       used 5883K, capacity 6768K, committed 7040K, reserved 1056768K
  class space    used 601K, capacity 616K, committed 640K, reserved 1048576K
Event: 1.839 GC heap after
Heap after GC invocations=1 (full 0):
 PSYoungGen      total 38400K, used 5103K [0x00000000eab00000, 0x00000000ed580000, 0x0000000100000000)
  eden space 33280K, 0% used [0x00000000eab00000,0x00000000eab00000,0x00000000ecb80000)
  from space 5120K, 99% used [0x00000000ecb80000,0x00000000ed07bd80,0x00000000ed080000)
  to   space 5120K, 0% used [0x00000000ed080000,0x00000000ed080000,0x00000000ed580000)
 ParOldGen       total 87552K, used 388K [0x00000000c0000000, 0x00000000c5580000, 0x00000000eab00000)
  object space 87552K, 0% used [0x00000000c0000000,0x00000000c0061370,0x00000000c5580000)
 Metaspace       used 5883K, capacity 6768K, committed 7040K, reserved 1056768K
  class space    used 601K, capacity 616K, committed 640K, reserved 1048576K
}
Event: 2.202 GC heap before
{Heap before GC invocations=2 (full 0):
 PSYoungGen      total 38400K, used 38383K [0x00000000eab00000, 0x00000000ed580000, 0x0000000100000000)
  eden space 33280K, 100% used [0x00000000eab00000,0x00000000ecb80000,0x00000000ecb80000)
  from space 5120K, 99% used [0x00000000ecb80000,0x00000000ed07bd80,0x00000000ed080000)
  to   space 5120K, 0% used [0x00000000ed080000,0x00000000ed080000,0x00000000ed580000)
 ParOldGen       total 87552K, used 388K [0x00000000c0000000, 0x00000000c5580000, 0x00000000eab00000)
  object space 87552K, 0% used [0x00000000c0000000,0x00000000c0061370,0x00000000c5580000)
 Metaspace       used 6109K, capacity 6962K, committed 7040K, reserved 1056768K
  class space    used 603K, capacity 618K, committed 640K, reserved 1048576K
Event: 2.231 GC heap after
Heap after GC invocations=2 (full 0):
 PSYoungGen      total 38400K, used 5103K [0x00000000eab00000, 0x00000000ef600000, 0x0000000100000000)
  eden space 33280K, 0% used [0x00000000eab00000,0x00000000eab00000,0x00000000ecb80000)
  from space 5120K, 99% used [0x00000000ed080000,0x00000000ed57bf78,0x00000000ed580000)
  to   space 5120K, 0% used [0x00000000ecb80000,0x00000000ecb80000,0x00000000ed080000)
 ParOldGen       total 87552K, used 3800K [0x00000000c0000000, 0x00000000c5580000, 0x00000000eab00000)
  object space 87552K, 4% used [0x00000000c0000000,0x00000000c03b6238,0x00000000c5580000)
 Metaspace       used 6109K, capacity 6962K, committed 7040K, reserved 1056768K
  class space    used 603K, capacity 618K, committed 640K, reserved 1048576K
}
Event: 2.443 GC heap before
{Heap before GC invocations=3 (full 0):
 PSYoungGen      total 38400K, used 38383K [0x00000000eab00000, 0x00000000ef600000, 0x0000000100000000)
  eden space 33280K, 100% used [0x00000000eab00000,0x00000000ecb80000,0x00000000ecb80000)
  from space 5120K, 99% used [0x00000000ed080000,0x00000000ed57bf78,0x00000000ed580000)
  to   space 5120K, 0% used [0x00000000ecb80000,0x00000000ecb80000,0x00000000ed080000)
 ParOldGen       total 87552K, used 3800K [0x00000000c0000000, 0x00000000c5580000, 0x00000000eab00000)
  object space 87552K, 4% used [0x00000000c0000000,0x00000000c03b6238,0x00000000c5580000)
 Metaspace       used 6219K, capacity 7090K, committed 7296K, reserved 1056768K
  class space    used 604K, capacity 618K, committed 640K, reserved 1048576K
Event: 2.462 GC heap after
Heap after GC invocations=3 (full 0):
 PSYoungGen      total 38400K, used 5110K [0x00000000eab00000, 0x00000000ef600000, 0x0000000100000000)
  eden space 33280K, 0% used [0x00000000eab00000,0x00000000eab00000,0x00000000ecb80000)
  from space 5120K, 99% used [0x00000000ecb80000,0x00000000ed07d958,0x00000000ed080000)
  to   space 5120K, 0% used [0x00000000ef100000,0x00000000ef100000,0x00000000ef600000)
 ParOldGen       total 87552K, used 9122K [0x00000000c0000000, 0x00000000c5580000, 0x00000000eab00000)
  object space 87552K, 10% used [0x00000000c0000000,0x00000000c08e8878,0x00000000c5580000)
 Metaspace       used 6219K, capacity 7090K, committed 7296K, reserved 1056768K
  class space    used 604K, capacity 618K, committed 640K, reserved 1048576K
}
Event: 2.880 GC heap before
{Heap before GC invocations=4 (full 0):
 PSYoungGen      total 38400K, used 38390K [0x00000000eab00000, 0x00000000ef600000, 0x0000000100000000)
  eden space 33280K, 100% used [0x00000000eab00000,0x00000000ecb80000,0x00000000ecb80000)
  from space 5120K, 99% used [0x00000000ecb80000,0x00000000ed07d958,0x00000000ed080000)
  to   space 5120K, 0% used [0x00000000ef100000,0x00000000ef100000,0x00000000ef600000)
 ParOldGen       total 87552K, used 9122K [0x00000000c0000000, 0x00000000c5580000, 0x00000000eab00000)
  object space 87552K, 10% used [0x00000000c0000000,0x00000000c08e8878,0x00000000c5580000)
 Metaspace       used 6309K, capacity 7154K, committed 7296K, reserved 1056768K
  class space    used 604K, capacity 618K, committed 640K, reserved 1048576K
Event: 3.009 GC heap after
Heap after GC invocations=4 (full 0):
 PSYoungGen      total 71680K, used 5089K [0x00000000eab00000, 0x00000000ef600000, 0x0000000100000000)
  eden space 66560K, 0% used [0x00000000eab00000,0x00000000eab00000,0x00000000eec00000)
  from space 5120K, 99% used [0x00000000ef100000,0x00000000ef5f8708,0x00000000ef600000)
  to   space 5120K, 0% used [0x00000000eec00000,0x00000000eec00000,0x00000000ef100000)
 ParOldGen       total 87552K, used 14169K [0x00000000c0000000, 0x00000000c5580000, 0x00000000eab00000)
  object space 87552K, 16% used [0x00000000c0000000,0x00000000c0dd64b0,0x00000000c5580000)
 Metaspace       used 6309K, capacity 7154K, committed 7296K, reserved 1056768K
  class space    used 604K, capacity 618K, committed 640K, reserved 1048576K
}

Deoptimization events (10 events):
Event: 2.354 Thread 0x0000000018243800 Uncommon trap: reason=class_check action=maybe_recompile pc=0x00000000028de744 method=java.util.HashMap.putVal(ILjava/lang/Object;Ljava/lang/Object;ZZ)Ljava/lang/Object; @ 203
Event: 2.354 Thread 0x0000000018243800 Uncommon trap: reason=bimorphic action=maybe_recompile pc=0x000000000283a968 method=java.util.HashMap.getNode(ILjava/lang/Object;)Ljava/util/HashMap$Node; @ 126
Event: 2.354 Thread 0x0000000018243800 Uncommon trap: reason=class_check action=maybe_recompile pc=0x00000000028de744 method=java.util.HashMap.putVal(ILjava/lang/Object;Ljava/lang/Object;ZZ)Ljava/lang/Object; @ 203
Event: 2.354 Thread 0x0000000018243800 Uncommon trap: reason=bimorphic action=maybe_recompile pc=0x000000000283a968 method=java.util.HashMap.getNode(ILjava/lang/Object;)Ljava/util/HashMap$Node; @ 126
Event: 2.355 Thread 0x0000000018243800 Uncommon trap: reason=bimorphic action=maybe_recompile pc=0x000000000283a968 method=java.util.HashMap.getNode(ILjava/lang/Object;)Ljava/util/HashMap$Node; @ 126
Event: 2.355 Thread 0x0000000018243800 Uncommon trap: reason=class_check action=maybe_recompile pc=0x000000000290c608 method=java.util.HashMap.putVal(ILjava/lang/Object;Ljava/lang/Object;ZZ)Ljava/lang/Object; @ 203
Event: 3.080 Thread 0x0000000018243800 Uncommon trap: reason=bimorphic action=maybe_recompile pc=0x0000000002aa4fa0 method=com.android.dx.cf.code.BytecodeArray.parseInstruction(ILcom/android/dx/cf/code/BytecodeArray$Visitor;)I @ 1130
Event: 3.080 Thread 0x0000000018243800 Uncommon trap: reason=bimorphic action=maybe_recompile pc=0x0000000002aa4fa0 method=com.android.dx.cf.code.BytecodeArray.parseInstruction(ILcom/android/dx/cf/code/BytecodeArray$Visitor;)I @ 1130
Event: 3.295 Thread 0x00000000180e5800 Uncommon trap: reason=bimorphic action=maybe_recompile pc=0x0000000002aa3ed4 method=com.android.dx.cf.code.BytecodeArray.parseInstruction(ILcom/android/dx/cf/code/BytecodeArray$Visitor;)I @ 1501
Event: 3.300 Thread 0x00000000180e5800 Uncommon trap: reason=bimorphic action=maybe_recompile pc=0x0000000002aa3ed4 method=com.android.dx.cf.code.BytecodeArray.parseInstruction(ILcom/android/dx/cf/code/BytecodeArray$Visitor;)I @ 1501

Internal exceptions (3 events):
Event: 0.115 Thread 0x0000000002427800 Exception <a 'java/lang/NoSuchMethodError': Method sun.misc.Unsafe.defineClass(Ljava/lang/String;[BII)Ljava/lang/Class; name or signature does not match> (0x00000000eab07cc0) thrown at [D:\re\workspace\8-2-build-windows-amd64-cygwin\jdk8u92\6642\hotspot\srÖ
Event: 0.115 Thread 0x0000000002427800 Exception <a 'java/lang/NoSuchMethodError': Method sun.misc.Unsafe.prefetchRead(Ljava/lang/Object;J)V name or signature does not match> (0x00000000eab07fa8) thrown at [D:\re\workspace\8-2-build-windows-amd64-cygwin\jdk8u92\6642\hotspot\src\share\vm\prims\jõÌ×’1ý?
Event: 1.825 Thread 0x0000000018243800 Implicit null exception at 0x00000000028278a2 to 0x00000000028279a1

Events (10 events):
Event: 3.300 Thread 0x00000000180e5800 DEOPT PACKING pc=0x0000000002aa3ed4 sp=0x00000000188fe9a0
Event: 3.300 Thread 0x00000000180e5800 DEOPT UNPACKING pc=0x000000000256582a sp=0x00000000188fe920 mode 2
Event: 3.301 Thread 0x00000000180e5800 DEOPT PACKING pc=0x00000000028422f5 sp=0x00000000188fea70
Event: 3.301 Thread 0x00000000180e5800 DEOPT UNPACKING pc=0x000000000256787f sp=0x00000000188fe7d8 mode 0
Event: 3.322 Thread 0x00000000180e5800 DEOPT PACKING pc=0x00000000028422f5 sp=0x00000000188fea70
Event: 3.322 Thread 0x00000000180e5800 DEOPT UNPACKING pc=0x000000000256787f sp=0x00000000188fe7d8 mode 0
Event: 3.323 Thread 0x00000000180e5800 DEOPT PACKING pc=0x00000000028422f5 sp=0x00000000188fea70
Event: 3.323 Thread 0x00000000180e5800 DEOPT UNPACKING pc=0x000000000256787f sp=0x00000000188fe7d8 mode 0
Event: 3.324 Thread 0x00000000180e5800 DEOPT PACKING pc=0x00000000028422f5 sp=0x00000000188fea70
Event: 3.324 Thread 0x00000000180e5800 DEOPT UNPACKING pc=0x000000000256787f sp=0x00000000188fe7d8 mode 0


Dynamic libraries:
0x00007ff78fa70000 - 0x00007ff78faa7000 	C:\Program Files\Java\jdk1.8.0_92\bin\java.exe
0x00007ff8f3990000 - 0x00007ff8f3b61000 	C:\WINDOWS\SYSTEM32\ntdll.dll
0x00007ff8f2b50000 - 0x00007ff8f2bfb000 	C:\WINDOWS\System32\KERNEL32.DLL
0x00007ff8f0820000 - 0x00007ff8f0a3d000 	C:\WINDOWS\System32\KERNELBASE.dll
0x0000000053620000 - 0x00000000536ce000 	C:\Program Files\Bitdefender\Bitdefender 2016\Active Virus Control\Avc3_00379_052\avcuf64.dll
0x00007ff8ee340000 - 0x00007ff8ee3ba000 	C:\WINDOWS\system32\apphelp.dll
0x00007ff8c9b10000 - 0x00007ff8c9f92000 	C:\WINDOWS\AppPatch\AppPatch64\AcLayers.DLL
0x00007ff8f2520000 - 0x00007ff8f25be000 	C:\WINDOWS\System32\msvcrt.dll
0x00007ff8f2c00000 - 0x00007ff8f2d65000 	C:\WINDOWS\System32\USER32.dll
0x00007ff8f0d90000 - 0x00007ff8f0dae000 	C:\WINDOWS\System32\win32u.dll
0x00007ff8f2680000 - 0x00007ff8f26b4000 	C:\WINDOWS\System32\GDI32.dll
0x00007ff8f0a40000 - 0x00007ff8f0bc2000 	C:\WINDOWS\System32\gdi32full.dll
0x00007ff8f0f20000 - 0x00007ff8f0f72000 	C:\WINDOWS\System32\SHLWAPI.dll
0x00007ff8f2d70000 - 0x00007ff8f3038000 	C:\WINDOWS\System32\combase.dll
0x00007ff8f0db0000 - 0x00007ff8f0ea5000 	C:\WINDOWS\System32\ucrtbase.dll
0x00007ff8f3860000 - 0x00007ff8f3981000 	C:\WINDOWS\System32\RPCRT4.dll
0x00007ff8f0bd0000 - 0x00007ff8f0c3a000 	C:\WINDOWS\System32\bcryptPrimitives.dll
0x0000000000590000 - 0x0000000000593000 	C:\WINDOWS\SYSTEM32\sfc.dll
0x00007ff8e4f40000 - 0x00007ff8e4fc5000 	C:\WINDOWS\SYSTEM32\WINSPOOL.DRV
0x00007ff8ef9b0000 - 0x00007ff8ef9db000 	C:\WINDOWS\SYSTEM32\bcrypt.dll
0x00007ff8d3e70000 - 0x00007ff8d3e81000 	C:\WINDOWS\SYSTEM32\sfc_os.DLL
0x00007ff8ea420000 - 0x00007ff8ea431000 	C:\WINDOWS\SYSTEM32\SortWindows61.dll
0x00007ff8f3140000 - 0x00007ff8f316e000 	C:\WINDOWS\System32\IMM32.DLL
0x00007ff8eecd0000 - 0x00007ff8eed00000 	C:\WINDOWS\system32\DriverStore\FileRepository\nvlti.inf_amd64_03205ffa8fdea79d\nvinitx.dll
0x00007ff8f3370000 - 0x00007ff8f3412000 	C:\WINDOWS\System32\ADVAPI32.dll
0x00007ff8f26c0000 - 0x00007ff8f2719000 	C:\WINDOWS\System32\sechost.dll
0x00007ff8eecc0000 - 0x00007ff8eecca000 	C:\WINDOWS\SYSTEM32\VERSION.dll
0x00007ff8f1010000 - 0x00007ff8f2519000 	C:\WINDOWS\System32\Shell32.dll
0x00007ff8f0eb0000 - 0x00007ff8f0ef2000 	C:\WINDOWS\System32\cfgmgr32.dll
0x00007ff8f0140000 - 0x00007ff8f081a000 	C:\WINDOWS\System32\windows.storage.dll
0x00007ff8efde0000 - 0x00007ff8efe2c000 	C:\WINDOWS\System32\powrprof.dll
0x00007ff8efdd0000 - 0x00007ff8efddf000 	C:\WINDOWS\System32\kernel.appcore.dll
0x00007ff8f0c40000 - 0x00007ff8f0ce9000 	C:\WINDOWS\System32\shcore.dll
0x00007ff8efe30000 - 0x00007ff8efe44000 	C:\WINDOWS\System32\profapi.dll
0x0000000054900000 - 0x0000000054906000 	C:\Program Files\NVIDIA Corporation\CoProcManager\_etoured.dll
0x00007ff8ebce0000 - 0x00007ff8ebd1b000 	C:\Program Files\NVIDIA Corporation\CoProcManager\nvd3d9wrapx.dll
0x00007ff8f2720000 - 0x00007ff8f2b49000 	C:\WINDOWS\System32\SETUPAPI.dll
0x00007ff8ebba0000 - 0x00007ff8ebbc4000 	C:\Program Files\NVIDIA Corporation\CoProcManager\nvdxgiwrapx.dll
0x00007ff8e5430000 - 0x00007ff8e56a9000 	C:\WINDOWS\WinSxS\amd64_microsoft.windows.common-controls_6595b64144ccf1df_6.0.14393.447_none_42191651c6827bb3\COMCTL32.dll
0x00000000530a0000 - 0x0000000053172000 	C:\Program Files\Java\jdk1.8.0_92\jre\bin\msvcr100.dll
0x0000000050840000 - 0x00000000510d6000 	C:\Program Files\Java\jdk1.8.0_92\jre\bin\server\jvm.dll
0x00007ff8f37c0000 - 0x00007ff8f37c8000 	C:\WINDOWS\System32\PSAPI.DLL
0x00007ff8e4af0000 - 0x00007ff8e4af9000 	C:\WINDOWS\SYSTEM32\WSOCK32.dll
0x00007ff8f37d0000 - 0x00007ff8f383a000 	C:\WINDOWS\System32\WS2_32.dll
0x00007ff8edbf0000 - 0x00007ff8edc13000 	C:\WINDOWS\SYSTEM32\WINMM.dll
0x00007ff8eda70000 - 0x00007ff8eda9b000 	C:\WINDOWS\SYSTEM32\WINMMBASE.dll
0x0000000053090000 - 0x000000005309f000 	C:\Program Files\Java\jdk1.8.0_92\jre\bin\verify.dll
0x00000000516c0000 - 0x00000000516e9000 	C:\Program Files\Java\jdk1.8.0_92\jre\bin\java.dll
0x00000000516a0000 - 0x00000000516b6000 	C:\Program Files\Java\jdk1.8.0_92\jre\bin\zip.dll

VM Arguments:
jvm_args: -Djava.awt.headless=true -Xmx1024M -Dfile.encoding=windows-1252 -Duser.country=US -Duser.language=en -Duser.variant 
java_command: com.android.dx.command.Main --dex --force-jumbo --num-threads=4 --multi-dex --output C:\Users\kikkos\AndroidStudioProjects\Udacity\SunshineWear\app\build\intermediates\transforms\dex\debug\folders\1000\10\com.android.support-support-v4-23.3.0_5d8fb6fa9070306a953706a6c2f7b19329755931 C:\Users\kikkos\AndroidStudioProjects\Udacity\SunshineWear\app\build\intermediates\exploded-aar\com.android.support\support-v4\23.3.0\jars\classes.jar
java_class_path (initial): C:\Users\kikkos\AppData\Local\Android\sdk\build-tools\23.0.3\lib\dx.jar
Launcher Type: SUN_STANDARD

Environment Variables:
JAVA_HOME=C:\Program Files\Java\jdk1.8.0_92
PATH=C:\Program Files (x86)\Intel\iCLS Client\;C:\Program Files\Intel\iCLS Client\;C:\ProgramData\Oracle\Java\javapath;C:\Program Files\ImageMagick-6.8.9-Q16;C:\WINDOWS\system32;C:\WINDOWS;C:\WINDOWS\System32\Wbem;C:\Program Files\Lenovo\Bluetooth Software\;C:\Program Files\Lenovo\Bluetooth Software\syswow64;C:\Program Files\Intel\WiFi\bin\;C:\Program Files\Common Files\Intel\WirelessCommon\;C:\Program Files\Microsoft\Web Platform Installer\;C:\WINDOWS\System32\WindowsPowerShell\v1.0\;C:\Program Files\Microsoft SQL Server\110\Tools\Binn\;C:\Program Files\Sublime Text 2;C:\Program Files (x86)\Heroku\bin;C:\Program Files\Intel\Intel(R) Management Engine Components\DAL;C:\Program Files\Intel\Intel(R) Management Engine Components\IPT;C:\Program Files (x86)\Intel\Intel(R) Management Engine Components\DAL;C:\Program Files (x86)\Intel\Intel(R) Management Engine Components\IPT;C:\Program Files (x86)\NVIDIA Corporation\PhysX\Common;C:\WINDOWS\system32;C:\WINDOWS;C:\WINDOWS\System32\Wbem;C:\WINDOWS\System32\WindowsPowerShell\v1.0\;C:\Program Files (x86)\Skype\Phone\;C:\Ruby23-x64\bin;C:\Program Files (x86)\MySQL\MySQL Fabric 1.5 & MySQL Utilities 1.5\;C:\Program Files (x86)\MySQL\MySQL Fabric 1.5 & MySQL Utilities 1.5\Doctrine extensions for PHP\;C:\Program Files\MySQL\MySQL Server 5.7\bin;C:\RailsInstaller\Ruby2.2.0\bin;C:\Users\kikkos\AppData\Local\GitHub\PortableGit_d76a6a98c9315931ec4927243517bc09e9b731a0\cmd;C:\Users\kikkos\AppData\Local\Android\sdk\platform-tools;C:\cURL\bin;C:\Program Files\Intel\WiFi\bin\;C:\Program Files\Common Files\Intel\WirelessCommon\;C:\sqlite;C:\Users\kikkos\AppData\Local\Microsoft\WindowsApps;C:\Program Files\Java\jdk1.8.0_92\bin;C:\gradle-3.2.1\bin\
USERNAME=kikkos
OS=Windows_NT
PROCESSOR_IDENTIFIER=Intel64 Family 6 Model 42 Stepping 7, GenuineIntel



---------------  S Y S T E M  ---------------

OS: Windows 10.0 , 64 bit Build 14393 (10.0.14393.0)

CPU:total 8 (4 cores per cpu, 2 threads per core) family 6 model 42 stepping 7, cmov, cx8, fxsr, mmx, sse, sse2, sse3, ssse3, sse4.1, sse4.2, popcnt, avx, aes, clmul, ht, tsc, tscinvbit

Memory: 4k page, physical 8300684k(1813468k free), swap 8505484k(5136k free)

vm_info: Java HotSpot(TM) 64-Bit Server VM (25.92-b14) for windows-amd64 JRE (1.8.0_92-b14), built on Mar 31 2016 21:03:04 by "java_re" with MS VC++ 10.0 (VS2010)

time: Thu Dec 29 11:31:25 2016
elapsed time: 3 seconds (0d 0h 0m 3s)

