#
# There is insufficient memory for the Java Runtime Environment to continue.
# Native memory allocation (malloc) failed to allocate 54016 bytes for Chunk::new
# Possible reasons:
#   The system is out of physical RAM or swap space
#   In 32 bit mode, the process size limit was hit
# Possible solutions:
#   Reduce memory load on the system
#   Increase physical memory or swap space
#   Check if swap backing store is full
#   Use 64 bit Java on a 64 bit OS
#   Decrease Java heap size (-Xmx/-Xms)
#   Decrease number of Java threads
#   Decrease Java thread stack sizes (-Xss)
#   Set larger code cache with -XX:ReservedCodeCacheSize=
# This output file may be truncated or incomplete.
#
#  Out of Memory Error (allocation.cpp:390), pid=4764, tid=0x0000000000003774
#
# JRE version: Java(TM) SE Runtime Environment (8.0_92-b14) (build 1.8.0_92-b14)
# Java VM: Java HotSpot(TM) 64-Bit Server VM (25.92-b14 mixed mode windows-amd64 compressed oops)
# Failed to write core dump. Minidumps are not enabled by default on client versions of Windows
#

---------------  T H R E A D  ---------------

Current thread (0x0000000017067000):  JavaThread "C2 CompilerThread0" daemon [_thread_in_native, id=14196, stack(0x0000000018340000,0x0000000018440000)]

Stack: [0x0000000018340000,0x0000000018440000]
[error occurred during error reporting (printing stack bounds), id 0xc0000005]

Native frames: (J=compiled Java code, j=interpreted, Vv=VM code, C=native code)


Current CompileTask:
C2:   1771  166       4       java.lang.String::replace (127 bytes)


---------------  P R O C E S S  ---------------

Java Threads: ( => current thread )
  0x00000000170d6000 JavaThread "Service Thread" daemon [_thread_blocked, id=16652, stack(0x0000000018740000,0x0000000018840000)]
  0x00000000170d0000 JavaThread "C1 CompilerThread3" daemon [_thread_blocked, id=16376, stack(0x0000000018640000,0x0000000018740000)]
  0x00000000170c8800 JavaThread "C2 CompilerThread2" daemon [_thread_blocked, id=13920, stack(0x0000000018540000,0x0000000018640000)]
  0x0000000017069000 JavaThread "C2 CompilerThread1" daemon [_thread_blocked, id=13160, stack(0x0000000018440000,0x0000000018540000)]
=>0x0000000017067000 JavaThread "C2 CompilerThread0" daemon [_thread_in_native, id=14196, stack(0x0000000018340000,0x0000000018440000)]
  0x0000000017061800 JavaThread "Attach Listener" daemon [_thread_blocked, id=7692, stack(0x0000000018240000,0x0000000018340000)]
  0x0000000017060800 JavaThread "Signal Dispatcher" daemon [_thread_blocked, id=6832, stack(0x0000000018140000,0x0000000018240000)]
  0x0000000017018000 JavaThread "Finalizer" daemon [_thread_blocked, id=17664, stack(0x0000000017f50000,0x0000000018050000)]
  0x0000000016fe6000 JavaThread "Reference Handler" daemon [_thread_blocked, id=408, stack(0x0000000017e50000,0x0000000017f50000)]
  0x0000000003067800 JavaThread "main" [_thread_in_Java, id=10208, stack(0x0000000002eb0000,0x0000000002fb0000)]

Other Threads:
  0x0000000015c82800 VMThread [stack: 0x0000000017d50000,0x0000000017e50000] [id=16632]
  0x00000000170db800 WatcherThread [stack: 0x0000000018840000,0x0000000018940000] [id=17980]

VM state:not at safepoint (normal execution)

VM Mutex/Monitor currently owned by a thread: None

Heap:
 PSYoungGen      total 38400K, used 3993K [0x00000000eab00000, 0x00000000ed580000, 0x0000000100000000)
  eden space 33280K, 12% used [0x00000000eab00000,0x00000000eaee6690,0x00000000ecb80000)
  from space 5120K, 0% used [0x00000000ed080000,0x00000000ed080000,0x00000000ed580000)
  to   space 5120K, 0% used [0x00000000ecb80000,0x00000000ecb80000,0x00000000ed080000)
 ParOldGen       total 87552K, used 0K [0x00000000c0000000, 0x00000000c5580000, 0x00000000eab00000)
  object space 87552K, 0% used [0x00000000c0000000,0x00000000c0000000,0x00000000c5580000)
 Metaspace       used 3769K, capacity 4944K, committed 5120K, reserved 1056768K
  class space    used 421K, capacity 456K, committed 512K, reserved 1048576K

Card table byte_map: [0x0000000012520000,0x0000000012730000] byte_map_base: 0x0000000011f20000

Marking Bits: (ParMarkBitMap*) 0x00000000510564f0
 Begin Bits: [0x0000000013090000, 0x0000000014090000)
 End Bits:   [0x0000000014090000, 0x0000000015090000)

Polling page: 0x00000000013b0000

CodeCache: size=245760Kb used=1395Kb max_used=1403Kb free=244364Kb
 bounds [0x0000000003160000, 0x00000000033d0000, 0x0000000012160000]
 total_blobs=422 nmethods=170 adapters=165
 compilation: enabled

Compilation events (10 events):
Event: 1.755 Thread 0x00000000170d0000  162       3       java.util.BitSet::wordIndex (5 bytes)
Event: 1.755 Thread 0x00000000170d0000 nmethod 162 0x00000000032b9f10 code [0x00000000032ba060, 0x00000000032ba190]
Event: 1.755 Thread 0x00000000170d0000  163       3       java.util.BitSet::checkInvariants (111 bytes)
Event: 1.756 Thread 0x00000000170d0000 nmethod 163 0x00000000032ba210 code [0x00000000032ba360, 0x00000000032ba4f0]
Event: 1.756 Thread 0x00000000170d0000  164       1       com.android.dx.rop.cst.CstString::isCategory2 (2 bytes)
Event: 1.756 Thread 0x00000000170d0000 nmethod 164 0x00000000032b3c50 code [0x00000000032b3da0, 0x00000000032b3eb0]
Event: 1.758 Thread 0x00000000170c8800  165 %     4       java.lang.String::replace @ 78 (127 bytes)
Event: 1.765 Thread 0x00000000170c8800 nmethod 165% 0x00000000032bd490 code [0x00000000032bd5e0, 0x00000000032bd938]
Event: 1.765 Thread 0x0000000017067000  166       4       java.lang.String::replace (127 bytes)
Event: 1.767 Thread 0x0000000017069000  167       4       java.lang.String::startsWith (72 bytes)

GC Heap History (0 events):
No events

Deoptimization events (0 events):
No events

Internal exceptions (2 events):
Event: 0.079 Thread 0x0000000003067800 Exception <a 'java/lang/NoSuchMethodError': Method sun.misc.Unsafe.defineClass(Ljava/lang/String;[BII)Ljava/lang/Class; name or signature does not match> (0x00000000eab07cc0) thrown at [D:\re\workspace\8-2-build-windows-amd64-cygwin\jdk8u92\6642\hotspot\sr‹w9”I´?
Event: 0.079 Thread 0x0000000003067800 Exception <a 'java/lang/NoSuchMethodError': Method sun.misc.Unsafe.prefetchRead(Ljava/lang/Object;J)V name or signature does not match> (0x00000000eab07fa8) thrown at [D:\re\workspace\8-2-build-windows-amd64-cygwin\jdk8u92\6642\hotspot\src\share\vm\prims\j

Events (10 events):
Event: 1.751 loading class java/lang/ArrayIndexOutOfBoundsException
Event: 1.751 loading class java/lang/ArrayIndexOutOfBoundsException done
Event: 1.758 loading class com/android/dx/cf/direct/FieldListParser
Event: 1.758 loading class com/android/dx/cf/direct/FieldListParser done
Event: 1.765 Thread 0x0000000003067800 DEOPT PACKING pc=0x000000000328480e sp=0x0000000002facbb0
Event: 1.765 Thread 0x0000000003067800 DEOPT UNPACKING pc=0x00000000031a787f sp=0x0000000002fac8d8 mode 0
Event: 1.766 loading class com/android/dx/cf/direct/MemberListParser
Event: 1.766 loading class com/android/dx/cf/direct/MemberListParser done
Event: 1.767 loading class com/android/dx/cf/iface/Field
Event: 1.767 loading class com/android/dx/cf/iface/Field done


Dynamic libraries:
0x00007ff78fa70000 - 0x00007ff78faa7000 	C:\WINDOWS\System32\KERNEL32.DLL
0x00007ff8f3990000 - 0x00007ff8f3b61000 	C:\WINDOWS\AppPatch\AppPatch64\AcLayers.DLL
0x00007ff8f2b50000 - 0x00007ff8f2bfb000 	C:\WINDOWS\System32\GDI32.dll
0x00007ff8f0820000 - 0x00007ff8f0a3d000 	C:\WINDOWS\System32\combase.dll
0x0000000053620000 - 0x00000000536ce000 	C:\WINDOWS\System32\RPCRT4.dll
0x00007ff8ee340000 - 0x00007ff8ee3ba000 	C:\WINDOWS\system32\apphelp.dll
0x00007ff8c9b10000 - 0x00007ff8c9f92000 	C:\WINDOWS\AppPatch\AppPatch64\AcLayers.DLL
0x00007ff8f2520000 - 0x00007ff8f25be000 	C:\WINDOWS\System32\IMM32.DLL
0x00007ff8f2c00000 - 0x00007ff8f2d65000 	C:\WINDOWS\System32\ADVAPI32.dll
0x00007ff8f0d90000 - 0x00007ff8f0dae000 	C:\WINDOWS\System32\win32u.dll
0x00007ff8f2680000 - 0x00007ff8f26b4000 	C:\WINDOWS\System32\Shell32.dll
0x00007ff8f0a40000 - 0x00007ff8f0bc2000 	C:\WINDOWS\System32\gdi32full.dll
0x00007ff8f0f20000 - 0x00007ff8f0f72000 	C:\WINDOWS\System32\SHLWAPI.dll
0x00007ff8f2d70000 - 0x00007ff8f3038000 	C:\WINDOWS\System32\kernel.appcore.dll
0x00007ff8f0db0000 - 0x00007ff8f0ea5000 	C:\Program Files\NVIDIA Corporation\CoProcManager\nvdxgiwrapx.dll
0x00007ff8f3860000 - 0x00007ff8f3981000 	C:\WINDOWS\System32\RPCRT4.dll
0x00007ff8f0bd0000 - 0x00007ff8f0c3a000 	C:\Program Files\Java\jdk1.8.0_92\jre\bin\server\jvm.dll
0x0000000001100000 - 0x0000000001103000 	C:\WINDOWS\SYSTEM32\sfc.dll
0x00007ff8e4f40000 - 0x00007ff8e4fc5000 	C:\WINDOWS\System32\WS2_32.dll
0x00007ff8ef9b0000 - 0x00007ff8ef9db000 	C:\WINDOWS\SYSTEM32\bcrypt.dll
0x00007ff8d3e70000 - 0x00007ff8d3e81000 	C:\WINDOWS\SYSTEM32\sfc_os.DLL
0x00007ff8ea420000 - 0x00007ff8ea431000 	C:\WINDOWS\SYSTEM32\SortWindows61.dll
0x00007ff8f3140000 - 0x00007ff8f316e000 	C:\Program Files\Java\jdk1.8.0_92\jre\bin\zip.dll
0x00007ff8eecd0000 - 0x00007ff8eed00000 	C:\WINDOWS\system32\DriverStore\FileRepository\nvlti.inf_amd64_03205ffa8fdea79d\nvinitx.dll
0x00007ff8f3370000 - 0x00007ff8f3412000 	C:\WINDOWS\System32\KERNELBASE.dll
0x00007ff8f26c0000 - 0x00007ff8f2719000 	C:\WINDOWS\System32\sechost.dll
0x00007ff8eecc0000 - 0x00007ff8eecca000 	C:\WINDOWS\SYSTEM32\VERSION.dll
0x00007ff8f1010000 - 0x00007ff8f2519000 	C:\WINDOWS\System32\Shell32.dll
0x00007ff8f0eb0000 - 0x00007ff8f0ef2000 	C:\WINDOWS\System32\cfgmgr32.dll
0x00007ff8f0140000 - 0x00007ff8f081a000 	C:\WINDOWS\System32\GDI32.dll
0x00007ff8efde0000 - 0x00007ff8efe2c000 	C:\WINDOWS\System32\combase.dll
0x00007ff8efdd0000 - 0x00007ff8efddf000 	C:\WINDOWS\System32\bcryptPrimitives.dll
0x00007ff8f0c40000 - 0x00007ff8f0ce9000 	C:\WINDOWS\SYSTEM32\sfc_os.DLL
0x00007ff8efe30000 - 0x00007ff8efe44000 	C:\WINDOWS\system32\DriverStore\FileRepository\nvlti.inf_amd64_03205ffa8fdea79d\nvinitx.dll
0x0000000054900000 - 0x0000000054906000 	C:\WINDOWS\System32\sechost.dll
0x00007ff8ebce0000 - 0x00007ff8ebd1b000 	C:\Program Files\NVIDIA Corporation\CoProcManager\nvd3d9wrapx.dll
0x00007ff8f2720000 - 0x00007ff8f2b49000 	C:\WINDOWS\System32\SETUPAPI.dll
0x00007ff8ebba0000 - 0x00007ff8ebbc4000 	C:\WINDOWS\System32\kernel.appcore.dll
0x00007ff8e5430000 - 0x00007ff8e56a9000 	C:\WINDOWS\System32\profapi.dll
0x00000000530a0000 - 0x0000000053172000 	C:\Program Files\NVIDIA Corporation\CoProcManager\nvd3d9wrapx.dll
0x0000000050840000 - 0x00000000510d6000 	C:\Program Files\Java\jdk1.8.0_92\jre\bin\server\jvm.dll
0x00007ff8f37c0000 - 0x00007ff8f37c8000 	C:\Program Files\Java\jdk1.8.0_92\jre\bin\server\jvm.dll
0x00007ff8e4af0000 - 0x00007ff8e4af9000 	C:\WINDOWS\SYSTEM32\WSOCK32.dll
0x00007ff8f37d0000 - 0x00007ff8f383a000 	C:\WINDOWS\System32\WS2_32.dll
0x00007ff8edbf0000 - 0x00007ff8edc13000 	C:\WINDOWS\SYSTEM32\WINMM.dll
0x00007ff8eda70000 - 0x00007ff8eda9b000 	C:\WINDOWS\SYSTEM32\WINMMBASE.dll
0x0000000053090000 - 0x000000005309f000 	C:\Program Files\Java\jdk1.8.0_92\jre\bin\verify.dll
0x00000000516c0000 - 0x00000000516e9000 	C:\WINDOWS\SYSTEM32\ntdll.dll
0x00000000516a0000 - 0x00000000516b6000 	C:\WINDOWS\System32\msvcrt.dll

VM Arguments:
jvm_args: -Djava.awt.headless=true -Xmx1024M -Dfile.encoding=windows-1252 -Duser.country=US -Duser.language=en -Duser.variant 
java_command: com.android.dx.command.Main --dex --force-jumbo --num-threads=4 --multi-dex --output C:\Users\kikkos\AndroidStudioProjects\Udacity\SunshineWear\app\build\intermediates\transforms\dex\debug\folders\1000\10\constraint-layout-solver-1.0.0-beta4_dd1bc71d81ae3d6fae5d3d2a68863f98ad5ea216 C:\Users\kikkos\AppData\Local\Android\sdk\extras\m2repository\com\android\support\constraint\constraint-layout-solver\1.0.0-beta4\constraint-layout-solver-1.0.0-beta4.jar
java_class_path (initial): C:\Users\kikkos\AppData\Local\Android\sdk\build-tools\23.0.3\lib\dx.jar
Launcher Type: SUN_STANDARD

Environment Variables:
JAVA_HOME=C:\Program Files\Java\jdk1.8.0_92
PATH=C:\Program Files (x86)\Intel\iCLS Client\;C:\Program Files\Intel\iCLS Client\;C:\ProgramData\Oracle\Java\javapath;C:\Program Files\ImageMagick-6.8.9-Q16;C:\WINDOWS\system32;C:\WINDOWS;C:\WINDOWS\System32\Wbem;C:\Program Files\Lenovo\Bluetooth Software\;C:\Program Files\Lenovo\Bluetooth Software\syswow64;C:\Program Files\Intel\WiFi\bin\;C:\Program Files\Common Files\Intel\WirelessCommon\;C:\Program Files\Microsoft\Web Platform Installer\;C:\WINDOWS\System32\WindowsPowerShell\v1.0\;C:\Program Files\Microsoft SQL Server\110\Tools\Binn\;C:\Program Files\Sublime Text 2;C:\Program Files (x86)\Heroku\bin;C:\Program Files\Intel\Intel(R) Management Engine Components\DAL;C:\Program Files\Intel\Intel(R) Management Engine Components\IPT;C:\Program Files (x86)\Intel\Intel(R) Management Engine Components\DAL;C:\Program Files (x86)\Intel\Intel(R) Management Engine Components\IPT;C:\Program Files (x86)\NVIDIA Corporation\PhysX\Common;C:\WINDOWS\system32;C:\WINDOWS;C:\WINDOWS\System32\Wbem;C:\WINDOWS\System32\WindowsPowerShell\v1.0\;C:\Program Files (x86)\Skype\Phone\;C:\Ruby23-x64\bin;C:\Program Files (x86)\MySQL\MySQL Fabric 1.5 & MySQL Utilities 1.5\;C:\Program Files (x86)\MySQL\MySQL Fabric 1.5 & MySQL Utilities 1.5\Doctrine extensions for PHP\;C:\Program Files\MySQL\MySQL Server 5.7\bin;C:\RailsInstaller\Ruby2.2.0\bin;C:\Users\kikkos\AppData\Local\GitHub\PortableGit_d76a6a98c9315931ec4927243517bc09e9b731a0\cmd;C:\Users\kikkos\AppData\Local\Android\sdk\platform-tools;C:\cURL\bin;C:\Program Files\Intel\WiFi\bin\;C:\Program Files\Common Files\Intel\WirelessCommon\;C:\sqlite;C:\Users\kikkos\AppData\Local\Microsoft\WindowsApps;C:\Program Files\Java\jdk1.8.0_92\bin;C:\gradle-3.2.1\bin\
USERNAME=kikkos
OS=Windows_NT
PROCESSOR_IDENTIFIER=Intel64 Family 6 Model 42 Stepping 7, GenuineIntel



---------------  S Y S T E M  ---------------

OS: Windows 10.0 , 64 bit Build 14393 (10.0.14393.0)

CPU:total 8 (4 cores per cpu, 2 threads per core) family 6 model 42 stepping 7, cmov, cx8, fxsr, mmx, sse, sse2, sse3, ssse3, sse4.1, sse4.2, popcnt, avx, aes, clmul, ht, tsc, tscinvbit

Memory: 4k page, physical 8300684k(1816368k free), swap 8505484k(5368k free)

vm_info: Java HotSpot(TM) 64-Bit Server VM (25.92-b14) for windows-amd64 JRE (1.8.0_92-b14), built on Mar 31 2016 21:03:04 by "java_re" with MS VC++ 10.0 (VS2010)

time: Thu Dec 29 11:31:25 2016
elapsed time: 1 seconds (0d 0h 0m 1s)

