#
# There is insufficient memory for the Java Runtime Environment to continue.
# Native memory allocation (malloc) failed to allocate 234736 bytes for Chunk::new
# Possible reasons:
#   The system is out of physical RAM or swap space
#   In 32 bit mode, the process size limit was hit
# Possible solutions:
#   Reduce memory load on the system
#   Increase physical memory or swap space
#   Check if swap backing store is full
#   Use 64 bit Java on a 64 bit OS
#   Decrease Java heap size (-Xmx/-Xms)
#   Decrease number of Java threads
#   Decrease Java thread stack sizes (-Xss)
#   Set larger code cache with -XX:ReservedCodeCacheSize=
# This output file may be truncated or incomplete.
#
#  Out of Memory Error (allocation.cpp:390), pid=11432, tid=0x0000000000002868
#
# JRE version: Java(TM) SE Runtime Environment (8.0_92-b14) (build 1.8.0_92-b14)
# Java VM: Java HotSpot(TM) 64-Bit Server VM (25.92-b14 mixed mode windows-amd64 compressed oops)
# Failed to write core dump. Minidumps are not enabled by default on client versions of Windows
#

---------------  T H R E A D  ---------------

Current thread (0x0000000016e0d800):  JavaThread "C2 CompilerThread1" daemon [_thread_in_native, id=10344, stack(0x00000000181e0000,0x00000000182e0000)]

Stack: [0x00000000181e0000,0x00000000182e0000]
[error occurred during error reporting (printing stack bounds), id 0xc0000005]

Native frames: (J=compiled Java code, j=interpreted, Vv=VM code, C=native code)


Current CompileTask:
C2:   2237 1344       4       com.android.dx.ssa.back.LivenessAnalyzer::run (231 bytes)


---------------  P R O C E S S  ---------------

Java Threads: ( => current thread )
  0x000000001891e800 JavaThread "pool-2-thread-4" [_thread_in_vm, id=4144, stack(0x00000000195e0000,0x00000000196e0000)]
  0x0000000018919000 JavaThread "pool-2-thread-3" [_thread_blocked, id=6280, stack(0x00000000194e0000,0x00000000195e0000)]
  0x00000000188f1000 JavaThread "pool-2-thread-2" [_thread_blocked, id=11368, stack(0x00000000193e0000,0x00000000194e0000)]
  0x00000000188d8800 JavaThread "pool-3-thread-1" [_thread_blocked, id=2308, stack(0x00000000192e0000,0x00000000193e0000)]
  0x00000000188d7000 JavaThread "pool-2-thread-1" [_thread_blocked, id=3544, stack(0x00000000191e0000,0x00000000192e0000)]
  0x0000000016e81800 JavaThread "Service Thread" daemon [_thread_blocked, id=5576, stack(0x00000000184e0000,0x00000000185e0000)]
  0x0000000016e6c800 JavaThread "C1 CompilerThread3" daemon [_thread_blocked, id=10208, stack(0x00000000183e0000,0x00000000184e0000)]
  0x0000000016e60800 JavaThread "C2 CompilerThread2" daemon [_thread_in_native, id=8440, stack(0x00000000182e0000,0x00000000183e0000)]
=>0x0000000016e0d800 JavaThread "C2 CompilerThread1" daemon [_thread_in_native, id=10344, stack(0x00000000181e0000,0x00000000182e0000)]
  0x0000000016e07000 JavaThread "C2 CompilerThread0" daemon [_thread_in_native, id=3844, stack(0x00000000180e0000,0x00000000181e0000)]
  0x0000000016e01800 JavaThread "Attach Listener" daemon [_thread_blocked, id=12568, stack(0x0000000017fe0000,0x00000000180e0000)]
  0x0000000016e00800 JavaThread "Signal Dispatcher" daemon [_thread_blocked, id=824, stack(0x0000000017ee0000,0x0000000017fe0000)]
  0x0000000016db8000 JavaThread "Finalizer" daemon [_thread_blocked, id=11208, stack(0x0000000017cf0000,0x0000000017df0000)]
  0x0000000016d86000 JavaThread "Reference Handler" daemon [_thread_blocked, id=11904, stack(0x0000000017bf0000,0x0000000017cf0000)]
  0x0000000002df7800 JavaThread "main" [_thread_in_Java, id=11884, stack(0x0000000002cb0000,0x0000000002db0000)]

Other Threads:
  0x0000000015a12800 VMThread [stack: 0x0000000017af0000,0x0000000017bf0000] [id=3240]
  0x0000000016e7e000 WatcherThread [stack: 0x00000000185e0000,0x00000000186e0000] [id=5236]

VM state:not at safepoint (normal execution)

VM Mutex/Monitor currently owned by a thread: None

Heap:
 PSYoungGen      total 38400K, used 26673K [0x00000000eab00000, 0x00000000ef600000, 0x0000000100000000)
  eden space 33280K, 64% used [0x00000000eab00000,0x00000000ec00e830,0x00000000ecb80000)
  from space 5120K, 99% used [0x00000000ecb80000,0x00000000ed07dc88,0x00000000ed080000)
  to   space 5120K, 0% used [0x00000000ef100000,0x00000000ef100000,0x00000000ef600000)
 ParOldGen       total 87552K, used 1584K [0x00000000c0000000, 0x00000000c5580000, 0x00000000eab00000)
  object space 87552K, 1% used [0x00000000c0000000,0x00000000c018c110,0x00000000c5580000)
 Metaspace       used 6089K, capacity 6962K, committed 7040K, reserved 1056768K
  class space    used 597K, capacity 618K, committed 640K, reserved 1048576K

Card table byte_map: [0x00000000122b0000,0x00000000124c0000] byte_map_base: 0x0000000011cb0000

Marking Bits: (ParMarkBitMap*) 0x000000005ad664f0
 Begin Bits: [0x0000000012e20000, 0x0000000013e20000)
 End Bits:   [0x0000000013e20000, 0x0000000014e20000)

Polling page: 0x0000000001220000

CodeCache: size=245760Kb used=5582Kb max_used=5582Kb free=240177Kb
 bounds [0x0000000002ef0000, 0x0000000003470000, 0x0000000011ef0000]
 total_blobs=1655 nmethods=1387 adapters=181
 compilation: enabled

Compilation events (10 events):
Event: 2.186 Thread 0x0000000016e6c800 1397       3       com.android.dx.util.IntList::equals (82 bytes)
Event: 2.186 Thread 0x0000000016e6c800 nmethod 1397 0x0000000003465210 code [0x00000000034653a0, 0x0000000003465950]
Event: 2.186 Thread 0x0000000016e6c800 1398       3       com.android.dx.ssa.back.SsaToRop::verifyValidExitPredecessor (53 bytes)
Event: 2.187 Thread 0x0000000016e6c800 nmethod 1398 0x0000000003465b50 code [0x0000000003465d40, 0x0000000003466558]
Event: 2.194 Thread 0x0000000016e6c800 1399       3       com.android.dx.rop.code.CstInsn::contentEquals (31 bytes)
Event: 2.194 Thread 0x0000000016e6c800 nmethod 1399 0x0000000003466a10 code [0x0000000003466ba0, 0x0000000003467038]
Event: 2.197 Thread 0x0000000016e6c800 1400       3       com.android.dx.rop.cst.CstNat::equals (48 bytes)
Event: 2.198 Thread 0x0000000016e6c800 nmethod 1400 0x0000000003467150 code [0x0000000003467320, 0x0000000003467d18]
Event: 2.203 Thread 0x0000000016e6c800 1401       3       java.lang.Thread::interrupted (8 bytes)
Event: 2.203 Thread 0x0000000016e6c800 nmethod 1401 0x0000000003468310 code [0x0000000003468480, 0x0000000003468608]

GC Heap History (2 events):
Event: 1.699 GC heap before
{Heap before GC invocations=1 (full 0):
 PSYoungGen      total 38400K, used 33280K [0x00000000eab00000, 0x00000000ed580000, 0x0000000100000000)
  eden space 33280K, 100% used [0x00000000eab00000,0x00000000ecb80000,0x00000000ecb80000)
  from space 5120K, 0% used [0x00000000ed080000,0x00000000ed080000,0x00000000ed580000)
  to   space 5120K, 0% used [0x00000000ecb80000,0x00000000ecb80000,0x00000000ed080000)
 ParOldGen       total 87552K, used 0K [0x00000000c0000000, 0x00000000c5580000, 0x00000000eab00000)
  object space 87552K, 0% used [0x00000000c0000000,0x00000000c0000000,0x00000000c5580000)
 Metaspace       used 5985K, capacity 6898K, committed 7040K, reserved 1056768K
  class space    used 596K, capacity 618K, committed 640K, reserved 1048576K
Event: 1.907 GC heap after
Heap after GC invocations=1 (full 0):
 PSYoungGen      total 38400K, used 5111K [0x00000000eab00000, 0x00000000ef600000, 0x0000000100000000)
  eden space 33280K, 0% used [0x00000000eab00000,0x00000000eab00000,0x00000000ecb80000)
  from space 5120K, 99% used [0x00000000ecb80000,0x00000000ed07dc88,0x00000000ed080000)
  to   space 5120K, 0% used [0x00000000ef100000,0x00000000ef100000,0x00000000ef600000)
 ParOldGen       total 87552K, used 1584K [0x00000000c0000000, 0x00000000c5580000, 0x00000000eab00000)
  object space 87552K, 1% used [0x00000000c0000000,0x00000000c018c110,0x00000000c5580000)
 Metaspace       used 5985K, capacity 6898K, committed 7040K, reserved 1056768K
  class space    used 596K, capacity 618K, committed 640K, reserved 1048576K
}

Deoptimization events (10 events):
Event: 1.046 Thread 0x000000001891e800 Uncommon trap: reason=class_check action=maybe_recompile pc=0x00000000031f24e4 method=com.android.dx.ssa.NormalSsaInsn.accept(Lcom/android/dx/ssa/SsaInsn$Visitor;)V @ 9
Event: 1.046 Thread 0x000000001891e800 Uncommon trap: reason=class_check action=maybe_recompile pc=0x0000000003170b5c method=com.android.dx.ssa.NormalSsaInsn.accept(Lcom/android/dx/ssa/SsaInsn$Visitor;)V @ 9
Event: 1.046 Thread 0x000000001891e800 Uncommon trap: reason=class_check action=maybe_recompile pc=0x0000000003170b5c method=com.android.dx.ssa.NormalSsaInsn.accept(Lcom/android/dx/ssa/SsaInsn$Visitor;)V @ 9
Event: 1.053 Thread 0x000000001891e800 Uncommon trap: reason=class_check action=maybe_recompile pc=0x00000000031f24e4 method=com.android.dx.ssa.NormalSsaInsn.accept(Lcom/android/dx/ssa/SsaInsn$Visitor;)V @ 9
Event: 1.053 Thread 0x000000001891e800 Uncommon trap: reason=class_check action=maybe_recompile pc=0x0000000003170b5c method=com.android.dx.ssa.NormalSsaInsn.accept(Lcom/android/dx/ssa/SsaInsn$Visitor;)V @ 9
Event: 1.462 Thread 0x00000000188f1000 Uncommon trap: reason=unstable_if action=reinterpret pc=0x00000000032f433c method=com.android.dx.util.IntList.binarysearch(I)I @ 105
Event: 1.915 Thread 0x0000000018919000 Uncommon trap: reason=bimorphic action=maybe_recompile pc=0x00000000033cd074 method=com.android.dx.cf.code.BytecodeArray.parseInstruction(ILcom/android/dx/cf/code/BytecodeArray$Visitor;)I @ 2135
Event: 1.916 Thread 0x0000000018919000 Uncommon trap: reason=bimorphic action=maybe_recompile pc=0x00000000033cd074 method=com.android.dx.cf.code.BytecodeArray.parseInstruction(ILcom/android/dx/cf/code/BytecodeArray$Visitor;)I @ 2135
Event: 1.916 Thread 0x0000000018919000 Uncommon trap: reason=bimorphic action=maybe_recompile pc=0x00000000033cd074 method=com.android.dx.cf.code.BytecodeArray.parseInstruction(ILcom/android/dx/cf/code/BytecodeArray$Visitor;)I @ 2135
Event: 1.916 Thread 0x0000000018919000 Uncommon trap: reason=bimorphic action=maybe_recompile pc=0x00000000033cd074 method=com.android.dx.cf.code.BytecodeArray.parseInstruction(ILcom/android/dx/cf/code/BytecodeArray$Visitor;)I @ 2135

Internal exceptions (2 events):
Event: 0.053 Thread 0x0000000002df7800 Exception <a 'java/lang/NoSuchMethodError': Method sun.misc.Unsafe.defineClass(Ljava/lang/String;[BII)Ljava/lang/Class; name or signature does not match> (0x00000000eab07cc0) thrown at [D:\re\workspace\8-2-build-windows-amd64-cygwin\jdk8u92\6642\hotspot\srh6Ür%«?
Event: 0.053 Thread 0x0000000002df7800 Exception <a 'java/lang/NoSuchMethodError': Method sun.misc.Unsafe.prefetchRead(Ljava/lang/Object;J)V name or signature does not match> (0x00000000eab07fa8) thrown at [D:\re\workspace\8-2-build-windows-amd64-cygwin\jdk8u92\6642\hotspot\src\share\vm\prims\j

Events (10 events):
Event: 1.920 Thread 0x0000000018919000 DEOPT PACKING pc=0x0000000003236e7a sp=0x00000000195de730
Event: 1.920 Thread 0x0000000018919000 DEOPT UNPACKING pc=0x0000000002f3787f sp=0x00000000195de498 mode 0
Event: 1.937 Thread 0x0000000018919000 DEOPT PACKING pc=0x0000000003236e7a sp=0x00000000195de730
Event: 1.937 Thread 0x0000000018919000 DEOPT UNPACKING pc=0x0000000002f3787f sp=0x00000000195de498 mode 0
Event: 1.967 Thread 0x00000000188f1000 DEOPT PACKING pc=0x00000000031de56d sp=0x00000000194de8f0
Event: 1.967 Thread 0x00000000188f1000 DEOPT UNPACKING pc=0x0000000002f3787f sp=0x00000000194de6d0 mode 0
Event: 1.992 Thread 0x0000000018919000 DEOPT PACKING pc=0x00000000032d0984 sp=0x00000000195de860
Event: 1.992 Thread 0x0000000018919000 DEOPT UNPACKING pc=0x0000000002f3787f sp=0x00000000195de630 mode 0
Event: 1.993 Thread 0x0000000002df7800 DEOPT PACKING pc=0x00000000031de56d sp=0x0000000002dae170
Event: 1.993 Thread 0x0000000002df7800 DEOPT UNPACKING pc=0x0000000002f3787f sp=0x0000000002dadf50 mode 0


Dynamic libraries:
0x00007ff6a3180000 - 0x00007ff6a31b7000 	C:\Program Files\Java\jdk1.8.0_92\bin\java.exe
0x00007ffaa06d0000 - 0x00007ffaa08a1000 	C:\WINDOWS\SYSTEM32\ntdll.dll
0x00007ffa9dd50000 - 0x00007ffa9ddfb000 	C:\WINDOWS\System32\KERNEL32.DLL
0x00007ffa9cf00000 - 0x00007ffa9d11d000 	C:\WINDOWS\System32\KERNELBASE.dll
0x000000005cb70000 - 0x000000005cc1e000 	C:\Program Files\Bitdefender\Bitdefender 2016\Active Virus Control\Avc3_00379_052\avcuf64.dll
0x00007ffa9b060000 - 0x00007ffa9b0da000 	C:\WINDOWS\system32\apphelp.dll
0x00007ffa742d0000 - 0x00007ffa74752000 	C:\WINDOWS\AppPatch\AppPatch64\AcLayers.DLL
0x00007ffaa0630000 - 0x00007ffaa06ce000 	C:\WINDOWS\System32\msvcrt.dll
0x00007ffa9e850000 - 0x00007ffa9e9b5000 	C:\WINDOWS\System32\USER32.dll
0x00007ffa9cd50000 - 0x00007ffa9cd6e000 	C:\WINDOWS\System32\win32u.dll
0x00007ffa9dc40000 - 0x00007ffa9dc74000 	C:\WINDOWS\System32\GDI32.dll
0x00007ffa9cd70000 - 0x00007ffa9cef2000 	C:\WINDOWS\System32\gdi32full.dll
0x00007ffa9e590000 - 0x00007ffa9e5e2000 	C:\WINDOWS\System32\SHLWAPI.dll
0x00007ffa9de00000 - 0x00007ffa9e0c8000 	C:\WINDOWS\System32\combase.dll
0x00007ffa9cc50000 - 0x00007ffa9cd45000 	C:\WINDOWS\System32\ucrtbase.dll
0x00007ffa9edc0000 - 0x00007ffa9eee1000 	C:\WINDOWS\System32\RPCRT4.dll
0x00007ffa9da70000 - 0x00007ffa9dada000 	C:\WINDOWS\System32\bcryptPrimitives.dll
0x0000000000f70000 - 0x0000000000f73000 	C:\WINDOWS\SYSTEM32\sfc.dll
0x00007ffa91930000 - 0x00007ffa919b5000 	C:\WINDOWS\SYSTEM32\WINSPOOL.DRV
0x00007ffa9c6f0000 - 0x00007ffa9c71b000 	C:\WINDOWS\SYSTEM32\bcrypt.dll
0x00007ffa82b30000 - 0x00007ffa82b41000 	C:\WINDOWS\SYSTEM32\sfc_os.DLL
0x00007ffa937f0000 - 0x00007ffa93801000 	C:\WINDOWS\SYSTEM32\SortWindows61.dll
0x00007ffa9ebd0000 - 0x00007ffa9ebfe000 	C:\WINDOWS\System32\IMM32.DLL
0x00007ffa9bcb0000 - 0x00007ffa9bce0000 	C:\WINDOWS\system32\DriverStore\FileRepository\nvlti.inf_amd64_03205ffa8fdea79d\nvinitx.dll
0x00007ffa9ec00000 - 0x00007ffa9eca2000 	C:\WINDOWS\System32\ADVAPI32.dll
0x00007ffa9e0f0000 - 0x00007ffa9e149000 	C:\WINDOWS\System32\sechost.dll
0x00007ffa9bca0000 - 0x00007ffa9bcaa000 	C:\WINDOWS\SYSTEM32\VERSION.dll
0x00007ffa9eef0000 - 0x00007ffaa03f9000 	C:\WINDOWS\System32\Shell32.dll
0x00007ffa9db90000 - 0x00007ffa9dbd2000 	C:\WINDOWS\System32\cfgmgr32.dll
0x00007ffa9d120000 - 0x00007ffa9d7fa000 	C:\WINDOWS\System32\windows.storage.dll
0x00007ffa9cb50000 - 0x00007ffa9cb9c000 	C:\WINDOWS\System32\powrprof.dll
0x00007ffa9cb20000 - 0x00007ffa9cb2f000 	C:\WINDOWS\System32\kernel.appcore.dll
0x00007ffa9dae0000 - 0x00007ffa9db89000 	C:\WINDOWS\System32\shcore.dll
0x00007ffa9cb30000 - 0x00007ffa9cb44000 	C:\WINDOWS\System32\profapi.dll
0x000000005dff0000 - 0x000000005dff6000 	C:\Program Files\NVIDIA Corporation\CoProcManager\_etoured.dll
0x00007ffa98b40000 - 0x00007ffa98b7b000 	C:\Program Files\NVIDIA Corporation\CoProcManager\nvd3d9wrapx.dll
0x00007ffa9e150000 - 0x00007ffa9e579000 	C:\WINDOWS\System32\SETUPAPI.dll
0x00007ffa98a70000 - 0x00007ffa98a94000 	C:\Program Files\NVIDIA Corporation\CoProcManager\nvdxgiwrapx.dll
0x00007ffa92190000 - 0x00007ffa92409000 	C:\WINDOWS\WinSxS\amd64_microsoft.windows.common-controls_6595b64144ccf1df_6.0.14393.447_none_42191651c6827bb3\COMCTL32.dll
0x000000005adf0000 - 0x000000005aec2000 	C:\Program Files\Java\jdk1.8.0_92\jre\bin\msvcr100.dll
0x000000005a550000 - 0x000000005ade6000 	C:\Program Files\Java\jdk1.8.0_92\jre\bin\server\jvm.dll
0x00007ffa9e580000 - 0x00007ffa9e588000 	C:\WINDOWS\System32\PSAPI.DLL
0x00007ffa914e0000 - 0x00007ffa914e9000 	C:\WINDOWS\SYSTEM32\WSOCK32.dll
0x00007ffa9ecb0000 - 0x00007ffa9ed1a000 	C:\WINDOWS\System32\WS2_32.dll
0x00007ffa9a900000 - 0x00007ffa9a923000 	C:\WINDOWS\SYSTEM32\WINMM.dll
0x00007ffa9a760000 - 0x00007ffa9a78b000 	C:\WINDOWS\SYSTEM32\WINMMBASE.dll
0x000000005a540000 - 0x000000005a54f000 	C:\Program Files\Java\jdk1.8.0_92\jre\bin\verify.dll
0x000000005a510000 - 0x000000005a539000 	C:\Program Files\Java\jdk1.8.0_92\jre\bin\java.dll
0x000000005a4f0000 - 0x000000005a506000 	C:\Program Files\Java\jdk1.8.0_92\jre\bin\zip.dll

VM Arguments:
jvm_args: -Djava.awt.headless=true -Xmx1024M -Dfile.encoding=windows-1252 -Duser.country=US -Duser.language=en -Duser.variant 
java_command: com.android.dx.command.Main --dex --force-jumbo --num-threads=4 --multi-dex --output C:\Users\kikkos\AndroidStudioProjects\Udacity\SunshineWear\app\build\intermediates\transforms\dex\debug\folders\1000\10\com.google.android.gms-play-services-wearable-10.0.1_56597fea00665124e3cbf9e418d97eea5a83a389 C:\Users\kikkos\AndroidStudioProjects\Udacity\SunshineWear\app\build\intermediates\exploded-aar\com.google.android.gms\play-services-wearable\10.0.1\jars\classes.jar
java_class_path (initial): C:\Users\kikkos\AppData\Local\Android\sdk\build-tools\23.0.3\lib\dx.jar
Launcher Type: SUN_STANDARD

Environment Variables:
JAVA_HOME=C:\Program Files\Java\jdk1.8.0_92
PATH=C:\Program Files (x86)\Intel\iCLS Client\;C:\Program Files\Intel\iCLS Client\;C:\ProgramData\Oracle\Java\javapath;C:\Program Files\ImageMagick-6.8.9-Q16;C:\WINDOWS\system32;C:\WINDOWS;C:\WINDOWS\System32\Wbem;C:\Program Files\Lenovo\Bluetooth Software\;C:\Program Files\Lenovo\Bluetooth Software\syswow64;C:\Program Files\Intel\WiFi\bin\;C:\Program Files\Common Files\Intel\WirelessCommon\;C:\Program Files\Microsoft\Web Platform Installer\;C:\WINDOWS\System32\WindowsPowerShell\v1.0\;C:\Program Files\Microsoft SQL Server\110\Tools\Binn\;C:\Program Files\Sublime Text 2;C:\Program Files (x86)\Heroku\bin;C:\Program Files\Intel\Intel(R) Management Engine Components\DAL;C:\Program Files\Intel\Intel(R) Management Engine Components\IPT;C:\Program Files (x86)\Intel\Intel(R) Management Engine Components\DAL;C:\Program Files (x86)\Intel\Intel(R) Management Engine Components\IPT;C:\Program Files (x86)\NVIDIA Corporation\PhysX\Common;C:\WINDOWS\system32;C:\WINDOWS;C:\WINDOWS\System32\Wbem;C:\WINDOWS\System32\WindowsPowerShell\v1.0\;C:\Program Files (x86)\Skype\Phone\;C:\Ruby23-x64\bin;C:\Program Files (x86)\MySQL\MySQL Fabric 1.5 & MySQL Utilities 1.5\;C:\Program Files (x86)\MySQL\MySQL Fabric 1.5 & MySQL Utilities 1.5\Doctrine extensions for PHP\;C:\Program Files\MySQL\MySQL Server 5.7\bin;C:\RailsInstaller\Ruby2.2.0\bin;C:\Users\kikkos\AppData\Local\GitHub\PortableGit_d76a6a98c9315931ec4927243517bc09e9b731a0\cmd;C:\Users\kikkos\AppData\Local\Android\sdk\platform-tools;C:\cURL\bin;C:\Program Files\Intel\WiFi\bin\;C:\Program Files\Common Files\Intel\WirelessCommon\;C:\sqlite;C:\Users\kikkos\AppData\Local\Microsoft\WindowsApps;C:\Program Files\Java\jdk1.8.0_92\bin;C:\gradle-3.2.1\bin\
USERNAME=kikkos
OS=Windows_NT
PROCESSOR_IDENTIFIER=Intel64 Family 6 Model 42 Stepping 7, GenuineIntel



---------------  S Y S T E M  ---------------

OS: Windows 10.0 , 64 bit Build 14393 (10.0.14393.0)

CPU:total 8 (4 cores per cpu, 2 threads per core) family 6 model 42 stepping 7, cmov, cx8, fxsr, mmx, sse, sse2, sse3, ssse3, sse4.1, sse4.2, popcnt, avx, aes, clmul, ht, tsc, tscinvbit

Memory: 4k page, physical 8300684k(2102548k free), swap 8505484k(5160k free)

vm_info: Java HotSpot(TM) 64-Bit Server VM (25.92-b14) for windows-amd64 JRE (1.8.0_92-b14), built on Mar 31 2016 21:03:04 by "java_re" with MS VC++ 10.0 (VS2010)

time: Sun Jan 01 11:53:36 2017
elapsed time: 2 seconds (0d 0h 0m 2s)

