#
# There is insufficient memory for the Java Runtime Environment to continue.
# Native memory allocation (malloc) failed to allocate 131088 bytes for Chunk::new
# Possible reasons:
#   The system is out of physical RAM or swap space
#   In 32 bit mode, the process size limit was hit
# Possible solutions:
#   Reduce memory load on the system
#   Increase physical memory or swap space
#   Check if swap backing store is full
#   Use 64 bit Java on a 64 bit OS
#   Decrease Java heap size (-Xmx/-Xms)
#   Decrease number of Java threads
#   Decrease Java thread stack sizes (-Xss)
#   Set larger code cache with -XX:ReservedCodeCacheSize=
# This output file may be truncated or incomplete.
#
#  Out of Memory Error (allocation.cpp:390), pid=4292, tid=0x0000000000000b04
#
# JRE version: Java(TM) SE Runtime Environment (8.0_92-b14) (build 1.8.0_92-b14)
# Java VM: Java HotSpot(TM) 64-Bit Server VM (25.92-b14 mixed mode windows-amd64 compressed oops)
# Failed to write core dump. Minidumps are not enabled by default on client versions of Windows
#

---------------  T H R E A D  ---------------

Current thread (0x000000001665c000):  JavaThread "C2 CompilerThread1" daemon [_thread_in_native, id=2820, stack(0x00000000179f0000,0x0000000017af0000)]

Stack: [0x00000000179f0000,0x0000000017af0000]
[error occurred during error reporting (printing stack bounds), id 0xc0000005]

Native frames: (J=compiled Java code, j=interpreted, Vv=VM code, C=native code)


Current CompileTask:
C2:   4656 1982       4       com.android.dx.rop.code.Rops::ropFor (771 bytes)


---------------  P R O C E S S  ---------------

Java Threads: ( => current thread )
  0x000000001b363800 JavaThread "pool-1-thread-1" [_thread_in_Java, id=2176, stack(0x000000001be60000,0x000000001bf60000)]
  0x0000000016680800 JavaThread "Service Thread" daemon [_thread_blocked, id=8404, stack(0x0000000017cf0000,0x0000000017df0000)]
  0x0000000016664800 JavaThread "C1 CompilerThread3" daemon [_thread_blocked, id=1768, stack(0x0000000017bf0000,0x0000000017cf0000)]
  0x0000000016660800 JavaThread "C2 CompilerThread2" daemon [_thread_in_native, id=10064, stack(0x0000000017af0000,0x0000000017bf0000)]
=>0x000000001665c000 JavaThread "C2 CompilerThread1" daemon [_thread_in_native, id=2820, stack(0x00000000179f0000,0x0000000017af0000)]
  0x0000000016607000 JavaThread "C2 CompilerThread0" daemon [_thread_in_native, id=7360, stack(0x00000000178f0000,0x00000000179f0000)]
  0x0000000016601800 JavaThread "Attach Listener" daemon [_thread_blocked, id=12132, stack(0x00000000177f0000,0x00000000178f0000)]
  0x0000000016600800 JavaThread "Signal Dispatcher" daemon [_thread_blocked, id=12652, stack(0x00000000176f0000,0x00000000177f0000)]
  0x00000000165b8000 JavaThread "Finalizer" daemon [_thread_blocked, id=6624, stack(0x0000000017500000,0x0000000017600000)]
  0x0000000016586000 JavaThread "Reference Handler" daemon [_thread_blocked, id=8672, stack(0x0000000017400000,0x0000000017500000)]
  0x0000000002617800 JavaThread "main" [_thread_blocked, id=824, stack(0x0000000002510000,0x0000000002610000)]

Other Threads:
  0x000000001522f800 VMThread [stack: 0x0000000017300000,0x0000000017400000] [id=10028]
  0x000000001668b800 WatcherThread [stack: 0x0000000017df0000,0x0000000017ef0000] [id=7976]

VM state:not at safepoint (normal execution)

VM Mutex/Monitor currently owned by a thread: None

Heap:
 PSYoungGen      total 282624K, used 61308K [0x00000000eab00000, 0x00000000ff600000, 0x0000000100000000)
  eden space 252416K, 12% used [0x00000000eab00000,0x00000000ec965cb0,0x00000000fa180000)
  from space 30208K, 99% used [0x00000000fc780000,0x00000000fe4f9668,0x00000000fe500000)
  to   space 38912K, 0% used [0x00000000fa180000,0x00000000fa180000,0x00000000fc780000)
 ParOldGen       total 87552K, used 47952K [0x00000000c0000000, 0x00000000c5580000, 0x00000000eab00000)
  object space 87552K, 54% used [0x00000000c0000000,0x00000000c2ed42f8,0x00000000c5580000)
 Metaspace       used 6660K, capacity 7320K, committed 7680K, reserved 1056768K
  class space    used 630K, capacity 656K, committed 768K, reserved 1048576K

Card table byte_map: [0x0000000011ad0000,0x0000000011ce0000] byte_map_base: 0x00000000114d0000

Marking Bits: (ParMarkBitMap*) 0x000000005b2d64f0
 Begin Bits: [0x0000000012640000, 0x0000000013640000)
 End Bits:   [0x0000000013640000, 0x0000000014640000)

Polling page: 0x0000000000720000

CodeCache: size=245760Kb used=9094Kb max_used=9094Kb free=236665Kb
 bounds [0x0000000002710000, 0x0000000003000000, 0x0000000011710000]
 total_blobs=2543 nmethods=2273 adapters=182
 compilation: enabled

Compilation events (10 events):
Event: 4.634 Thread 0x0000000016664800 2364       2       java.util.HashMap::keySet (25 bytes)
Event: 4.635 Thread 0x0000000016664800 nmethod 2364 0x0000000002ff5cd0 code [0x0000000002ff5e20, 0x0000000002ff5ff0]
Event: 4.635 Thread 0x0000000016664800 2365       2       java.util.HashMap$KeySet::<init> (10 bytes)
Event: 4.635 Thread 0x0000000016664800 nmethod 2365 0x0000000002ff6090 code [0x0000000002ff61e0, 0x0000000002ff6350]
Event: 4.635 Thread 0x0000000016664800 2366       3       com.android.dx.dex.code.OutputFinisher::addConstants (93 bytes)
Event: 4.636 Thread 0x0000000016664800 nmethod 2366 0x0000000002ff63d0 code [0x0000000002ff6600, 0x0000000002ff74e8]
Event: 4.636 Thread 0x0000000016664800 2367       2       com.android.dx.dex.file.DebugInfoItem::<init> (36 bytes)
Event: 4.636 Thread 0x0000000016664800 nmethod 2367 0x0000000002ff7a10 code [0x0000000002ff7b80, 0x0000000002ff7df8]
Event: 4.637 Thread 0x0000000016664800 2368       2       java.util.HashMap$KeySet::iterator (12 bytes)
Event: 4.637 Thread 0x0000000016664800 nmethod 2368 0x0000000002ff7f10 code [0x0000000002ff8080, 0x0000000002ff8268]

GC Heap History (10 events):
Event: 1.783 GC heap before
{Heap before GC invocations=4 (full 0):
 PSYoungGen      total 38400K, used 38386K [0x00000000eab00000, 0x00000000ef600000, 0x0000000100000000)
  eden space 33280K, 100% used [0x00000000eab00000,0x00000000ecb80000,0x00000000ecb80000)
  from space 5120K, 99% used [0x00000000ecb80000,0x00000000ed07c8d8,0x00000000ed080000)
  to   space 5120K, 0% used [0x00000000ef100000,0x00000000ef100000,0x00000000ef600000)
 ParOldGen       total 87552K, used 8749K [0x00000000c0000000, 0x00000000c5580000, 0x00000000eab00000)
  object space 87552K, 9% used [0x00000000c0000000,0x00000000c088b6e0,0x00000000c5580000)
 Metaspace       used 6276K, capacity 7154K, committed 7296K, reserved 1056768K
  class space    used 604K, capacity 618K, committed 640K, reserved 1048576K
Event: 1.800 GC heap after
Heap after GC invocations=4 (full 0):
 PSYoungGen      total 71680K, used 5096K [0x00000000eab00000, 0x00000000ef600000, 0x0000000100000000)
  eden space 66560K, 0% used [0x00000000eab00000,0x00000000eab00000,0x00000000eec00000)
  from space 5120K, 99% used [0x00000000ef100000,0x00000000ef5fa298,0x00000000ef600000)
  to   space 5120K, 0% used [0x00000000eec00000,0x00000000eec00000,0x00000000ef100000)
 ParOldGen       total 87552K, used 13686K [0x00000000c0000000, 0x00000000c5580000, 0x00000000eab00000)
  object space 87552K, 15% used [0x00000000c0000000,0x00000000c0d5db18,0x00000000c5580000)
 Metaspace       used 6276K, capacity 7154K, committed 7296K, reserved 1056768K
  class space    used 604K, capacity 618K, committed 640K, reserved 1048576K
}
Event: 2.058 GC heap before
{Heap before GC invocations=5 (full 0):
 PSYoungGen      total 71680K, used 71656K [0x00000000eab00000, 0x00000000ef600000, 0x0000000100000000)
  eden space 66560K, 100% used [0x00000000eab00000,0x00000000eec00000,0x00000000eec00000)
  from space 5120K, 99% used [0x00000000ef100000,0x00000000ef5fa298,0x00000000ef600000)
  to   space 5120K, 0% used [0x00000000eec00000,0x00000000eec00000,0x00000000ef100000)
 ParOldGen       total 87552K, used 13686K [0x00000000c0000000, 0x00000000c5580000, 0x00000000eab00000)
  object space 87552K, 15% used [0x00000000c0000000,0x00000000c0d5db18,0x00000000c5580000)
 Metaspace       used 6340K, capacity 7154K, committed 7296K, reserved 1056768K
  class space    used 604K, capacity 618K, committed 640K, reserved 1048576K
Event: 2.078 GC heap after
Heap after GC invocations=5 (full 0):
 PSYoungGen      total 71680K, used 5096K [0x00000000eab00000, 0x00000000f4d00000, 0x0000000100000000)
  eden space 66560K, 0% used [0x00000000eab00000,0x00000000eab00000,0x00000000eec00000)
  from space 5120K, 99% used [0x00000000eec00000,0x00000000ef0fa298,0x00000000ef100000)
  to   space 16384K, 0% used [0x00000000f3d00000,0x00000000f3d00000,0x00000000f4d00000)
 ParOldGen       total 87552K, used 23534K [0x00000000c0000000, 0x00000000c5580000, 0x00000000eab00000)
  object space 87552K, 26% used [0x00000000c0000000,0x00000000c16fb828,0x00000000c5580000)
 Metaspace       used 6340K, capacity 7154K, committed 7296K, reserved 1056768K
  class space    used 604K, capacity 618K, committed 640K, reserved 1048576K
}
Event: 2.318 GC heap before
{Heap before GC invocations=6 (full 0):
 PSYoungGen      total 71680K, used 71656K [0x00000000eab00000, 0x00000000f4d00000, 0x0000000100000000)
  eden space 66560K, 100% used [0x00000000eab00000,0x00000000eec00000,0x00000000eec00000)
  from space 5120K, 99% used [0x00000000eec00000,0x00000000ef0fa298,0x00000000ef100000)
  to   space 16384K, 0% used [0x00000000f3d00000,0x00000000f3d00000,0x00000000f4d00000)
 ParOldGen       total 87552K, used 23534K [0x00000000c0000000, 0x00000000c5580000, 0x00000000eab00000)
  object space 87552K, 26% used [0x00000000c0000000,0x00000000c16fb828,0x00000000c5580000)
 Metaspace       used 6388K, capacity 7218K, committed 7296K, reserved 1056768K
  class space    used 604K, capacity 618K, committed 640K, reserved 1048576K
Event: 2.339 GC heap after
Heap after GC invocations=6 (full 0):
 PSYoungGen      total 146944K, used 16169K [0x00000000eab00000, 0x00000000f5200000, 0x0000000100000000)
  eden space 130560K, 0% used [0x00000000eab00000,0x00000000eab00000,0x00000000f2a80000)
  from space 16384K, 98% used [0x00000000f3d00000,0x00000000f4cca5d0,0x00000000f4d00000)
  to   space 18944K, 0% used [0x00000000f2a80000,0x00000000f2a80000,0x00000000f3d00000)
 ParOldGen       total 87552K, used 23534K [0x00000000c0000000, 0x00000000c5580000, 0x00000000eab00000)
  object space 87552K, 26% used [0x00000000c0000000,0x00000000c16fb828,0x00000000c5580000)
 Metaspace       used 6388K, capacity 7218K, committed 7296K, reserved 1056768K
  class space    used 604K, capacity 618K, committed 640K, reserved 1048576K
}
Event: 2.846 GC heap before
{Heap before GC invocations=7 (full 0):
 PSYoungGen      total 146944K, used 146729K [0x00000000eab00000, 0x00000000f5200000, 0x0000000100000000)
  eden space 130560K, 100% used [0x00000000eab00000,0x00000000f2a80000,0x00000000f2a80000)
  from space 16384K, 98% used [0x00000000f3d00000,0x00000000f4cca5d0,0x00000000f4d00000)
  to   space 18944K, 0% used [0x00000000f2a80000,0x00000000f2a80000,0x00000000f3d00000)
 ParOldGen       total 87552K, used 23534K [0x00000000c0000000, 0x00000000c5580000, 0x00000000eab00000)
  object space 87552K, 26% used [0x00000000c0000000,0x00000000c16fb828,0x00000000c5580000)
 Metaspace       used 6543K, capacity 7256K, committed 7424K, reserved 1056768K
  class space    used 624K, capacity 656K, committed 768K, reserved 1048576K
Event: 2.893 GC heap after
Heap after GC invocations=7 (full 0):
 PSYoungGen      total 149504K, used 18924K [0x00000000eab00000, 0x00000000fe500000, 0x0000000100000000)
  eden space 130560K, 0% used [0x00000000eab00000,0x00000000eab00000,0x00000000f2a80000)
  from space 18944K, 99% used [0x00000000f2a80000,0x00000000f3cfb348,0x00000000f3d00000)
  to   space 30208K, 0% used [0x00000000fc780000,0x00000000fc780000,0x00000000fe500000)
 ParOldGen       total 87552K, used 40179K [0x00000000c0000000, 0x00000000c5580000, 0x00000000eab00000)
  object space 87552K, 45% used [0x00000000c0000000,0x00000000c273ccd0,0x00000000c5580000)
 Metaspace       used 6543K, capacity 7256K, committed 7424K, reserved 1056768K
  class space    used 624K, capacity 656K, committed 768K, reserved 1048576K
}
Event: 3.740 GC heap before
{Heap before GC invocations=8 (full 0):
 PSYoungGen      total 149504K, used 149484K [0x00000000eab00000, 0x00000000fe500000, 0x0000000100000000)
  eden space 130560K, 100% used [0x00000000eab00000,0x00000000f2a80000,0x00000000f2a80000)
  from space 18944K, 99% used [0x00000000f2a80000,0x00000000f3cfb348,0x00000000f3d00000)
  to   space 30208K, 0% used [0x00000000fc780000,0x00000000fc780000,0x00000000fe500000)
 ParOldGen       total 87552K, used 40179K [0x00000000c0000000, 0x00000000c5580000, 0x00000000eab00000)
  object space 87552K, 45% used [0x00000000c0000000,0x00000000c273ccd0,0x00000000c5580000)
 Metaspace       used 6573K, capacity 7256K, committed 7424K, reserved 1056768K
  class space    used 625K, capacity 656K, committed 768K, reserved 1048576K
Event: 3.845 GC heap after
Heap after GC invocations=8 (full 0):
 PSYoungGen      total 282624K, used 30181K [0x00000000eab00000, 0x00000000ff600000, 0x0000000100000000)
  eden space 252416K, 0% used [0x00000000eab00000,0x00000000eab00000,0x00000000fa180000)
  from space 30208K, 99% used [0x00000000fc780000,0x00000000fe4f9668,0x00000000fe500000)
  to   space 38912K, 0% used [0x00000000fa180000,0x00000000fa180000,0x00000000fc780000)
 ParOldGen       total 87552K, used 47952K [0x00000000c0000000, 0x00000000c5580000, 0x00000000eab00000)
  object space 87552K, 54% used [0x00000000c0000000,0x00000000c2ed42f8,0x00000000c5580000)
 Metaspace       used 6573K, capacity 7256K, committed 7424K, reserved 1056768K
  class space    used 625K, capacity 656K, committed 768K, reserved 1048576K
}

Deoptimization events (10 events):
Event: 3.326 Thread 0x0000000002617800 Uncommon trap: reason=unstable_if action=reinterpret pc=0x0000000002f4c16c method=java.util.HashMap.getNode(ILjava/lang/Object;)Ljava/util/HashMap$Node; @ 84
Event: 3.971 Thread 0x0000000018430000 Uncommon trap: reason=unstable_if action=reinterpret pc=0x0000000002c6c484 method=java.util.HashMap.getNode(ILjava/lang/Object;)Ljava/util/HashMap$Node; @ 84
Event: 4.561 Thread 0x000000001b363800 Uncommon trap: reason=class_check action=maybe_recompile pc=0x0000000002b00748 method=java.util.Arrays.hashCode([Ljava/lang/Object;)I @ 43
Event: 4.561 Thread 0x000000001b363800 Uncommon trap: reason=class_check action=maybe_recompile pc=0x0000000002b00748 method=java.util.Arrays.hashCode([Ljava/lang/Object;)I @ 43
Event: 4.561 Thread 0x000000001b363800 Uncommon trap: reason=class_check action=maybe_recompile pc=0x0000000002b00748 method=java.util.Arrays.hashCode([Ljava/lang/Object;)I @ 43
Event: 4.561 Thread 0x000000001b363800 Uncommon trap: reason=class_check action=maybe_recompile pc=0x0000000002b00748 method=java.util.Arrays.hashCode([Ljava/lang/Object;)I @ 43
Event: 4.561 Thread 0x000000001b363800 Uncommon trap: reason=class_check action=maybe_recompile pc=0x0000000002acf868 method=java.util.Arrays.hashCode([Ljava/lang/Object;)I @ 43
Event: 4.608 Thread 0x000000001b363800 Uncommon trap: reason=class_check action=maybe_recompile pc=0x0000000002ad49c8 method=java.util.HashMap.putVal(ILjava/lang/Object;Ljava/lang/Object;ZZ)Ljava/lang/Object; @ 203
Event: 4.609 Thread 0x000000001b363800 Uncommon trap: reason=class_check action=maybe_recompile pc=0x0000000002ad49c8 method=java.util.HashMap.putVal(ILjava/lang/Object;Ljava/lang/Object;ZZ)Ljava/lang/Object; @ 203
Event: 4.611 Thread 0x000000001b363800 Uncommon trap: reason=class_check action=maybe_recompile pc=0x0000000002ad49c8 method=java.util.HashMap.putVal(ILjava/lang/Object;Ljava/lang/Object;ZZ)Ljava/lang/Object; @ 203

Internal exceptions (7 events):
Event: 0.132 Thread 0x0000000002617800 Exception <a 'java/lang/NoSuchMethodError': Method sun.misc.Unsafe.defineClass(Ljava/lang/String;[BII)Ljava/lang/Class; name or signature does not match> (0x00000000eab07cc0) thrown at [D:\re\workspace\8-2-build-windows-amd64-cygwin\jdk8u92\6642\hotspot\srVèfø•ı¿?
Event: 0.132 Thread 0x0000000002617800 Exception <a 'java/lang/NoSuchMethodError': Method sun.misc.Unsafe.prefetchRead(Ljava/lang/Object;J)V name or signature does not match> (0x00000000eab07fa8) thrown at [D:\re\workspace\8-2-build-windows-amd64-cygwin\jdk8u92\6642\hotspot\src\share\vm\prims\jjë'ÅÓ∫Ò?
Event: 1.108 Thread 0x0000000018430000 Implicit null exception at 0x0000000002993862 to 0x0000000002993961
Event: 2.260 Thread 0x000000001842f800 Implicit null exception at 0x0000000002d2234e to 0x0000000002d238b5
Event: 2.405 Thread 0x00000000182b8000 Exception <a 'java/lang/ArrayIndexOutOfBoundsException': 18> (0x00000000ebce0fb8) thrown at [D:\re\workspace\8-2-build-windows-amd64-cygwin\jdk8u92\6642\hotspot\src\share\vm\interpreter\interpreterRuntime.cpp, line 366]
Event: 2.406 Thread 0x00000000182b8000 Exception <a 'java/lang/ArrayIndexOutOfBoundsException'> (0x00000000ebce2b38) thrown at [D:\re\workspace\8-2-build-windows-amd64-cygwin\jdk8u92\6642\hotspot\src\share\vm\runtime\sharedRuntime.cpp, line 605]
Event: 2.408 Thread 0x00000000182b8000 Exception <a 'java/lang/ArrayIndexOutOfBoundsException'> (0x00000000ebce3e20) thrown at [D:\re\workspace\8-2-build-windows-amd64-cygwin\jdk8u92\6642\hotspot\src\share\vm\runtime\sharedRuntime.cpp, line 605]

Events (10 events):
Event: 4.608 Thread 0x000000001b363800 DEOPT PACKING pc=0x0000000002ad49c8 sp=0x000000001bf5ec90
Event: 4.608 Thread 0x000000001b363800 DEOPT UNPACKING pc=0x000000000275582a sp=0x000000001bf5ebb0 mode 2
Event: 4.609 Thread 0x000000001b363800 Uncommon trap: trap_request=0xffffffde fr.pc=0x0000000002ad49c8
Event: 4.609 Thread 0x000000001b363800 DEOPT PACKING pc=0x0000000002ad49c8 sp=0x000000001bf5ec90
Event: 4.609 Thread 0x000000001b363800 DEOPT UNPACKING pc=0x000000000275582a sp=0x000000001bf5ebb0 mode 2
Event: 4.611 Thread 0x000000001b363800 Uncommon trap: trap_request=0xffffffde fr.pc=0x0000000002ad49c8
Event: 4.611 Thread 0x000000001b363800 DEOPT PACKING pc=0x0000000002ad49c8 sp=0x000000001bf5ec90
Event: 4.611 Thread 0x000000001b363800 DEOPT UNPACKING pc=0x000000000275582a sp=0x000000001bf5ebb0 mode 2
Event: 4.623 loading class com/android/dx/dex/file/CatchStructs
Event: 4.623 loading class com/android/dx/dex/file/CatchStructs done


Dynamic libraries:
0x00007ff6a3180000 - 0x00007ff6a31b7000 	C:\Program Files\Java\jdk1.8.0_92\bin\java.exe
0x00007ffaa06d0000 - 0x00007ffaa08a1000 	C:\WINDOWS\SYSTEM32\ntdll.dll
0x00007ffa9dd50000 - 0x00007ffa9ddfb000 	C:\WINDOWS\System32\KERNEL32.DLL
0x00007ffa9cf00000 - 0x00007ffa9d11d000 	C:\WINDOWS\System32\KERNELBASE.dll
0x000000005cb70000 - 0x000000005cc1e000 	C:\Program Files\Bitdefender\Bitdefender 2016\Active Virus Control\Avc3_00379_052\avcuf64.dll
0x00007ffa9b060000 - 0x00007ffa9b0da000 	C:\WINDOWS\system32\apphelp.dll
0x00007ffa742d0000 - 0x00007ffa74752000 	C:\WINDOWS\AppPatch\AppPatch64\AcLayers.DLL
0x00007ffaa0630000 - 0x00007ffaa06ce000 	C:\WINDOWS\System32\msvcrt.dll
0x00007ffa9e850000 - 0x00007ffa9e9b5000 	C:\WINDOWS\System32\USER32.dll
0x00007ffa9cd50000 - 0x00007ffa9cd6e000 	C:\WINDOWS\System32\win32u.dll
0x00007ffa9dc40000 - 0x00007ffa9dc74000 	C:\WINDOWS\System32\GDI32.dll
0x00007ffa9cd70000 - 0x00007ffa9cef2000 	C:\WINDOWS\System32\gdi32full.dll
0x00007ffa9e590000 - 0x00007ffa9e5e2000 	C:\WINDOWS\System32\SHLWAPI.dll
0x00007ffa9de00000 - 0x00007ffa9e0c8000 	C:\WINDOWS\System32\combase.dll
0x00007ffa9cc50000 - 0x00007ffa9cd45000 	C:\WINDOWS\System32\ucrtbase.dll
0x00007ffa9edc0000 - 0x00007ffa9eee1000 	C:\WINDOWS\System32\RPCRT4.dll
0x00007ffa9da70000 - 0x00007ffa9dada000 	C:\WINDOWS\System32\bcryptPrimitives.dll
0x0000000000380000 - 0x0000000000383000 	C:\WINDOWS\SYSTEM32\sfc.dll
0x00007ffa91930000 - 0x00007ffa919b5000 	C:\WINDOWS\SYSTEM32\WINSPOOL.DRV
0x00007ffa9c6f0000 - 0x00007ffa9c71b000 	C:\WINDOWS\SYSTEM32\bcrypt.dll
0x00007ffa82b30000 - 0x00007ffa82b41000 	C:\WINDOWS\SYSTEM32\sfc_os.DLL
0x00007ffa94520000 - 0x00007ffa94531000 	C:\WINDOWS\SYSTEM32\SortWindows61.dll
0x00007ffa9ebd0000 - 0x00007ffa9ebfe000 	C:\WINDOWS\System32\IMM32.DLL
0x00007ffa9bcb0000 - 0x00007ffa9bce0000 	C:\WINDOWS\system32\DriverStore\FileRepository\nvlti.inf_amd64_03205ffa8fdea79d\nvinitx.dll
0x00007ffa9ec00000 - 0x00007ffa9eca2000 	C:\WINDOWS\System32\ADVAPI32.dll
0x00007ffa9e0f0000 - 0x00007ffa9e149000 	C:\WINDOWS\System32\sechost.dll
0x00007ffa9bca0000 - 0x00007ffa9bcaa000 	C:\WINDOWS\SYSTEM32\VERSION.dll
0x00007ffa9eef0000 - 0x00007ffaa03f9000 	C:\WINDOWS\System32\Shell32.dll
0x00007ffa9db90000 - 0x00007ffa9dbd2000 	C:\WINDOWS\System32\cfgmgr32.dll
0x00007ffa9d120000 - 0x00007ffa9d7fa000 	C:\WINDOWS\System32\windows.storage.dll
0x00007ffa9cb50000 - 0x00007ffa9cb9c000 	C:\WINDOWS\System32\powrprof.dll
0x00007ffa9cb20000 - 0x00007ffa9cb2f000 	C:\WINDOWS\System32\kernel.appcore.dll
0x00007ffa9dae0000 - 0x00007ffa9db89000 	C:\WINDOWS\System32\shcore.dll
0x00007ffa9cb30000 - 0x00007ffa9cb44000 	C:\WINDOWS\System32\profapi.dll
0x000000005dff0000 - 0x000000005dff6000 	C:\Program Files\NVIDIA Corporation\CoProcManager\_etoured.dll
0x00007ffa98b40000 - 0x00007ffa98b7b000 	C:\Program Files\NVIDIA Corporation\CoProcManager\nvd3d9wrapx.dll
0x00007ffa9e150000 - 0x00007ffa9e579000 	C:\WINDOWS\System32\SETUPAPI.dll
0x00007ffa98a70000 - 0x00007ffa98a94000 	C:\Program Files\NVIDIA Corporation\CoProcManager\nvdxgiwrapx.dll
0x00007ffa92190000 - 0x00007ffa92409000 	C:\WINDOWS\WinSxS\amd64_microsoft.windows.common-controls_6595b64144ccf1df_6.0.14393.447_none_42191651c6827bb3\COMCTL32.dll
0x000000005b360000 - 0x000000005b432000 	C:\Program Files\Java\jdk1.8.0_92\jre\bin\msvcr100.dll
0x000000005aac0000 - 0x000000005b356000 	C:\Program Files\Java\jdk1.8.0_92\jre\bin\server\jvm.dll
0x00007ffa9e580000 - 0x00007ffa9e588000 	C:\WINDOWS\System32\PSAPI.DLL
0x00007ffa914e0000 - 0x00007ffa914e9000 	C:\WINDOWS\SYSTEM32\WSOCK32.dll
0x00007ffa9ecb0000 - 0x00007ffa9ed1a000 	C:\WINDOWS\System32\WS2_32.dll
0x00007ffa9a900000 - 0x00007ffa9a923000 	C:\WINDOWS\SYSTEM32\WINMM.dll
0x00007ffa9a760000 - 0x00007ffa9a78b000 	C:\WINDOWS\SYSTEM32\WINMMBASE.dll
0x000000005aab0000 - 0x000000005aabf000 	C:\Program Files\Java\jdk1.8.0_92\jre\bin\verify.dll
0x000000005aa80000 - 0x000000005aaa9000 	C:\Program Files\Java\jdk1.8.0_92\jre\bin\java.dll
0x000000005aa60000 - 0x000000005aa76000 	C:\Program Files\Java\jdk1.8.0_92\jre\bin\zip.dll

VM Arguments:
jvm_args: -Djava.awt.headless=true -Xmx1024M -Dfile.encoding=windows-1252 -Duser.country=US -Duser.language=en -Duser.variant 
java_command: com.android.dx.command.Main --dex --force-jumbo --num-threads=4 --multi-dex --output C:\Users\kikkos\AndroidStudioProjects\Udacity\SunshineWear\app\build\intermediates\transforms\dex\debug\folders\1000\10\com.android.support-support-v4-24.0.0_bfe2e8b3ac8c4a15579a87286323680af90d39ad C:\Users\kikkos\AndroidStudioProjects\Udacity\SunshineWear\app\build\intermediates\exploded-aar\com.android.support\support-v4\24.0.0\jars\classes.jar
java_class_path (initial): C:\Users\kikkos\AppData\Local\Android\sdk\build-tools\23.0.3\lib\dx.jar
Launcher Type: SUN_STANDARD

Environment Variables:
JAVA_HOME=C:\Program Files\Java\jdk1.8.0_92
PATH=C:\Program Files (x86)\Intel\iCLS Client\;C:\Program Files\Intel\iCLS Client\;C:\ProgramData\Oracle\Java\javapath;C:\Program Files\ImageMagick-6.8.9-Q16;C:\WINDOWS\system32;C:\WINDOWS;C:\WINDOWS\System32\Wbem;C:\Program Files\Lenovo\Bluetooth Software\;C:\Program Files\Lenovo\Bluetooth Software\syswow64;C:\Program Files\Intel\WiFi\bin\;C:\Program Files\Common Files\Intel\WirelessCommon\;C:\Program Files\Microsoft\Web Platform Installer\;C:\WINDOWS\System32\WindowsPowerShell\v1.0\;C:\Program Files\Microsoft SQL Server\110\Tools\Binn\;C:\Program Files\Sublime Text 2;C:\Program Files (x86)\Heroku\bin;C:\Program Files\Intel\Intel(R) Management Engine Components\DAL;C:\Program Files\Intel\Intel(R) Management Engine Components\IPT;C:\Program Files (x86)\Intel\Intel(R) Management Engine Components\DAL;C:\Program Files (x86)\Intel\Intel(R) Management Engine Components\IPT;C:\Program Files (x86)\NVIDIA Corporation\PhysX\Common;C:\WINDOWS\system32;C:\WINDOWS;C:\WINDOWS\System32\Wbem;C:\WINDOWS\System32\WindowsPowerShell\v1.0\;C:\Program Files (x86)\Skype\Phone\;C:\Ruby23-x64\bin;C:\Program Files (x86)\MySQL\MySQL Fabric 1.5 & MySQL Utilities 1.5\;C:\Program Files (x86)\MySQL\MySQL Fabric 1.5 & MySQL Utilities 1.5\Doctrine extensions for PHP\;C:\Program Files\MySQL\MySQL Server 5.7\bin;C:\RailsInstaller\Ruby2.2.0\bin;C:\Users\kikkos\AppData\Local\GitHub\PortableGit_d76a6a98c9315931ec4927243517bc09e9b731a0\cmd;C:\Users\kikkos\AppData\Local\Android\sdk\platform-tools;C:\cURL\bin;C:\Program Files\Intel\WiFi\bin\;C:\Program Files\Common Files\Intel\WirelessCommon\;C:\sqlite;C:\Users\kikkos\AppData\Local\Microsoft\WindowsApps;C:\Program Files\Java\jdk1.8.0_92\bin;C:\gradle-3.2.1\bin\
USERNAME=kikkos
OS=Windows_NT
PROCESSOR_IDENTIFIER=Intel64 Family 6 Model 42 Stepping 7, GenuineIntel



---------------  S Y S T E M  ---------------

OS: Windows 10.0 , 64 bit Build 14393 (10.0.14393.0)

CPU:total 8 (4 cores per cpu, 2 threads per core) family 6 model 42 stepping 7, cmov, cx8, fxsr, mmx, sse, sse2, sse3, ssse3, sse4.1, sse4.2, popcnt, avx, aes, clmul, ht, tsc, tscinvbit

Memory: 4k page, physical 8300684k(1925732k free), swap 8505484k(5448k free)

vm_info: Java HotSpot(TM) 64-Bit Server VM (25.92-b14) for windows-amd64 JRE (1.8.0_92-b14), built on Mar 31 2016 21:03:04 by "java_re" with MS VC++ 10.0 (VS2010)

time: Sun Jan 01 12:16:59 2017
elapsed time: 4 seconds (0d 0h 0m 4s)

