#
# There is insufficient memory for the Java Runtime Environment to continue.
# Native memory allocation (malloc) failed to allocate 585216 bytes for Chunk::new
# Possible reasons:
#   The system is out of physical RAM or swap space
#   In 32 bit mode, the process size limit was hit
# Possible solutions:
#   Reduce memory load on the system
#   Increase physical memory or swap space
#   Check if swap backing store is full
#   Use 64 bit Java on a 64 bit OS
#   Decrease Java heap size (-Xmx/-Xms)
#   Decrease number of Java threads
#   Decrease Java thread stack sizes (-Xss)
#   Set larger code cache with -XX:ReservedCodeCacheSize=
# This output file may be truncated or incomplete.
#
#  Out of Memory Error (allocation.cpp:390), pid=13092, tid=0x0000000000002e7c
#
# JRE version: Java(TM) SE Runtime Environment (8.0_92-b14) (build 1.8.0_92-b14)
# Java VM: Java HotSpot(TM) 64-Bit Server VM (25.92-b14 mixed mode windows-amd64 compressed oops)
# Failed to write core dump. Minidumps are not enabled by default on client versions of Windows
#

---------------  T H R E A D  ---------------

Current thread (0x00000000167c6800):  JavaThread "C2 CompilerThread0" daemon [_thread_in_native, id=11900, stack(0x0000000017aa0000,0x0000000017ba0000)]

Stack: [0x0000000017aa0000,0x0000000017ba0000]
[error occurred during error reporting (printing stack bounds), id 0xc0000005]

Native frames: (J=compiled Java code, j=interpreted, Vv=VM code, C=native code)


Current CompileTask:
C2:   2195 1533       4       com.android.dx.ssa.SsaRenamer$BlockRenamer::process (191 bytes)


---------------  P R O C E S S  ---------------

Java Threads: ( => current thread )
  0x00000000185db800 JavaThread "pool-2-thread-4" [_thread_blocked, id=5320, stack(0x0000000018fa0000,0x00000000190a0000)]
  0x00000000185d9000 JavaThread "pool-2-thread-3" [_thread_blocked, id=10748, stack(0x0000000018ea0000,0x0000000018fa0000)]
  0x0000000018554000 JavaThread "pool-2-thread-2" [_thread_blocked, id=1272, stack(0x0000000018da0000,0x0000000018ea0000)]
  0x000000001853d800 JavaThread "pool-3-thread-1" [_thread_blocked, id=13800, stack(0x0000000018ca0000,0x0000000018da0000)]
  0x0000000018534000 JavaThread "pool-2-thread-1" [_thread_blocked, id=4820, stack(0x0000000018ba0000,0x0000000018ca0000)]
  0x0000000016855800 JavaThread "Service Thread" daemon [_thread_blocked, id=6000, stack(0x0000000017ea0000,0x0000000017fa0000)]
  0x00000000167fd800 JavaThread "C1 CompilerThread3" daemon [_thread_in_native, id=5384, stack(0x0000000017da0000,0x0000000017ea0000)]
  0x00000000167d2000 JavaThread "C2 CompilerThread2" daemon [_thread_in_native, id=7780, stack(0x0000000017ca0000,0x0000000017da0000)]
  0x00000000167c8800 JavaThread "C2 CompilerThread1" daemon [_thread_in_native, id=13844, stack(0x0000000017ba0000,0x0000000017ca0000)]
=>0x00000000167c6800 JavaThread "C2 CompilerThread0" daemon [_thread_in_native, id=11900, stack(0x0000000017aa0000,0x0000000017ba0000)]
  0x00000000167c1800 JavaThread "Attach Listener" daemon [_thread_blocked, id=8728, stack(0x00000000179a0000,0x0000000017aa0000)]
  0x00000000167c0800 JavaThread "Signal Dispatcher" daemon [_thread_blocked, id=10852, stack(0x00000000178a0000,0x00000000179a0000)]
  0x0000000016778000 JavaThread "Finalizer" daemon [_thread_blocked, id=1220, stack(0x00000000176b0000,0x00000000177b0000)]
  0x0000000016746000 JavaThread "Reference Handler" daemon [_thread_blocked, id=7284, stack(0x00000000175b0000,0x00000000176b0000)]
  0x00000000027b7800 JavaThread "main" [_thread_blocked, id=7944, stack(0x00000000026a0000,0x00000000027a0000)]

Other Threads:
  0x00000000153d2800 VMThread [stack: 0x00000000174b0000,0x00000000175b0000] [id=5284]
  0x000000001685b800 WatcherThread [stack: 0x0000000017fa0000,0x00000000180a0000] [id=5024]

VM state:at safepoint (normal execution)

VM Mutex/Monitor currently owned by a thread:  ([mutex/lock_event])
[0x00000000027b31a0] Threads_lock - owner thread: 0x00000000153d2800
[0x00000000027b4930] Heap_lock - owner thread: 0x00000000185db800

Heap:
 PSYoungGen      total 71680K, used 71654K [0x00000000eab00000, 0x00000000ef600000, 0x0000000100000000)
  eden space 66560K, 100% used [0x00000000eab00000,0x00000000eec00000,0x00000000eec00000)
  from space 5120K, 99% used [0x00000000ef100000,0x00000000ef5f9b58,0x00000000ef600000)
  to   space 5120K, 75% used [0x00000000eec00000,0x00000000eefc96a8,0x00000000ef100000)
 ParOldGen       total 87552K, used 3397K [0x00000000c0000000, 0x00000000c5580000, 0x00000000eab00000)
  object space 87552K, 3% used [0x00000000c0000000,0x00000000c0351438,0x00000000c5580000)
 Metaspace       used 6258K, capacity 7090K, committed 7296K, reserved 1056768K
  class space    used 605K, capacity 618K, committed 640K, reserved 1048576K

Card table byte_map: [0x0000000011c70000,0x0000000011e80000] byte_map_base: 0x0000000011670000

Marking Bits: (ParMarkBitMap*) 0x00000000708464f0
 Begin Bits: [0x00000000127e0000, 0x00000000137e0000)
 End Bits:   [0x00000000137e0000, 0x00000000147e0000)

Polling page: 0x0000000000a40000

CodeCache: size=245760Kb used=6146Kb max_used=6146Kb free=239613Kb
 bounds [0x00000000028b0000, 0x0000000002ec0000, 0x00000000118b0000]
 total_blobs=1896 nmethods=1627 adapters=182
 compilation: enabled

Compilation events (10 events):
Event: 2.181 Thread 0x00000000167fd800 nmethod 1661 0x0000000002eb34d0 code [0x0000000002eb37e0, 0x0000000002eb48e8]
Event: 2.181 Thread 0x00000000167fd800 1663       2       com.android.dx.cf.code.ByteCatchList::typeNotFound (47 bytes)
Event: 2.182 Thread 0x00000000167fd800 nmethod 1663 0x0000000002eb60d0 code [0x0000000002eb6240, 0x0000000002eb6450]
Event: 2.182 Thread 0x00000000167fd800 1662       2       java.util.concurrent.locks.ReentrantLock$Sync::tryRelease (45 bytes)
Event: 2.182 Thread 0x00000000167fd800 nmethod 1662 0x0000000002eb6610 code [0x0000000002eb6780, 0x0000000002eb69c8]
Event: 2.183 Thread 0x00000000167fd800 1665       2       java.util.TreeMap$EntrySet::iterator (19 bytes)
Event: 2.184 Thread 0x00000000167fd800 nmethod 1665 0x0000000002eb6a90 code [0x0000000002eb6c00, 0x0000000002eb6e70]
Event: 2.184 Thread 0x00000000167fd800 1666       2       java.util.TreeMap$EntryIterator::<init> (12 bytes)
Event: 2.184 Thread 0x00000000167fd800 nmethod 1666 0x0000000002eb6fd0 code [0x0000000002eb7120, 0x0000000002eb72d0]
Event: 2.185 Thread 0x00000000167fd800 1667       2       com.android.dx.dex.cf.CfTranslator::translate0 (259 bytes)

GC Heap History (4 events):
Event: 1.467 GC heap before
{Heap before GC invocations=1 (full 0):
 PSYoungGen      total 38400K, used 33280K [0x00000000eab00000, 0x00000000ed580000, 0x0000000100000000)
  eden space 33280K, 100% used [0x00000000eab00000,0x00000000ecb80000,0x00000000ecb80000)
  from space 5120K, 0% used [0x00000000ed080000,0x00000000ed080000,0x00000000ed580000)
  to   space 5120K, 0% used [0x00000000ecb80000,0x00000000ecb80000,0x00000000ed080000)
 ParOldGen       total 87552K, used 0K [0x00000000c0000000, 0x00000000c5580000, 0x00000000eab00000)
  object space 87552K, 0% used [0x00000000c0000000,0x00000000c0000000,0x00000000c5580000)
 Metaspace       used 5895K, capacity 6768K, committed 7040K, reserved 1056768K
  class space    used 603K, capacity 616K, committed 640K, reserved 1048576K
Event: 1.492 GC heap after
Heap after GC invocations=1 (full 0):
 PSYoungGen      total 38400K, used 4987K [0x00000000eab00000, 0x00000000ef600000, 0x0000000100000000)
  eden space 33280K, 0% used [0x00000000eab00000,0x00000000eab00000,0x00000000ecb80000)
  from space 5120K, 97% used [0x00000000ecb80000,0x00000000ed05ed00,0x00000000ed080000)
  to   space 5120K, 0% used [0x00000000ef100000,0x00000000ef100000,0x00000000ef600000)
 ParOldGen       total 87552K, used 8K [0x00000000c0000000, 0x00000000c5580000, 0x00000000eab00000)
  object space 87552K, 0% used [0x00000000c0000000,0x00000000c0002000,0x00000000c5580000)
 Metaspace       used 5895K, capacity 6768K, committed 7040K, reserved 1056768K
  class space    used 603K, capacity 616K, committed 640K, reserved 1048576K
}
Event: 1.799 GC heap before
{Heap before GC invocations=2 (full 0):
 PSYoungGen      total 38400K, used 38267K [0x00000000eab00000, 0x00000000ef600000, 0x0000000100000000)
  eden space 33280K, 100% used [0x00000000eab00000,0x00000000ecb80000,0x00000000ecb80000)
  from space 5120K, 97% used [0x00000000ecb80000,0x00000000ed05ed00,0x00000000ed080000)
  to   space 5120K, 0% used [0x00000000ef100000,0x00000000ef100000,0x00000000ef600000)
 ParOldGen       total 87552K, used 8K [0x00000000c0000000, 0x00000000c5580000, 0x00000000eab00000)
  object space 87552K, 0% used [0x00000000c0000000,0x00000000c0002000,0x00000000c5580000)
 Metaspace       used 6099K, capacity 6962K, committed 7040K, reserved 1056768K
  class space    used 605K, capacity 618K, committed 640K, reserved 1048576K
Event: 1.814 GC heap after
Heap after GC invocations=2 (full 0):
 PSYoungGen      total 71680K, used 5094K [0x00000000eab00000, 0x00000000ef600000, 0x0000000100000000)
  eden space 66560K, 0% used [0x00000000eab00000,0x00000000eab00000,0x00000000eec00000)
  from space 5120K, 99% used [0x00000000ef100000,0x00000000ef5f9b58,0x00000000ef600000)
  to   space 5120K, 0% used [0x00000000eec00000,0x00000000eec00000,0x00000000ef100000)
 ParOldGen       total 87552K, used 3397K [0x00000000c0000000, 0x00000000c5580000, 0x00000000eab00000)
  object space 87552K, 3% used [0x00000000c0000000,0x00000000c0351438,0x00000000c5580000)
 Metaspace       used 6099K, capacity 6962K, committed 7040K, reserved 1056768K
  class space    used 605K, capacity 618K, committed 640K, reserved 1048576K
}

Deoptimization events (10 events):
Event: 1.935 Thread 0x00000000185d9000 Uncommon trap: reason=bimorphic action=maybe_recompile pc=0x0000000002d92124 method=java.util.HashMap.getNode(ILjava/lang/Object;)Ljava/util/HashMap$Node; @ 126
Event: 1.935 Thread 0x00000000185d9000 Uncommon trap: reason=class_check action=maybe_recompile pc=0x0000000002ca6940 method=java.util.HashMap.putVal(ILjava/lang/Object;Ljava/lang/Object;ZZ)Ljava/lang/Object; @ 203
Event: 1.935 Thread 0x00000000185d9000 Uncommon trap: reason=bimorphic action=maybe_recompile pc=0x0000000002d92124 method=java.util.HashMap.getNode(ILjava/lang/Object;)Ljava/util/HashMap$Node; @ 126
Event: 1.935 Thread 0x00000000185d9000 Uncommon trap: reason=class_check action=maybe_recompile pc=0x0000000002ca6940 method=java.util.HashMap.putVal(ILjava/lang/Object;Ljava/lang/Object;ZZ)Ljava/lang/Object; @ 203
Event: 1.935 Thread 0x00000000185d9000 Uncommon trap: reason=bimorphic action=maybe_recompile pc=0x0000000002b34b68 method=java.util.HashMap.getNode(ILjava/lang/Object;)Ljava/util/HashMap$Node; @ 126
Event: 1.935 Thread 0x00000000185d9000 Uncommon trap: reason=bimorphic action=maybe_recompile pc=0x0000000002b34b68 method=java.util.HashMap.getNode(ILjava/lang/Object;)Ljava/util/HashMap$Node; @ 126
Event: 1.935 Thread 0x00000000185d9000 Uncommon trap: reason=class_check action=maybe_recompile pc=0x0000000002ca3d44 method=java.util.HashMap.putVal(ILjava/lang/Object;Ljava/lang/Object;ZZ)Ljava/lang/Object; @ 203
Event: 1.935 Thread 0x00000000185d9000 Uncommon trap: reason=bimorphic action=maybe_recompile pc=0x0000000002d92124 method=java.util.HashMap.getNode(ILjava/lang/Object;)Ljava/util/HashMap$Node; @ 126
Event: 1.977 Thread 0x00000000185d9000 Uncommon trap: reason=unstable_if action=reinterpret pc=0x0000000002c8e7dc method=com.android.dx.ssa.SsaMethod.updateOneDefinition(Lcom/android/dx/ssa/SsaInsn;Lcom/android/dx/rop/code/RegisterSpec;)V @ 4
Event: 2.132 Thread 0x0000000018534000 Uncommon trap: reason=unstable_if action=reinterpret pc=0x0000000002c870bc method=com.android.dx.util.IntList.binarysearch(I)I @ 105

Internal exceptions (2 events):
Event: 0.052 Thread 0x00000000027b7800 Exception <a 'java/lang/NoSuchMethodError': Method sun.misc.Unsafe.defineClass(Ljava/lang/String;[BII)Ljava/lang/Class; name or signature does not match> (0x00000000eab07cc0) thrown at [D:\re\workspace\8-2-build-windows-amd64-cygwin\jdk8u92\6642\hotspot\srœ—gL“ª?
Event: 0.052 Thread 0x00000000027b7800 Exception <a 'java/lang/NoSuchMethodError': Method sun.misc.Unsafe.prefetchRead(Ljava/lang/Object;J)V name or signature does not match> (0x00000000eab07fa8) thrown at [D:\re\workspace\8-2-build-windows-amd64-cygwin\jdk8u92\6642\hotspot\src\share\vm\prims\j

Events (10 events):
Event: 2.042 Thread 0x00000000027b7800 DEOPT UNPACKING pc=0x00000000028f787f sp=0x000000000279dfc8 mode 0
Event: 2.057 Thread 0x0000000018534000 DEOPT PACKING pc=0x0000000002c25290 sp=0x0000000018c9e9a0
Event: 2.057 Thread 0x0000000018534000 DEOPT UNPACKING pc=0x00000000028f787f sp=0x0000000018c9e738 mode 0
Event: 2.083 Thread 0x00000000185d9000 DEOPT PACKING pc=0x0000000002c25290 sp=0x0000000018f9ea60
Event: 2.083 Thread 0x00000000185d9000 DEOPT UNPACKING pc=0x00000000028f787f sp=0x0000000018f9e7f8 mode 0
Event: 2.095 Thread 0x00000000185d9000 DEOPT PACKING pc=0x0000000002c2532d sp=0x0000000018f9eb10
Event: 2.096 Thread 0x00000000185d9000 DEOPT UNPACKING pc=0x00000000028f787f sp=0x0000000018f9e8a8 mode 0
Event: 2.132 Thread 0x0000000018534000 Uncommon trap: trap_request=0xffffff65 fr.pc=0x0000000002c870bc
Event: 2.132 Thread 0x0000000018534000 DEOPT PACKING pc=0x0000000002c870bc sp=0x0000000018c9e8e0
Event: 2.132 Thread 0x0000000018534000 DEOPT UNPACKING pc=0x00000000028f582a sp=0x0000000018c9e858 mode 2


Dynamic libraries:
0x00007ff7fd190000 - 0x00007ff7fd1c7000 	C:\Program Files\Java\jdk1.8.0_92\bin\java.exe
0x00007ff9d3c10000 - 0x00007ff9d3de1000 	C:\WINDOWS\SYSTEM32\ntdll.dll
0x00007ff9d3930000 - 0x00007ff9d39db000 	C:\WINDOWS\System32\KERNEL32.DLL
0x00007ff9d05d0000 - 0x00007ff9d07ed000 	C:\WINDOWS\System32\KERNELBASE.dll
0x00000000720c0000 - 0x000000007216e000 	C:\Program Files\Bitdefender\Bitdefender 2016\Active Virus Control\Avc3_00379_052\avcuf64.dll
0x00007ff9ce5c0000 - 0x00007ff9ce63a000 	C:\WINDOWS\system32\apphelp.dll
0x00007ff99b8b0000 - 0x00007ff99bd32000 	C:\WINDOWS\AppPatch\AppPatch64\AcLayers.DLL
0x00007ff9d3b10000 - 0x00007ff9d3bae000 	C:\WINDOWS\System32\msvcrt.dll
0x00007ff9d35a0000 - 0x00007ff9d3705000 	C:\WINDOWS\System32\USER32.dll
0x00007ff9d0230000 - 0x00007ff9d024e000 	C:\WINDOWS\System32\win32u.dll
0x00007ff9d2a20000 - 0x00007ff9d2a54000 	C:\WINDOWS\System32\GDI32.dll
0x00007ff9d0f40000 - 0x00007ff9d10c2000 	C:\WINDOWS\System32\gdi32full.dll
0x00007ff9d28a0000 - 0x00007ff9d28f2000 	C:\WINDOWS\System32\SHLWAPI.dll
0x00007ff9d2c00000 - 0x00007ff9d2ec8000 	C:\WINDOWS\System32\combase.dll
0x00007ff9d0250000 - 0x00007ff9d0345000 	C:\WINDOWS\System32\ucrtbase.dll
0x00007ff9d1190000 - 0x00007ff9d12b1000 	C:\WINDOWS\System32\RPCRT4.dll
0x00007ff9d07f0000 - 0x00007ff9d085a000 	C:\WINDOWS\System32\bcryptPrimitives.dll
0x00000000005d0000 - 0x00000000005d3000 	C:\WINDOWS\SYSTEM32\sfc.dll
0x00007ff9c4ed0000 - 0x00007ff9c4f55000 	C:\WINDOWS\SYSTEM32\WINSPOOL.DRV
0x00007ff9cfc30000 - 0x00007ff9cfc5b000 	C:\WINDOWS\SYSTEM32\bcrypt.dll
0x00007ff9b3e50000 - 0x00007ff9b3e61000 	C:\WINDOWS\SYSTEM32\sfc_os.DLL
0x00007ff9b3760000 - 0x00007ff9b3771000 	C:\WINDOWS\SYSTEM32\SortWindows61.dll
0x00007ff9d3710000 - 0x00007ff9d373e000 	C:\WINDOWS\System32\IMM32.DLL
0x00007ff9cef50000 - 0x00007ff9cef80000 	C:\WINDOWS\system32\DriverStore\FileRepository\nvlti.inf_amd64_03205ffa8fdea79d\nvinitx.dll
0x00007ff9d2970000 - 0x00007ff9d2a12000 	C:\WINDOWS\System32\ADVAPI32.dll
0x00007ff9d39e0000 - 0x00007ff9d3a39000 	C:\WINDOWS\System32\sechost.dll
0x00007ff9cef40000 - 0x00007ff9cef4a000 	C:\WINDOWS\SYSTEM32\VERSION.dll
0x00007ff9d1330000 - 0x00007ff9d2839000 	C:\WINDOWS\System32\Shell32.dll
0x00007ff9d0350000 - 0x00007ff9d0392000 	C:\WINDOWS\System32\cfgmgr32.dll
0x00007ff9d0860000 - 0x00007ff9d0f3a000 	C:\WINDOWS\System32\windows.storage.dll
0x00007ff9d0090000 - 0x00007ff9d00dc000 	C:\WINDOWS\System32\powrprof.dll
0x00007ff9d0050000 - 0x00007ff9d005f000 	C:\WINDOWS\System32\kernel.appcore.dll
0x00007ff9d10d0000 - 0x00007ff9d1179000 	C:\WINDOWS\System32\shcore.dll
0x00007ff9d0070000 - 0x00007ff9d0084000 	C:\WINDOWS\System32\profapi.dll
0x0000000073540000 - 0x0000000073546000 	C:\Program Files\NVIDIA Corporation\CoProcManager\_etoured.dll
0x00007ff9cbd80000 - 0x00007ff9cbdbb000 	C:\Program Files\NVIDIA Corporation\CoProcManager\nvd3d9wrapx.dll
0x00007ff9d3170000 - 0x00007ff9d3599000 	C:\WINDOWS\System32\SETUPAPI.dll
0x00007ff9cbc30000 - 0x00007ff9cbc54000 	C:\Program Files\NVIDIA Corporation\CoProcManager\nvdxgiwrapx.dll
0x00007ff9c5a70000 - 0x00007ff9c5ce9000 	C:\WINDOWS\WinSxS\amd64_microsoft.windows.common-controls_6595b64144ccf1df_6.0.14393.447_none_42191651c6827bb3\COMCTL32.dll
0x00000000708d0000 - 0x00000000709a2000 	C:\Program Files\Java\jdk1.8.0_92\jre\bin\msvcr100.dll
0x0000000070030000 - 0x00000000708c6000 	C:\Program Files\Java\jdk1.8.0_92\jre\bin\server\jvm.dll
0x00007ff9d1180000 - 0x00007ff9d1188000 	C:\WINDOWS\System32\PSAPI.DLL
0x00007ff9c5100000 - 0x00007ff9c5109000 	C:\WINDOWS\SYSTEM32\WSOCK32.dll
0x00007ff9d2900000 - 0x00007ff9d296a000 	C:\WINDOWS\System32\WS2_32.dll
0x00007ff9cdfc0000 - 0x00007ff9cdfe3000 	C:\WINDOWS\SYSTEM32\WINMM.dll
0x00007ff9cdd60000 - 0x00007ff9cdd8b000 	C:\WINDOWS\SYSTEM32\WINMMBASE.dll
0x0000000070020000 - 0x000000007002f000 	C:\Program Files\Java\jdk1.8.0_92\jre\bin\verify.dll
0x000000006fff0000 - 0x0000000070019000 	C:\Program Files\Java\jdk1.8.0_92\jre\bin\java.dll
0x000000006ffd0000 - 0x000000006ffe6000 	C:\Program Files\Java\jdk1.8.0_92\jre\bin\zip.dll

VM Arguments:
jvm_args: -Djava.awt.headless=true -Xmx1024M -Dfile.encoding=windows-1252 -Duser.country=US -Duser.language=en -Duser.variant 
java_command: com.android.dx.command.Main --dex --force-jumbo --num-threads=4 --multi-dex --output C:\Users\kikkos\AndroidStudioProjects\Udacity\SunshineWear\app\build\intermediates\transforms\dex\debug\folders\1000\10\com.android.support-support-v4-24.0.0_bfe2e8b3ac8c4a15579a87286323680af90d39ad C:\Users\kikkos\AndroidStudioProjects\Udacity\SunshineWear\app\build\intermediates\exploded-aar\com.android.support\support-v4\24.0.0\jars\classes.jar
java_class_path (initial): C:\Users\kikkos\AppData\Local\Android\sdk\build-tools\23.0.3\lib\dx.jar
Launcher Type: SUN_STANDARD

Environment Variables:
JAVA_HOME=C:\Program Files\Java\jdk1.8.0_92
PATH=C:\Program Files (x86)\Intel\iCLS Client\;C:\Program Files\Intel\iCLS Client\;C:\ProgramData\Oracle\Java\javapath;C:\Program Files\ImageMagick-6.8.9-Q16;C:\WINDOWS\system32;C:\WINDOWS;C:\WINDOWS\System32\Wbem;C:\Program Files\Lenovo\Bluetooth Software\;C:\Program Files\Lenovo\Bluetooth Software\syswow64;C:\Program Files\Intel\WiFi\bin\;C:\Program Files\Common Files\Intel\WirelessCommon\;C:\Program Files\Microsoft\Web Platform Installer\;C:\WINDOWS\System32\WindowsPowerShell\v1.0\;C:\Program Files\Microsoft SQL Server\110\Tools\Binn\;C:\Program Files\Sublime Text 2;C:\Program Files (x86)\Heroku\bin;C:\Program Files\Intel\Intel(R) Management Engine Components\DAL;C:\Program Files\Intel\Intel(R) Management Engine Components\IPT;C:\Program Files (x86)\Intel\Intel(R) Management Engine Components\DAL;C:\Program Files (x86)\Intel\Intel(R) Management Engine Components\IPT;C:\Program Files (x86)\NVIDIA Corporation\PhysX\Common;C:\WINDOWS\system32;C:\WINDOWS;C:\WINDOWS\System32\Wbem;C:\WINDOWS\System32\WindowsPowerShell\v1.0\;C:\Program Files (x86)\Skype\Phone\;C:\Ruby23-x64\bin;C:\Program Files (x86)\MySQL\MySQL Fabric 1.5 & MySQL Utilities 1.5\;C:\Program Files (x86)\MySQL\MySQL Fabric 1.5 & MySQL Utilities 1.5\Doctrine extensions for PHP\;C:\Program Files\MySQL\MySQL Server 5.7\bin;C:\RailsInstaller\Ruby2.2.0\bin;C:\Users\kikkos\AppData\Local\GitHub\PortableGit_d76a6a98c9315931ec4927243517bc09e9b731a0\cmd;C:\Users\kikkos\AppData\Local\Android\sdk\platform-tools;C:\cURL\bin;C:\Program Files\Intel\WiFi\bin\;C:\Program Files\Common Files\Intel\WirelessCommon\;C:\sqlite;C:\Users\kikkos\AppData\Local\Microsoft\WindowsApps;C:\Program Files\Java\jdk1.8.0_92\bin;C:\gradle-3.2.1\bin\
USERNAME=kikkos
OS=Windows_NT
PROCESSOR_IDENTIFIER=Intel64 Family 6 Model 42 Stepping 7, GenuineIntel



---------------  S Y S T E M  ---------------

OS: Windows 10.0 , 64 bit Build 14393 (10.0.14393.0)

CPU:total 8 (4 cores per cpu, 2 threads per core) family 6 model 42 stepping 7, cmov, cx8, fxsr, mmx, sse, sse2, sse3, ssse3, sse4.1, sse4.2, popcnt, avx, aes, clmul, ht, tsc, tscinvbit

Memory: 4k page, physical 8300684k(1608404k free), swap 8505484k(246844k free)

vm_info: Java HotSpot(TM) 64-Bit Server VM (25.92-b14) for windows-amd64 JRE (1.8.0_92-b14), built on Mar 31 2016 21:03:04 by "java_re" with MS VC++ 10.0 (VS2010)

time: Fri Dec 30 06:39:40 2016
elapsed time: 2 seconds (0d 0h 0m 2s)

