#
# There is insufficient memory for the Java Runtime Environment to continue.
# Native memory allocation (malloc) failed to allocate 32744 bytes for ChunkPool::allocate
# Possible reasons:
#   The system is out of physical RAM or swap space
#   In 32 bit mode, the process size limit was hit
# Possible solutions:
#   Reduce memory load on the system
#   Increase physical memory or swap space
#   Check if swap backing store is full
#   Use 64 bit Java on a 64 bit OS
#   Decrease Java heap size (-Xmx/-Xms)
#   Decrease number of Java threads
#   Decrease Java thread stack sizes (-Xss)
#   Set larger code cache with -XX:ReservedCodeCacheSize=
# This output file may be truncated or incomplete.
#
#  Out of Memory Error (allocation.cpp:273), pid=12252, tid=0x0000000000002b88
#
# JRE version: Java(TM) SE Runtime Environment (8.0_92-b14) (build 1.8.0_92-b14)
# Java VM: Java HotSpot(TM) 64-Bit Server VM (25.92-b14 mixed mode windows-amd64 compressed oops)
# Failed to write core dump. Minidumps are not enabled by default on client versions of Windows
#

---------------  T H R E A D  ---------------

Current thread (0x0000000016ee6000):  JavaThread "C1 CompilerThread3" daemon [_thread_in_native, id=11144, stack(0x00000000184b0000,0x00000000185b0000)]

Stack: [0x00000000184b0000,0x00000000185b0000]
[error occurred during error reporting (printing stack bounds), id 0xc0000005]

Native frames: (J=compiled Java code, j=interpreted, Vv=VM code, C=native code)


Current CompileTask:
C1:    432   50  s!   3       sun.misc.URLClassPath::getLoader (197 bytes)


---------------  P R O C E S S  ---------------

Java Threads: ( => current thread )
  0x0000000016eef000 JavaThread "Service Thread" daemon [_thread_blocked, id=2292, stack(0x00000000185b0000,0x00000000186b0000)]
=>0x0000000016ee6000 JavaThread "C1 CompilerThread3" daemon [_thread_in_native, id=11144, stack(0x00000000184b0000,0x00000000185b0000)]
  0x0000000016ee2000 JavaThread "C2 CompilerThread2" daemon [_thread_blocked, id=2796, stack(0x00000000183b0000,0x00000000184b0000)]
  0x0000000016ed9000 JavaThread "C2 CompilerThread1" daemon [_thread_blocked, id=13056, stack(0x00000000182b0000,0x00000000183b0000)]
  0x0000000016ed7000 JavaThread "C2 CompilerThread0" daemon [_thread_blocked, id=11520, stack(0x00000000181b0000,0x00000000182b0000)]
  0x0000000016ed1800 JavaThread "Attach Listener" daemon [_thread_blocked, id=8488, stack(0x00000000180b0000,0x00000000181b0000)]
  0x0000000016ed0800 JavaThread "Signal Dispatcher" daemon [_thread_blocked, id=1308, stack(0x0000000017fb0000,0x00000000180b0000)]
  0x0000000016e81800 JavaThread "Finalizer" daemon [_thread_blocked, id=6132, stack(0x0000000017dc0000,0x0000000017ec0000)]
  0x0000000016e56000 JavaThread "Reference Handler" daemon [_thread_blocked, id=2392, stack(0x0000000017cc0000,0x0000000017dc0000)]
  0x0000000002ee7800 JavaThread "main" [_thread_in_Java, id=5128, stack(0x0000000002d20000,0x0000000002e20000)]

Other Threads:
  0x0000000015aff800 VMThread [stack: 0x0000000017bc0000,0x0000000017cc0000] [id=8536]
  0x0000000016f63800 WatcherThread [stack: 0x00000000186b0000,0x00000000187b0000] [id=7608]

VM state:not at safepoint (normal execution)

VM Mutex/Monitor currently owned by a thread: None

Heap:
 PSYoungGen      total 38400K, used 2011K [0x00000000eab00000, 0x00000000ed580000, 0x0000000100000000)
  eden space 33280K, 6% used [0x00000000eab00000,0x00000000eacf6f58,0x00000000ecb80000)
  from space 5120K, 0% used [0x00000000ed080000,0x00000000ed080000,0x00000000ed580000)
  to   space 5120K, 0% used [0x00000000ecb80000,0x00000000ecb80000,0x00000000ed080000)
 ParOldGen       total 87552K, used 0K [0x00000000c0000000, 0x00000000c5580000, 0x00000000eab00000)
  object space 87552K, 0% used [0x00000000c0000000,0x00000000c0000000,0x00000000c5580000)
 Metaspace       used 3098K, capacity 4656K, committed 4864K, reserved 1056768K
  class space    used 341K, capacity 424K, committed 512K, reserved 1048576K

Card table byte_map: [0x00000000123a0000,0x00000000125b0000] byte_map_base: 0x0000000011da0000

Marking Bits: (ParMarkBitMap*) 0x000000005b2d64f0
 Begin Bits: [0x0000000012f10000, 0x0000000013f10000)
 End Bits:   [0x0000000013f10000, 0x0000000014f10000)

Polling page: 0x0000000001250000

CodeCache: size=245760Kb used=1136Kb max_used=1136Kb free=244623Kb
 bounds [0x0000000002fe0000, 0x0000000003250000, 0x0000000011fe0000]
 total_blobs=287 nmethods=48 adapters=152
 compilation: enabled

Compilation events (10 events):
Event: 0.415 Thread 0x0000000016ee6000 nmethod 44 0x00000000030f98d0 code [0x00000000030f9a40, 0x00000000030f9c78]
Event: 0.415 Thread 0x0000000016ee6000   45       3       java.lang.CharacterDataLatin1::toUpperCase (53 bytes)
Event: 0.415 Thread 0x0000000016ee6000 nmethod 45 0x00000000030f9d50 code [0x00000000030f9ec0, 0x00000000030fa190]
Event: 0.415 Thread 0x0000000016ee6000   46       1       java.net.URL::getProtocol (5 bytes)
Event: 0.415 Thread 0x0000000016ee6000 nmethod 46 0x00000000030fa310 code [0x00000000030fa460, 0x00000000030fa570]
Event: 0.415 Thread 0x0000000016ee6000   47       3       java.lang.AbstractStringBuilder::<init> (12 bytes)
Event: 0.416 Thread 0x0000000016ee6000 nmethod 47 0x00000000030fa5d0 code [0x00000000030fa740, 0x00000000030fa990]
Event: 0.425 Thread 0x0000000016ee6000   48       3       java.util.HashMap::getNode (148 bytes)
Event: 0.426 Thread 0x0000000016ee6000 nmethod 48 0x00000000030fb2d0 code [0x00000000030fb4a0, 0x00000000030fbe48]
Event: 0.427 Thread 0x0000000016ee6000   50  s!   3       sun.misc.URLClassPath::getLoader (197 bytes)

GC Heap History (0 events):
No events

Deoptimization events (0 events):
No events

Internal exceptions (2 events):
Event: 0.123 Thread 0x0000000002ee7800 Exception <a 'java/lang/NoSuchMethodError': Method sun.misc.Unsafe.defineClass(Ljava/lang/String;[BII)Ljava/lang/Class; name or signature does not match> (0x00000000eab07cc0) thrown at [D:\re\workspace\8-2-build-windows-amd64-cygwin\jdk8u92\6642\hotspot\sr‡Ì‚š¿?
Event: 0.123 Thread 0x0000000002ee7800 Exception <a 'java/lang/NoSuchMethodError': Method sun.misc.Unsafe.prefetchRead(Ljava/lang/Object;J)V name or signature does not match> (0x00000000eab07fa8) thrown at [D:\re\workspace\8-2-build-windows-amd64-cygwin\jdk8u92\6642\hotspot\src\share\vm\prims\j

Events (10 events):
Event: 0.424 loading class java/util/concurrent/ThreadFactory done
Event: 0.424 loading class java/util/concurrent/Executors$DefaultThreadFactory done
Event: 0.425 loading class com/android/dx/dex/file/DexFile
Event: 0.425 loading class com/android/dx/dex/file/DexFile done
Event: 0.427 loading class com/android/dx/rop/cst/Constant
Event: 0.427 loading class com/android/dx/rop/cst/Constant done
Event: 0.428 loading class com/android/dx/util/ToHuman
Event: 0.428 loading class com/android/dx/util/ToHuman done
Event: 0.429 loading class com/android/dx/rop/cst/CstType
Event: 0.429 loading class com/android/dx/rop/cst/CstType done


Dynamic libraries:
0x00007ff6a3180000 - 0x00007ff6a31b7000 	C:\Program Files\Java\jdk1.8.0_92\bin\java.exe
0x00007ffaa06d0000 - 0x00007ffaa08a1000 	C:\WINDOWS\SYSTEM32\ntdll.dll
0x00007ffa9dd50000 - 0x00007ffa9ddfb000 	C:\WINDOWS\System32\KERNEL32.DLL
0x00007ffa9cf00000 - 0x00007ffa9d11d000 	C:\WINDOWS\System32\KERNELBASE.dll
0x000000005cb70000 - 0x000000005cc1e000 	C:\Program Files\Bitdefender\Bitdefender 2016\Active Virus Control\Avc3_00379_052\avcuf64.dll
0x00007ffa9b060000 - 0x00007ffa9b0da000 	C:\WINDOWS\system32\apphelp.dll
0x00007ffa742d0000 - 0x00007ffa74752000 	C:\WINDOWS\AppPatch\AppPatch64\AcLayers.DLL
0x00007ffaa0630000 - 0x00007ffaa06ce000 	C:\WINDOWS\System32\msvcrt.dll
0x00007ffa9e850000 - 0x00007ffa9e9b5000 	C:\WINDOWS\System32\USER32.dll
0x00007ffa9cd50000 - 0x00007ffa9cd6e000 	C:\WINDOWS\System32\win32u.dll
0x00007ffa9dc40000 - 0x00007ffa9dc74000 	C:\WINDOWS\System32\GDI32.dll
0x00007ffa9cd70000 - 0x00007ffa9cef2000 	C:\WINDOWS\System32\gdi32full.dll
0x00007ffa9e590000 - 0x00007ffa9e5e2000 	C:\WINDOWS\System32\SHLWAPI.dll
0x00007ffa9de00000 - 0x00007ffa9e0c8000 	C:\WINDOWS\System32\combase.dll
0x00007ffa9cc50000 - 0x00007ffa9cd45000 	C:\WINDOWS\System32\ucrtbase.dll
0x00007ffa9edc0000 - 0x00007ffa9eee1000 	C:\WINDOWS\System32\RPCRT4.dll
0x00007ffa9da70000 - 0x00007ffa9dada000 	C:\WINDOWS\System32\bcryptPrimitives.dll
0x0000000000f60000 - 0x0000000000f63000 	C:\WINDOWS\SYSTEM32\sfc.dll
0x00007ffa91930000 - 0x00007ffa919b5000 	C:\WINDOWS\SYSTEM32\WINSPOOL.DRV
0x00007ffa9c6f0000 - 0x00007ffa9c71b000 	C:\WINDOWS\SYSTEM32\bcrypt.dll
0x00007ffa82b30000 - 0x00007ffa82b41000 	C:\WINDOWS\SYSTEM32\sfc_os.DLL
0x00007ffa94520000 - 0x00007ffa94531000 	C:\WINDOWS\SYSTEM32\SortWindows61.dll
0x00007ffa9ebd0000 - 0x00007ffa9ebfe000 	C:\WINDOWS\System32\IMM32.DLL
0x00007ffa9bcb0000 - 0x00007ffa9bce0000 	C:\WINDOWS\system32\DriverStore\FileRepository\nvlti.inf_amd64_03205ffa8fdea79d\nvinitx.dll
0x00007ffa9ec00000 - 0x00007ffa9eca2000 	C:\WINDOWS\System32\ADVAPI32.dll
0x00007ffa9e0f0000 - 0x00007ffa9e149000 	C:\WINDOWS\System32\sechost.dll
0x00007ffa9bca0000 - 0x00007ffa9bcaa000 	C:\WINDOWS\SYSTEM32\VERSION.dll
0x00007ffa9eef0000 - 0x00007ffaa03f9000 	C:\WINDOWS\System32\Shell32.dll
0x00007ffa9db90000 - 0x00007ffa9dbd2000 	C:\WINDOWS\System32\cfgmgr32.dll
0x00007ffa9d120000 - 0x00007ffa9d7fa000 	C:\WINDOWS\System32\windows.storage.dll
0x00007ffa9cb50000 - 0x00007ffa9cb9c000 	C:\WINDOWS\System32\powrprof.dll
0x00007ffa9cb20000 - 0x00007ffa9cb2f000 	C:\WINDOWS\System32\kernel.appcore.dll
0x00007ffa9dae0000 - 0x00007ffa9db89000 	C:\WINDOWS\System32\shcore.dll
0x00007ffa9cb30000 - 0x00007ffa9cb44000 	C:\WINDOWS\System32\profapi.dll
0x000000005dff0000 - 0x000000005dff6000 	C:\Program Files\NVIDIA Corporation\CoProcManager\_etoured.dll
0x00007ffa98b40000 - 0x00007ffa98b7b000 	C:\Program Files\NVIDIA Corporation\CoProcManager\nvd3d9wrapx.dll
0x00007ffa9e150000 - 0x00007ffa9e579000 	
0x00007ffa98a70000 - 0x00007ffa98a94000 	
0x00007ffa92190000 - 0x00007ffa92409000 	
0x000000005b360000 - 0x000000005b432000 	
0x000000005aac0000 - 0x000000005b356000 	
0x00007ffa9e580000 - 0x00007ffa9e588000 	
0x00007ffa914e0000 - 0x00007ffa914e9000 	
0x00007ffa9ecb0000 - 0x00007ffa9ed1a000 	
0x00007ffa9a900000 - 0x00007ffa9a923000 	
0x00007ffa9a760000 - 0x00007ffa9a78b000 	
0x000000005aab0000 - 0x000000005aabf000 	
0x000000005aa80000 - 0x000000005aaa9000 	
0x000000005aa60000 - 0x000000005aa76000 	

VM Arguments:
jvm_args: -Djava.awt.headless=true -Xmx1024M -Dfile.encoding=windows-1252 -Duser.country=US -Duser.language=en -Duser.variant 
java_command: com.android.dx.command.Main --dex --force-jumbo --num-threads=4 --multi-dex --output C:\Users\kikkos\AndroidStudioProjects\Udacity\SunshineWear\app\build\intermediates\transforms\dex\debug\folders\1000\10\com.google.android.gms-play-services-wearable-10.0.1_56597fea00665124e3cbf9e418d97eea5a83a389 C:\Users\kikkos\AndroidStudioProjects\Udacity\SunshineWear\app\build\intermediates\exploded-aar\com.google.android.gms\play-services-wearable\10.0.1\jars\classes.jar
java_class_path (initial): C:\Users\kikkos\AppData\Local\Android\sdk\build-tools\23.0.3\lib\dx.jar
Launcher Type: SUN_STANDARD

Environment Variables:



---------------  S Y S T E M  ---------------

OS:Call to GetFileVersionInfoSize failed

CPU:total 8 (4 cores per cpu, 2 threads per core) family 6 model 42 stepping 7, cmov, cx8, fxsr, mmx, sse, sse2, sse3, ssse3, sse4.1, sse4.2, popcnt, avx, aes, clmul, ht, tsc, tscinvbit

Memory: 4k page, physical 8300684k(2056576k free), swap 8505484k(4692k free)

vm_info: Java HotSpot(TM) 64-Bit Server VM (25.92-b14) for windows-amd64 JRE (1.8.0_92-b14), built on Mar 31 2016 21:03:04 by "java_re" with MS VC++ 10.0 (VS2010)

time: Sun Jan 01 12:19:44 2017
elapsed time: 0 seconds (0d 0h 0m 0s)

