#
# There is insufficient memory for the Java Runtime Environment to continue.
# Native memory allocation (malloc) failed to allocate 633536 bytes for Chunk::new
# Possible reasons:
#   The system is out of physical RAM or swap space
#   In 32 bit mode, the process size limit was hit
# Possible solutions:
#   Reduce memory load on the system
#   Increase physical memory or swap space
#   Check if swap backing store is full
#   Use 64 bit Java on a 64 bit OS
#   Decrease Java heap size (-Xmx/-Xms)
#   Decrease number of Java threads
#   Decrease Java thread stack sizes (-Xss)
#   Set larger code cache with -XX:ReservedCodeCacheSize=
# This output file may be truncated or incomplete.
#
#  Out of Memory Error (allocation.cpp:390), pid=10988, tid=0x0000000000001338
#
# JRE version: Java(TM) SE Runtime Environment (8.0_92-b14) (build 1.8.0_92-b14)
# Java VM: Java HotSpot(TM) 64-Bit Server VM (25.92-b14 mixed mode windows-amd64 compressed oops)
# Failed to write core dump. Minidumps are not enabled by default on client versions of Windows
#

---------------  T H R E A D  ---------------

Current thread (0x00000000165b1000):  JavaThread "C2 CompilerThread2" daemon [_thread_in_native, id=4920, stack(0x0000000017a90000,0x0000000017b90000)]

Stack: [0x0000000017a90000,0x0000000017b90000]
[error occurred during error reporting (printing stack bounds), id 0xc0000005]

Native frames: (J=compiled Java code, j=interpreted, Vv=VM code, C=native code)


Current CompileTask:
C2:  11079 2524       4       com.android.dx.dex.code.OutputFinisher::addConstants (93 bytes)


---------------  P R O C E S S  ---------------

Java Threads: ( => current thread )
  0x000000001a093800 JavaThread "pool-1-thread-1" [_thread_in_Java, id=12248, stack(0x000000001cdd0000,0x000000001ced0000)]
  0x00000000165bb000 JavaThread "Service Thread" daemon [_thread_blocked, id=4176, stack(0x0000000017c90000,0x0000000017d90000)]
  0x00000000165b5000 JavaThread "C1 CompilerThread3" daemon [_thread_blocked, id=11348, stack(0x0000000017b90000,0x0000000017c90000)]
=>0x00000000165b1000 JavaThread "C2 CompilerThread2" daemon [_thread_in_native, id=4920, stack(0x0000000017a90000,0x0000000017b90000)]
  0x00000000165ac000 JavaThread "C2 CompilerThread1" daemon [_thread_in_native, id=10968, stack(0x0000000017990000,0x0000000017a90000)]
  0x00000000165aa000 JavaThread "C2 CompilerThread0" daemon [_thread_in_native, id=8680, stack(0x0000000017890000,0x0000000017990000)]
  0x00000000165a1000 JavaThread "Attach Listener" daemon [_thread_blocked, id=10016, stack(0x0000000017790000,0x0000000017890000)]
  0x000000001659f800 JavaThread "Signal Dispatcher" daemon [_thread_blocked, id=1584, stack(0x0000000017690000,0x0000000017790000)]
  0x0000000016558800 JavaThread "Finalizer" daemon [_thread_blocked, id=8124, stack(0x00000000174a0000,0x00000000175a0000)]
  0x0000000016526000 JavaThread "Reference Handler" daemon [_thread_blocked, id=9708, stack(0x00000000173a0000,0x00000000174a0000)]
  0x00000000025a7800 JavaThread "main" [_thread_blocked, id=10620, stack(0x00000000023e0000,0x00000000024e0000)]

Other Threads:
  0x00000000151c2800 VMThread [stack: 0x00000000172a0000,0x00000000173a0000] [id=11108]
  0x0000000016663000 WatcherThread [stack: 0x0000000017d90000,0x0000000017e90000] [id=11092]

VM state:not at safepoint (normal execution)

VM Mutex/Monitor currently owned by a thread: None

Heap:
 PSYoungGen      total 110080K, used 72445K [0x00000000eab00000, 0x00000000ff000000, 0x0000000100000000)
  eden space 104960K, 69% used [0x00000000eab00000,0x00000000ef1bf598,0x00000000f1180000)
  from space 5120K, 0% used [0x00000000f3200000,0x00000000f3200000,0x00000000f3700000)
  to   space 33280K, 0% used [0x00000000f1180000,0x00000000f1180000,0x00000000f3200000)
 ParOldGen       total 155136K, used 68943K [0x00000000c0000000, 0x00000000c9780000, 0x00000000eab00000)
  object space 155136K, 44% used [0x00000000c0000000,0x00000000c4353c48,0x00000000c9780000)
 Metaspace       used 6686K, capacity 7320K, committed 7680K, reserved 1056768K
  class space    used 633K, capacity 656K, committed 768K, reserved 1048576K

Card table byte_map: [0x0000000011a60000,0x0000000011c70000] byte_map_base: 0x0000000011460000

Marking Bits: (ParMarkBitMap*) 0x000000005ad664f0
 Begin Bits: [0x00000000125d0000, 0x00000000135d0000)
 End Bits:   [0x00000000135d0000, 0x00000000145d0000)

Polling page: 0x0000000000920000

CodeCache: size=245760Kb used=12110Kb max_used=12125Kb free=233649Kb
 bounds [0x00000000026a0000, 0x0000000003290000, 0x00000000116a0000]
 total_blobs=2661 nmethods=2388 adapters=185
 compilation: enabled

Compilation events (10 events):
Event: 11.023 Thread 0x00000000165b5000 2536       3       java.util.HashMap$KeySet::iterator (12 bytes)
Event: 11.024 Thread 0x00000000165b5000 nmethod 2536 0x000000000325af50 code [0x000000000325b0c0, 0x000000000325b328]
Event: 11.024 Thread 0x00000000165b5000 2537       3       java.util.HashMap$KeyIterator::<init> (11 bytes)
Event: 11.024 Thread 0x00000000165b5000 nmethod 2537 0x000000000326a410 code [0x000000000326a580, 0x000000000326a728]
Event: 11.031 Thread 0x00000000165aa000 nmethod 2532 0x0000000003260e50 code [0x0000000003261080, 0x0000000003262130]
Event: 11.031 Thread 0x00000000165aa000 2533   !   4       com.android.dx.rop.cst.CstType::intern (48 bytes)
Event: 11.032 Thread 0x00000000165b5000 2539       3       com.android.dx.dex.file.DebugInfoItem::<init> (36 bytes)
Event: 11.032 Thread 0x00000000165b5000 nmethod 2539 0x0000000003269e90 code [0x000000000326a000, 0x000000000326a2f8]
Event: 11.072 Thread 0x00000000165aa000 nmethod 2533 0x000000000327e0d0 code [0x000000000327e300, 0x000000000327f570]
Event: 11.072 Thread 0x00000000165aa000 2541 %     4       com.android.dx.dex.code.OutputFinisher::getAllConstants @ 18 (47 bytes)

GC Heap History (10 events):
Event: 4.090 GC heap before
{Heap before GC invocations=3 (full 0):
 PSYoungGen      total 71680K, used 71656K [0x00000000eab00000, 0x00000000ef600000, 0x0000000100000000)
  eden space 66560K, 100% used [0x00000000eab00000,0x00000000eec00000,0x00000000eec00000)
  from space 5120K, 99% used [0x00000000ef100000,0x00000000ef5fa2a8,0x00000000ef600000)
  to   space 5120K, 0% used [0x00000000eec00000,0x00000000eec00000,0x00000000ef100000)
 ParOldGen       total 87552K, used 3280K [0x00000000c0000000, 0x00000000c5580000, 0x00000000eab00000)
  object space 87552K, 3% used [0x00000000c0000000,0x00000000c0334248,0x00000000c5580000)
 Metaspace       used 6280K, capacity 7092K, committed 7296K, reserved 1056768K
  class space    used 607K, capacity 620K, committed 640K, reserved 1048576K
Event: 4.199 GC heap after
Heap after GC invocations=3 (full 0):
 PSYoungGen      total 71680K, used 5096K [0x00000000eab00000, 0x00000000f3700000, 0x0000000100000000)
  eden space 66560K, 0% used [0x00000000eab00000,0x00000000eab00000,0x00000000eec00000)
  from space 5120K, 99% used [0x00000000eec00000,0x00000000ef0fa2a8,0x00000000ef100000)
  to   space 5120K, 0% used [0x00000000f3200000,0x00000000f3200000,0x00000000f3700000)
 ParOldGen       total 87552K, used 12409K [0x00000000c0000000, 0x00000000c5580000, 0x00000000eab00000)
  object space 87552K, 14% used [0x00000000c0000000,0x00000000c0c1e7f0,0x00000000c5580000)
 Metaspace       used 6280K, capacity 7092K, committed 7296K, reserved 1056768K
  class space    used 607K, capacity 620K, committed 640K, reserved 1048576K
}
Event: 5.705 GC heap before
{Heap before GC invocations=4 (full 0):
 PSYoungGen      total 71680K, used 71656K [0x00000000eab00000, 0x00000000f3700000, 0x0000000100000000)
  eden space 66560K, 100% used [0x00000000eab00000,0x00000000eec00000,0x00000000eec00000)
  from space 5120K, 99% used [0x00000000eec00000,0x00000000ef0fa2a8,0x00000000ef100000)
  to   space 5120K, 0% used [0x00000000f3200000,0x00000000f3200000,0x00000000f3700000)
 ParOldGen       total 87552K, used 12409K [0x00000000c0000000, 0x00000000c5580000, 0x00000000eab00000)
  object space 87552K, 14% used [0x00000000c0000000,0x00000000c0c1e7f0,0x00000000c5580000)
 Metaspace       used 6374K, capacity 7156K, committed 7296K, reserved 1056768K
  class space    used 607K, capacity 620K, committed 640K, reserved 1048576K
Event: 5.930 GC heap after
Heap after GC invocations=4 (full 0):
 PSYoungGen      total 138240K, used 5096K [0x00000000eab00000, 0x00000000f3700000, 0x0000000100000000)
  eden space 133120K, 0% used [0x00000000eab00000,0x00000000eab00000,0x00000000f2d00000)
  from space 5120K, 99% used [0x00000000f3200000,0x00000000f36fa2a8,0x00000000f3700000)
  to   space 5120K, 0% used [0x00000000f2d00000,0x00000000f2d00000,0x00000000f3200000)
 ParOldGen       total 87552K, used 22526K [0x00000000c0000000, 0x00000000c5580000, 0x00000000eab00000)
  object space 87552K, 25% used [0x00000000c0000000,0x00000000c15ff980,0x00000000c5580000)
 Metaspace       used 6374K, capacity 7156K, committed 7296K, reserved 1056768K
  class space    used 607K, capacity 620K, committed 640K, reserved 1048576K
}
Event: 6.731 GC heap before
{Heap before GC invocations=5 (full 0):
 PSYoungGen      total 138240K, used 138216K [0x00000000eab00000, 0x00000000f3700000, 0x0000000100000000)
  eden space 133120K, 100% used [0x00000000eab00000,0x00000000f2d00000,0x00000000f2d00000)
  from space 5120K, 99% used [0x00000000f3200000,0x00000000f36fa2a8,0x00000000f3700000)
  to   space 5120K, 0% used [0x00000000f2d00000,0x00000000f2d00000,0x00000000f3200000)
 ParOldGen       total 87552K, used 22526K [0x00000000c0000000, 0x00000000c5580000, 0x00000000eab00000)
  object space 87552K, 25% used [0x00000000c0000000,0x00000000c15ff980,0x00000000c5580000)
 Metaspace       used 6532K, capacity 7256K, committed 7424K, reserved 1056768K
  class space    used 626K, capacity 656K, committed 768K, reserved 1048576K
Event: 6.781 GC heap after
Heap after GC invocations=5 (full 0):
 PSYoungGen      total 138240K, used 5089K [0x00000000eab00000, 0x00000000f3700000, 0x0000000100000000)
  eden space 133120K, 0% used [0x00000000eab00000,0x00000000eab00000,0x00000000f2d00000)
  from space 5120K, 99% used [0x00000000f2d00000,0x00000000f31f8510,0x00000000f3200000)
  to   space 5120K, 0% used [0x00000000f3200000,0x00000000f3200000,0x00000000f3700000)
 ParOldGen       total 87552K, used 44521K [0x00000000c0000000, 0x00000000c5580000, 0x00000000eab00000)
  object space 87552K, 50% used [0x00000000c0000000,0x00000000c2b7a750,0x00000000c5580000)
 Metaspace       used 6532K, capacity 7256K, committed 7424K, reserved 1056768K
  class space    used 626K, capacity 656K, committed 768K, reserved 1048576K
}
Event: 8.499 GC heap before
{Heap before GC invocations=6 (full 0):
 PSYoungGen      total 138240K, used 138209K [0x00000000eab00000, 0x00000000f3700000, 0x0000000100000000)
  eden space 133120K, 100% used [0x00000000eab00000,0x00000000f2d00000,0x00000000f2d00000)
  from space 5120K, 99% used [0x00000000f2d00000,0x00000000f31f8510,0x00000000f3200000)
  to   space 5120K, 0% used [0x00000000f3200000,0x00000000f3200000,0x00000000f3700000)
 ParOldGen       total 87552K, used 44521K [0x00000000c0000000, 0x00000000c5580000, 0x00000000eab00000)
  object space 87552K, 50% used [0x00000000c0000000,0x00000000c2b7a750,0x00000000c5580000)
 Metaspace       used 6582K, capacity 7256K, committed 7424K, reserved 1056768K
  class space    used 627K, capacity 656K, committed 768K, reserved 1048576K
Event: 8.539 GC heap after
Heap after GC invocations=6 (full 0):
 PSYoungGen      total 110080K, used 5105K [0x00000000eab00000, 0x00000000ff000000, 0x0000000100000000)
  eden space 104960K, 0% used [0x00000000eab00000,0x00000000eab00000,0x00000000f1180000)
  from space 5120K, 99% used [0x00000000f3200000,0x00000000f36fc748,0x00000000f3700000)
  to   space 33280K, 0% used [0x00000000f1180000,0x00000000f1180000,0x00000000f3200000)
 ParOldGen       total 87552K, used 65850K [0x00000000c0000000, 0x00000000c5580000, 0x00000000eab00000)
  object space 87552K, 75% used [0x00000000c0000000,0x00000000c404e898,0x00000000c5580000)
 Metaspace       used 6582K, capacity 7256K, committed 7424K, reserved 1056768K
  class space    used 627K, capacity 656K, committed 768K, reserved 1048576K
}
Event: 8.539 GC heap before
{Heap before GC invocations=7 (full 1):
 PSYoungGen      total 110080K, used 5105K [0x00000000eab00000, 0x00000000ff000000, 0x0000000100000000)
  eden space 104960K, 0% used [0x00000000eab00000,0x00000000eab00000,0x00000000f1180000)
  from space 5120K, 99% used [0x00000000f3200000,0x00000000f36fc748,0x00000000f3700000)
  to   space 33280K, 0% used [0x00000000f1180000,0x00000000f1180000,0x00000000f3200000)
 ParOldGen       total 87552K, used 65850K [0x00000000c0000000, 0x00000000c5580000, 0x00000000eab00000)
  object space 87552K, 75% used [0x00000000c0000000,0x00000000c404e898,0x00000000c5580000)
 Metaspace       used 6582K, capacity 7256K, committed 7424K, reserved 1056768K
  class space    used 627K, capacity 656K, committed 768K, reserved 1048576K
Event: 10.163 GC heap after
Heap after GC invocations=7 (full 1):
 PSYoungGen      total 110080K, used 0K [0x00000000eab00000, 0x00000000ff000000, 0x0000000100000000)
  eden space 104960K, 0% used [0x00000000eab00000,0x00000000eab00000,0x00000000f1180000)
  from space 5120K, 0% used [0x00000000f3200000,0x00000000f3200000,0x00000000f3700000)
  to   space 33280K, 0% used [0x00000000f1180000,0x00000000f1180000,0x00000000f3200000)
 ParOldGen       total 155136K, used 68943K [0x00000000c0000000, 0x00000000c9780000, 0x00000000eab00000)
  object space 155136K, 44% used [0x00000000c0000000,0x00000000c4353c48,0x00000000c9780000)
 Metaspace       used 6582K, capacity 7256K, committed 7424K, reserved 1056768K
  class space    used 627K, capacity 656K, committed 768K, reserved 1048576K
}

Deoptimization events (10 events):
Event: 8.201 Thread 0x0000000018317000 Uncommon trap: reason=unstable_if action=reinterpret pc=0x00000000031ae6e4 method=java.util.HashMap.putVal(ILjava/lang/Object;Ljava/lang/Object;ZZ)Ljava/lang/Object; @ 94
Event: 10.178 Thread 0x00000000025a7800 Uncommon trap: reason=unstable_if action=reinterpret pc=0x0000000002c69198 method=java.util.HashMap.resize()[Ljava/util/HashMap$Node; @ 206
Event: 10.516 Thread 0x000000001832c800 Uncommon trap: reason=bimorphic action=maybe_recompile pc=0x00000000031e0f54 method=com.android.dx.cf.code.BytecodeArray.parseInstruction(ILcom/android/dx/cf/code/BytecodeArray$Visitor;)I @ 1357
Event: 10.516 Thread 0x000000001832c800 Uncommon trap: reason=bimorphic action=maybe_recompile pc=0x00000000031e0f54 method=com.android.dx.cf.code.BytecodeArray.parseInstruction(ILcom/android/dx/cf/code/BytecodeArray$Visitor;)I @ 1357
Event: 10.868 Thread 0x000000001a093800 Uncommon trap: reason=class_check action=maybe_recompile pc=0x0000000002afd908 method=java.util.Arrays.hashCode([Ljava/lang/Object;)I @ 43
Event: 10.868 Thread 0x000000001a093800 Uncommon trap: reason=class_check action=maybe_recompile pc=0x0000000002afd908 method=java.util.Arrays.hashCode([Ljava/lang/Object;)I @ 43
Event: 10.869 Thread 0x000000001a093800 Uncommon trap: reason=class_check action=maybe_recompile pc=0x0000000002afd908 method=java.util.Arrays.hashCode([Ljava/lang/Object;)I @ 43
Event: 10.869 Thread 0x000000001a093800 Uncommon trap: reason=class_check action=maybe_recompile pc=0x0000000002afd908 method=java.util.Arrays.hashCode([Ljava/lang/Object;)I @ 43
Event: 10.869 Thread 0x000000001a093800 Uncommon trap: reason=class_check action=maybe_recompile pc=0x0000000002ae2174 method=java.util.Arrays.hashCode([Ljava/lang/Object;)I @ 43
Event: 10.938 Thread 0x000000001a093800 Uncommon trap: reason=class_check action=maybe_recompile pc=0x0000000002abc848 method=java.util.HashMap.putVal(ILjava/lang/Object;Ljava/lang/Object;ZZ)Ljava/lang/Object; @ 203

Internal exceptions (7 events):
Event: 0.060 Thread 0x00000000025a7800 Exception <a 'java/lang/NoSuchMethodError': Method sun.misc.Unsafe.defineClass(Ljava/lang/String;[BII)Ljava/lang/Class; name or signature does not match> (0x00000000eab07cc0) thrown at [D:\re\workspace\8-2-build-windows-amd64-cygwin\jdk8u92\6642\hotspot\sr
Event: 0.060 Thread 0x00000000025a7800 Exception <a 'java/lang/NoSuchMethodError': Method sun.misc.Unsafe.prefetchRead(Ljava/lang/Object;J)V name or signature does not match> (0x00000000eab07fa8) thrown at [D:\re\workspace\8-2-build-windows-amd64-cygwin\jdk8u92\6642\hotspot\src\share\vm\prims\j[Æÿ×û?
Event: 1.740 Thread 0x000000001832a000 Implicit null exception at 0x00000000029bbaa2 to 0x00000000029bbba1
Event: 6.332 Thread 0x000000001832c000 Implicit null exception at 0x0000000002bc6478 to 0x0000000002bc66c5
Event: 6.446 Thread 0x00000000025a7800 Exception <a 'java/lang/ArrayIndexOutOfBoundsException': 18> (0x00000000ef48ea10) thrown at [D:\re\workspace\8-2-build-windows-amd64-cygwin\jdk8u92\6642\hotspot\src\share\vm\interpreter\interpreterRuntime.cpp, line 366]
Event: 6.447 Thread 0x00000000025a7800 Exception <a 'java/lang/ArrayIndexOutOfBoundsException'> (0x00000000ef490590) thrown at [D:\re\workspace\8-2-build-windows-amd64-cygwin\jdk8u92\6642\hotspot\src\share\vm\runtime\sharedRuntime.cpp, line 605]
Event: 6.449 Thread 0x00000000025a7800 Exception <a 'java/lang/ArrayIndexOutOfBoundsException'> (0x00000000ef491878) thrown at [D:\re\workspace\8-2-build-windows-amd64-cygwin\jdk8u92\6642\hotspot\src\share\vm\runtime\sharedRuntime.cpp, line 605]

Events (10 events):
Event: 10.869 Thread 0x000000001a093800 Uncommon trap: trap_request=0xffffffde fr.pc=0x0000000002ae2174
Event: 10.869 Thread 0x000000001a093800 DEOPT PACKING pc=0x0000000002ae2174 sp=0x000000001cece7d0
Event: 10.869 Thread 0x000000001a093800 DEOPT UNPACKING pc=0x00000000026e582a sp=0x000000001cece758 mode 2
Event: 10.870 loading class com/android/dx/rop/cst/Zeroes
Event: 10.870 loading class com/android/dx/rop/cst/Zeroes done
Event: 10.938 Thread 0x000000001a093800 Uncommon trap: trap_request=0xffffffde fr.pc=0x0000000002abc848
Event: 10.938 Thread 0x000000001a093800 DEOPT PACKING pc=0x0000000002abc848 sp=0x000000001cecec20
Event: 10.938 Thread 0x000000001a093800 DEOPT UNPACKING pc=0x00000000026e582a sp=0x000000001ceceb40 mode 2
Event: 10.967 loading class com/android/dx/dex/file/CatchStructs
Event: 10.967 loading class com/android/dx/dex/file/CatchStructs done


Dynamic libraries:
0x00007ff6a3180000 - 0x00007ff6a31b7000 	C:\Program Files\Java\jdk1.8.0_92\bin\java.exe
0x00007ffaa06d0000 - 0x00007ffaa08a1000 	C:\WINDOWS\SYSTEM32\ntdll.dll
0x00007ffa9dd50000 - 0x00007ffa9ddfb000 	C:\WINDOWS\System32\KERNEL32.DLL
0x00007ffa9cf00000 - 0x00007ffa9d11d000 	C:\WINDOWS\System32\KERNELBASE.dll
0x000000005cb70000 - 0x000000005cc1e000 	C:\Program Files\Bitdefender\Bitdefender 2016\Active Virus Control\Avc3_00379_052\avcuf64.dll
0x00007ffa9b060000 - 0x00007ffa9b0da000 	C:\WINDOWS\system32\apphelp.dll
0x00007ffa742d0000 - 0x00007ffa74752000 	C:\WINDOWS\AppPatch\AppPatch64\AcLayers.DLL
0x00007ffaa0630000 - 0x00007ffaa06ce000 	C:\WINDOWS\System32\msvcrt.dll
0x00007ffa9e850000 - 0x00007ffa9e9b5000 	C:\WINDOWS\System32\USER32.dll
0x00007ffa9cd50000 - 0x00007ffa9cd6e000 	C:\WINDOWS\System32\win32u.dll
0x00007ffa9dc40000 - 0x00007ffa9dc74000 	C:\WINDOWS\System32\GDI32.dll
0x00007ffa9cd70000 - 0x00007ffa9cef2000 	C:\WINDOWS\System32\gdi32full.dll
0x00007ffa9e590000 - 0x00007ffa9e5e2000 	C:\WINDOWS\System32\SHLWAPI.dll
0x00007ffa9de00000 - 0x00007ffa9e0c8000 	C:\WINDOWS\System32\combase.dll
0x00007ffa9cc50000 - 0x00007ffa9cd45000 	C:\WINDOWS\System32\ucrtbase.dll
0x00007ffa9edc0000 - 0x00007ffa9eee1000 	C:\WINDOWS\System32\RPCRT4.dll
0x00007ffa9da70000 - 0x00007ffa9dada000 	C:\WINDOWS\System32\bcryptPrimitives.dll
0x0000000000670000 - 0x0000000000673000 	C:\WINDOWS\SYSTEM32\sfc.dll
0x00007ffa91930000 - 0x00007ffa919b5000 	C:\WINDOWS\SYSTEM32\WINSPOOL.DRV
0x00007ffa9c6f0000 - 0x00007ffa9c71b000 	C:\WINDOWS\SYSTEM32\bcrypt.dll
0x00007ffa82b30000 - 0x00007ffa82b41000 	C:\WINDOWS\SYSTEM32\sfc_os.DLL
0x00007ffa937f0000 - 0x00007ffa93801000 	C:\WINDOWS\SYSTEM32\SortWindows61.dll
0x00007ffa9ebd0000 - 0x00007ffa9ebfe000 	C:\WINDOWS\System32\IMM32.DLL
0x00007ffa9bcb0000 - 0x00007ffa9bce0000 	C:\WINDOWS\system32\DriverStore\FileRepository\nvlti.inf_amd64_03205ffa8fdea79d\nvinitx.dll
0x00007ffa9ec00000 - 0x00007ffa9eca2000 	C:\WINDOWS\System32\ADVAPI32.dll
0x00007ffa9e0f0000 - 0x00007ffa9e149000 	C:\WINDOWS\System32\sechost.dll
0x00007ffa9bca0000 - 0x00007ffa9bcaa000 	C:\WINDOWS\SYSTEM32\VERSION.dll
0x00007ffa9eef0000 - 0x00007ffaa03f9000 	C:\WINDOWS\System32\Shell32.dll
0x00007ffa9db90000 - 0x00007ffa9dbd2000 	C:\WINDOWS\System32\cfgmgr32.dll
0x00007ffa9d120000 - 0x00007ffa9d7fa000 	C:\WINDOWS\System32\windows.storage.dll
0x00007ffa9cb50000 - 0x00007ffa9cb9c000 	C:\WINDOWS\System32\powrprof.dll
0x00007ffa9cb20000 - 0x00007ffa9cb2f000 	C:\WINDOWS\System32\kernel.appcore.dll
0x00007ffa9dae0000 - 0x00007ffa9db89000 	C:\WINDOWS\System32\shcore.dll
0x00007ffa9cb30000 - 0x00007ffa9cb44000 	C:\WINDOWS\System32\profapi.dll
0x000000005dff0000 - 0x000000005dff6000 	C:\Program Files\NVIDIA Corporation\CoProcManager\_etoured.dll
0x00007ffa98b40000 - 0x00007ffa98b7b000 	C:\Program Files\NVIDIA Corporation\CoProcManager\nvd3d9wrapx.dll
0x00007ffa9e150000 - 0x00007ffa9e579000 	C:\WINDOWS\System32\SETUPAPI.dll
0x00007ffa98a70000 - 0x00007ffa98a94000 	C:\Program Files\NVIDIA Corporation\CoProcManager\nvdxgiwrapx.dll
0x00007ffa92190000 - 0x00007ffa92409000 	C:\WINDOWS\WinSxS\amd64_microsoft.windows.common-controls_6595b64144ccf1df_6.0.14393.447_none_42191651c6827bb3\COMCTL32.dll
0x000000005adf0000 - 0x000000005aec2000 	C:\Program Files\Java\jdk1.8.0_92\jre\bin\msvcr100.dll
0x000000005a550000 - 0x000000005ade6000 	C:\Program Files\Java\jdk1.8.0_92\jre\bin\server\jvm.dll
0x00007ffa9e580000 - 0x00007ffa9e588000 	C:\WINDOWS\System32\PSAPI.DLL
0x00007ffa914e0000 - 0x00007ffa914e9000 	C:\WINDOWS\SYSTEM32\WSOCK32.dll
0x00007ffa9ecb0000 - 0x00007ffa9ed1a000 	C:\WINDOWS\System32\WS2_32.dll
0x00007ffa9a900000 - 0x00007ffa9a923000 	C:\WINDOWS\SYSTEM32\WINMM.dll
0x00007ffa9a760000 - 0x00007ffa9a78b000 	C:\WINDOWS\SYSTEM32\WINMMBASE.dll
0x000000005a540000 - 0x000000005a54f000 	C:\Program Files\Java\jdk1.8.0_92\jre\bin\verify.dll
0x000000005a510000 - 0x000000005a539000 	C:\Program Files\Java\jdk1.8.0_92\jre\bin\java.dll
0x000000005a4f0000 - 0x000000005a506000 	C:\Program Files\Java\jdk1.8.0_92\jre\bin\zip.dll

VM Arguments:
jvm_args: -Djava.awt.headless=true -Xmx1024M -Dfile.encoding=windows-1252 -Duser.country=US -Duser.language=en -Duser.variant 
java_command: com.android.dx.command.Main --dex --force-jumbo --num-threads=4 --multi-dex --output C:\Users\kikkos\AndroidStudioProjects\Udacity\SunshineWear\app\build\intermediates\transforms\dex\debug\folders\1000\10\com.android.support-support-v4-24.0.0_bfe2e8b3ac8c4a15579a87286323680af90d39ad C:\Users\kikkos\AndroidStudioProjects\Udacity\SunshineWear\app\build\intermediates\exploded-aar\com.android.support\support-v4\24.0.0\jars\classes.jar
java_class_path (initial): C:\Users\kikkos\AppData\Local\Android\sdk\build-tools\23.0.3\lib\dx.jar
Launcher Type: SUN_STANDARD

Environment Variables:
JAVA_HOME=C:\Program Files\Java\jdk1.8.0_92
PATH=C:\Program Files (x86)\Intel\iCLS Client\;C:\Program Files\Intel\iCLS Client\;C:\ProgramData\Oracle\Java\javapath;C:\Program Files\ImageMagick-6.8.9-Q16;C:\WINDOWS\system32;C:\WINDOWS;C:\WINDOWS\System32\Wbem;C:\Program Files\Lenovo\Bluetooth Software\;C:\Program Files\Lenovo\Bluetooth Software\syswow64;C:\Program Files\Intel\WiFi\bin\;C:\Program Files\Common Files\Intel\WirelessCommon\;C:\Program Files\Microsoft\Web Platform Installer\;C:\WINDOWS\System32\WindowsPowerShell\v1.0\;C:\Program Files\Microsoft SQL Server\110\Tools\Binn\;C:\Program Files\Sublime Text 2;C:\Program Files (x86)\Heroku\bin;C:\Program Files\Intel\Intel(R) Management Engine Components\DAL;C:\Program Files\Intel\Intel(R) Management Engine Components\IPT;C:\Program Files (x86)\Intel\Intel(R) Management Engine Components\DAL;C:\Program Files (x86)\Intel\Intel(R) Management Engine Components\IPT;C:\Program Files (x86)\NVIDIA Corporation\PhysX\Common;C:\WINDOWS\system32;C:\WINDOWS;C:\WINDOWS\System32\Wbem;C:\WINDOWS\System32\WindowsPowerShell\v1.0\;C:\Program Files (x86)\Skype\Phone\;C:\Ruby23-x64\bin;C:\Program Files (x86)\MySQL\MySQL Fabric 1.5 & MySQL Utilities 1.5\;C:\Program Files (x86)\MySQL\MySQL Fabric 1.5 & MySQL Utilities 1.5\Doctrine extensions for PHP\;C:\Program Files\MySQL\MySQL Server 5.7\bin;C:\RailsInstaller\Ruby2.2.0\bin;C:\Users\kikkos\AppData\Local\GitHub\PortableGit_d76a6a98c9315931ec4927243517bc09e9b731a0\cmd;C:\Users\kikkos\AppData\Local\Android\sdk\platform-tools;C:\cURL\bin;C:\Program Files\Intel\WiFi\bin\;C:\Program Files\Common Files\Intel\WirelessCommon\;C:\sqlite;C:\Users\kikkos\AppData\Local\Microsoft\WindowsApps;C:\Program Files\Java\jdk1.8.0_92\bin;C:\gradle-3.2.1\bin\
USERNAME=kikkos
OS=Windows_NT
PROCESSOR_IDENTIFIER=Intel64 Family 6 Model 42 Stepping 7, GenuineIntel



---------------  S Y S T E M  ---------------

OS: Windows 10.0 , 64 bit Build 14393 (10.0.14393.0)

CPU:total 8 (4 cores per cpu, 2 threads per core) family 6 model 42 stepping 7, cmov, cx8, fxsr, mmx, sse, sse2, sse3, ssse3, sse4.1, sse4.2, popcnt, avx, aes, clmul, ht, tsc, tscinvbit

Memory: 4k page, physical 8300684k(2077364k free), swap 8505484k(4820k free)

vm_info: Java HotSpot(TM) 64-Bit Server VM (25.92-b14) for windows-amd64 JRE (1.8.0_92-b14), built on Mar 31 2016 21:03:04 by "java_re" with MS VC++ 10.0 (VS2010)

time: Sun Jan 01 11:53:33 2017
elapsed time: 11 seconds (0d 0h 0m 11s)

